<?xml version="1.0" encoding="UTF-8"?>
<testsuite xmlns:xsi="http://www.w3.org/2001/XMLSchema-instance" xsi:noNamespaceSchemaLocation="https://maven.apache.org/surefire/maven-surefire-plugin/xsd/surefire-test-report-3.0.xsd" version="3.0" name="TestSuite" time="310.298" tests="15" errors="0" skipped="0" failures="5">
  <properties>
[...]
</properties>
  <testcase name="runScenario[&quot;Product Display&quot;, &quot;Optional[Verify Product Display properly]&quot;](1)" classname="TestRunner.TestRunner" time="149.646">
    <system-out><![CDATA[10:27:35.378 [TestNG-tests-1] DEBUG io.netty.util.internal.logging.InternalLoggerFactory -- Using SLF4J as the default logging framework
10:27:35.382 [TestNG-tests-1] DEBUG io.netty.util.ResourceLeakDetector -- -Dio.netty.leakDetection.level: simple
10:27:35.382 [TestNG-tests-1] DEBUG io.netty.util.ResourceLeakDetector -- -Dio.netty.leakDetection.targetRecords: 4
10:27:35.385 [TestNG-tests-1] DEBUG io.netty.util.ResourceLeakDetectorFactory -- Loaded default ResourceLeakDetector: io.netty.util.ResourceLeakDetector@737b22a7
10:27:35.397 [TestNG-tests-1] DEBUG io.netty.util.internal.PlatformDependent0 -- -Dio.netty.noUnsafe: false
10:27:35.397 [TestNG-tests-1] DEBUG io.netty.util.internal.PlatformDependent0 -- Java version: 11
10:27:35.399 [TestNG-tests-1] DEBUG io.netty.util.internal.PlatformDependent0 -- sun.misc.Unsafe.theUnsafe: available
10:27:35.399 [TestNG-tests-1] DEBUG io.netty.util.internal.PlatformDependent0 -- sun.misc.Unsafe.copyMemory: available
10:27:35.399 [TestNG-tests-1] DEBUG io.netty.util.internal.PlatformDependent0 -- java.nio.Buffer.address: available
10:27:35.400 [TestNG-tests-1] DEBUG io.netty.util.internal.PlatformDependent0 -- direct buffer constructor: unavailable: Reflective setAccessible(true) disabled
10:27:35.400 [TestNG-tests-1] DEBUG io.netty.util.internal.PlatformDependent0 -- java.nio.Bits.unaligned: available, true
10:27:35.401 [TestNG-tests-1] DEBUG io.netty.util.internal.PlatformDependent0 -- jdk.internal.misc.Unsafe.allocateUninitializedArray(int): unavailable: class io.netty.util.internal.PlatformDependent0$6 cannot access class jdk.internal.misc.Unsafe (in module java.base) because module java.base does not export jdk.internal.misc to unnamed module @3dfc5fb8
10:27:35.401 [TestNG-tests-1] DEBUG io.netty.util.internal.PlatformDependent0 -- java.nio.DirectByteBuffer.<init>(long, int): unavailable
10:27:35.401 [TestNG-tests-1] DEBUG io.netty.util.internal.PlatformDependent -- sun.misc.Unsafe: available
10:27:35.403 [TestNG-tests-1] DEBUG io.netty.util.internal.PlatformDependent -- maxDirectMemory: 17146314752 bytes (maybe)
10:27:35.403 [TestNG-tests-1] DEBUG io.netty.util.internal.PlatformDependent -- -Dio.netty.tmpdir: C:\Users\TALLYK~1\AppData\Local\Temp (java.io.tmpdir)
10:27:35.403 [TestNG-tests-1] DEBUG io.netty.util.internal.PlatformDependent -- -Dio.netty.bitMode: 64 (sun.arch.data.model)
10:27:35.403 [TestNG-tests-1] DEBUG io.netty.util.internal.PlatformDependent -- Platform: Windows
10:27:35.404 [TestNG-tests-1] DEBUG io.netty.util.internal.PlatformDependent -- -Dio.netty.maxDirectMemory: -1 bytes
10:27:35.404 [TestNG-tests-1] DEBUG io.netty.util.internal.PlatformDependent -- -Dio.netty.uninitializedArrayAllocationThreshold: -1
10:27:35.404 [TestNG-tests-1] DEBUG io.netty.util.internal.CleanerJava9 -- java.nio.ByteBuffer.cleaner(): available
10:27:35.404 [TestNG-tests-1] DEBUG io.netty.util.internal.PlatformDependent -- -Dio.netty.noPreferDirect: false
10:27:35.409 [TestNG-tests-1] DEBUG io.netty.util.internal.PlatformDependent -- org.jctools-core.MpscChunkedArrayQueue: available
10:27:35.421 [TestNG-tests-1] DEBUG io.netty.util.internal.InternalThreadLocalMap -- -Dio.netty.threadLocalMap.stringBuilder.initialSize: 1024
10:27:35.421 [TestNG-tests-1] DEBUG io.netty.util.internal.InternalThreadLocalMap -- -Dio.netty.threadLocalMap.stringBuilder.maxSize: 4096
10:27:35.503 [TestNG-tests-1] DEBUG io.netty.handler.ssl.JdkSslContext -- Default protocols (JDK): [TLSv1.3, TLSv1.2] 
10:27:35.503 [TestNG-tests-1] DEBUG io.netty.handler.ssl.JdkSslContext -- Default cipher suites (JDK): [TLS_ECDHE_ECDSA_WITH_AES_256_GCM_SHA384, TLS_ECDHE_ECDSA_WITH_AES_128_GCM_SHA256, TLS_ECDHE_RSA_WITH_AES_128_GCM_SHA256, TLS_ECDHE_RSA_WITH_AES_256_GCM_SHA384, TLS_ECDHE_RSA_WITH_AES_128_CBC_SHA, TLS_ECDHE_RSA_WITH_AES_256_CBC_SHA, TLS_RSA_WITH_AES_128_GCM_SHA256, TLS_RSA_WITH_AES_128_CBC_SHA, TLS_RSA_WITH_AES_256_CBC_SHA, TLS_AES_128_GCM_SHA256, TLS_AES_256_GCM_SHA384]
10:27:35.524 [TestNG-tests-1] DEBUG io.netty.channel.MultithreadEventLoopGroup -- -Dio.netty.eventLoopThreads: 32
10:27:35.529 [TestNG-tests-1] DEBUG io.netty.channel.nio.NioEventLoop -- -Dio.netty.noKeySetOptimization: false
10:27:35.529 [TestNG-tests-1] DEBUG io.netty.channel.nio.NioEventLoop -- -Dio.netty.selectorAutoRebuildThreshold: 512
10:27:35.562 [TestNG-tests-1] DEBUG io.netty.buffer.PooledByteBufAllocator -- -Dio.netty.allocator.numHeapArenas: 32
10:27:35.562 [TestNG-tests-1] DEBUG io.netty.buffer.PooledByteBufAllocator -- -Dio.netty.allocator.numDirectArenas: 32
10:27:35.562 [TestNG-tests-1] DEBUG io.netty.buffer.PooledByteBufAllocator -- -Dio.netty.allocator.pageSize: 8192
10:27:35.562 [TestNG-tests-1] DEBUG io.netty.buffer.PooledByteBufAllocator -- -Dio.netty.allocator.maxOrder: 9
10:27:35.562 [TestNG-tests-1] DEBUG io.netty.buffer.PooledByteBufAllocator -- -Dio.netty.allocator.chunkSize: 4194304
10:27:35.563 [TestNG-tests-1] DEBUG io.netty.buffer.PooledByteBufAllocator -- -Dio.netty.allocator.smallCacheSize: 256
10:27:35.563 [TestNG-tests-1] DEBUG io.netty.buffer.PooledByteBufAllocator -- -Dio.netty.allocator.normalCacheSize: 64
10:27:35.563 [TestNG-tests-1] DEBUG io.netty.buffer.PooledByteBufAllocator -- -Dio.netty.allocator.maxCachedBufferCapacity: 32768
10:27:35.563 [TestNG-tests-1] DEBUG io.netty.buffer.PooledByteBufAllocator -- -Dio.netty.allocator.cacheTrimInterval: 8192
10:27:35.563 [TestNG-tests-1] DEBUG io.netty.buffer.PooledByteBufAllocator -- -Dio.netty.allocator.cacheTrimIntervalMillis: 0
10:27:35.563 [TestNG-tests-1] DEBUG io.netty.buffer.PooledByteBufAllocator -- -Dio.netty.allocator.useCacheForAllThreads: false
10:27:35.563 [TestNG-tests-1] DEBUG io.netty.buffer.PooledByteBufAllocator -- -Dio.netty.allocator.maxCachedByteBuffersPerChunk: 1023
10:27:35.570 [TestNG-tests-1] DEBUG io.netty.buffer.ByteBufUtil -- -Dio.netty.allocator.type: pooled
10:27:35.570 [TestNG-tests-1] DEBUG io.netty.buffer.ByteBufUtil -- -Dio.netty.threadLocalDirectBufferSize: 0
10:27:35.570 [TestNG-tests-1] DEBUG io.netty.buffer.ByteBufUtil -- -Dio.netty.maxThreadLocalCharBufferSize: 16384
10:27:35.734 [Forwarding newSession on session null to remote] DEBUG io.netty.channel.DefaultChannelId -- -Dio.netty.processId: 6992 (auto-detected)
10:27:35.735 [Forwarding newSession on session null to remote] DEBUG io.netty.util.NetUtil -- -Djava.net.preferIPv4Stack: false
10:27:35.735 [Forwarding newSession on session null to remote] DEBUG io.netty.util.NetUtil -- -Djava.net.preferIPv6Addresses: false
10:27:35.803 [Forwarding newSession on session null to remote] DEBUG io.netty.util.NetUtilInitializations -- Loopback interface: lo (Software Loopback Interface 1, 127.0.0.1)
10:27:35.804 [Forwarding newSession on session null to remote] DEBUG io.netty.util.NetUtil -- Failed to get SOMAXCONN from sysctl and file \proc\sys\net\core\somaxconn. Default: 200
10:27:35.877 [Forwarding newSession on session null to remote] DEBUG io.netty.channel.DefaultChannelId -- -Dio.netty.machineId: d8:5e:d3:ff:fe:2a:e4:93 (auto-detected)
10:27:35.911 [AsyncHttpClient-1-2] DEBUG io.netty.buffer.AbstractByteBuf -- -Dio.netty.buffer.checkAccessible: true
10:27:35.911 [AsyncHttpClient-1-2] DEBUG io.netty.buffer.AbstractByteBuf -- -Dio.netty.buffer.checkBounds: true
10:27:35.911 [AsyncHttpClient-1-2] DEBUG io.netty.util.ResourceLeakDetectorFactory -- Loaded default ResourceLeakDetector: io.netty.util.ResourceLeakDetector@3828886a
10:27:35.919 [AsyncHttpClient-1-2] DEBUG org.asynchttpclient.netty.channel.NettyConnectListener -- Using new Channel '[id: 0x981c4e6c, L:/127.0.0.1:6581 - R:localhost/127.0.0.1:4444]' for 'POST' to '/wd/hub/session'
10:27:35.930 [AsyncHttpClient-1-2] DEBUG io.netty.util.Recycler -- -Dio.netty.recycler.maxCapacityPerThread: 4096
10:27:35.931 [AsyncHttpClient-1-2] DEBUG io.netty.util.Recycler -- -Dio.netty.recycler.ratio: 8
10:27:35.931 [AsyncHttpClient-1-2] DEBUG io.netty.util.Recycler -- -Dio.netty.recycler.chunkSize: 32
10:27:35.931 [AsyncHttpClient-1-2] DEBUG io.netty.util.Recycler -- -Dio.netty.recycler.blocking: false
10:27:36.697 [AsyncHttpClient-1-2] DEBUG io.netty.handler.codec.compression.Brotli -- brotli4j not in the classpath; Brotli support will be unavailable.
10:27:36.698 [AsyncHttpClient-1-2] DEBUG org.asynchttpclient.netty.handler.HttpHandler -- 

Request DefaultHttpRequest(decodeResult: success, version: HTTP/1.1)
POST /wd/hub/session HTTP/1.1
User-Agent: selenium/4.1.3 (java windows)
traceparent: 00-3f45aea414edd142d9372f03fb89e336-6e3563f3871528e5-01
Content-Length: 341
Content-Type: application/json; charset=utf-8
host: localhost:4444
accept: */*

Response DefaultHttpResponse(decodeResult: success, version: HTTP/1.1)
HTTP/1.1 200 OK
Cache-Control: no-cache
Content-Type: application/json; charset=utf-8
content-length: 1348

10:27:36.703 [AsyncHttpClient-1-2] DEBUG org.asynchttpclient.netty.channel.ChannelManager -- Adding key: http://localhost:4444 for channel [id: 0x981c4e6c, L:/127.0.0.1:6581 - R:localhost/127.0.0.1:4444]
10:27:36.757 [Forwarding setTimeout on session 4023dcc3bc83a500e0f9ab4bc534ea6a to remote] DEBUG org.asynchttpclient.netty.request.NettyRequestSender -- Using pooled Channel '[id: 0x981c4e6c, L:/127.0.0.1:6581 - R:localhost/127.0.0.1:4444]' for 'POST' to 'http://localhost:4444/wd/hub/session/4023dcc3bc83a500e0f9ab4bc534ea6a/timeouts'
10:27:36.758 [Forwarding setTimeout on session 4023dcc3bc83a500e0f9ab4bc534ea6a to remote] DEBUG org.asynchttpclient.netty.request.NettyRequestSender -- Using open Channel [id: 0x981c4e6c, L:/127.0.0.1:6581 - R:localhost/127.0.0.1:4444] for POST '/wd/hub/session/4023dcc3bc83a500e0f9ab4bc534ea6a/timeouts'
10:27:36.767 [AsyncHttpClient-1-2] DEBUG org.asynchttpclient.netty.handler.HttpHandler -- 

Request DefaultHttpRequest(decodeResult: success, version: HTTP/1.1)
POST /wd/hub/session/4023dcc3bc83a500e0f9ab4bc534ea6a/timeouts HTTP/1.1
User-Agent: selenium/4.1.3 (java windows)
traceparent: 00-d6d5ba4aee60540ec6b879877209af5e-54bce181329b6405-01
Content-Length: 22
Content-Type: application/json; charset=utf-8
host: localhost:4444
accept: */*

Response DefaultHttpResponse(decodeResult: success, version: HTTP/1.1)
HTTP/1.1 200 OK
content-type: application/json; charset=utf-8
cache-control: no-cache
content-length: 14

10:27:36.767 [AsyncHttpClient-1-2] DEBUG org.asynchttpclient.netty.channel.ChannelManager -- Adding key: http://localhost:4444 for channel [id: 0x981c4e6c, L:/127.0.0.1:6581 - R:localhost/127.0.0.1:4444]
10:27:36.769 [Forwarding maximizeCurrentWindow on session 4023dcc3bc83a500e0f9ab4bc534ea6a to remote] DEBUG org.asynchttpclient.netty.request.NettyRequestSender -- Using pooled Channel '[id: 0x981c4e6c, L:/127.0.0.1:6581 - R:localhost/127.0.0.1:4444]' for 'POST' to 'http://localhost:4444/wd/hub/session/4023dcc3bc83a500e0f9ab4bc534ea6a/window/maximize'
10:27:36.769 [Forwarding maximizeCurrentWindow on session 4023dcc3bc83a500e0f9ab4bc534ea6a to remote] DEBUG org.asynchttpclient.netty.request.NettyRequestSender -- Using open Channel [id: 0x981c4e6c, L:/127.0.0.1:6581 - R:localhost/127.0.0.1:4444] for POST '/wd/hub/session/4023dcc3bc83a500e0f9ab4bc534ea6a/window/maximize'
10:27:36.808 [AsyncHttpClient-1-2] DEBUG org.asynchttpclient.netty.handler.HttpHandler -- 

Request DefaultHttpRequest(decodeResult: success, version: HTTP/1.1)
POST /wd/hub/session/4023dcc3bc83a500e0f9ab4bc534ea6a/window/maximize HTTP/1.1
User-Agent: selenium/4.1.3 (java windows)
traceparent: 00-ae62910aa37a3d86b84f8e563f0be65b-db19be94cd659ad8-01
Content-Length: 3
Content-Type: application/json; charset=utf-8
host: localhost:4444
accept: */*

Response DefaultHttpResponse(decodeResult: success, version: HTTP/1.1)
HTTP/1.1 200 OK
content-type: application/json; charset=utf-8
cache-control: no-cache
content-length: 52

10:27:36.808 [AsyncHttpClient-1-2] DEBUG org.asynchttpclient.netty.channel.ChannelManager -- Adding key: http://localhost:4444 for channel [id: 0x981c4e6c, L:/127.0.0.1:6581 - R:localhost/127.0.0.1:4444]
10:27:36.810 [Forwarding get on session 4023dcc3bc83a500e0f9ab4bc534ea6a to remote] DEBUG org.asynchttpclient.netty.request.NettyRequestSender -- Using pooled Channel '[id: 0x981c4e6c, L:/127.0.0.1:6581 - R:localhost/127.0.0.1:4444]' for 'POST' to 'http://localhost:4444/wd/hub/session/4023dcc3bc83a500e0f9ab4bc534ea6a/url'
10:27:36.810 [Forwarding get on session 4023dcc3bc83a500e0f9ab4bc534ea6a to remote] DEBUG org.asynchttpclient.netty.request.NettyRequestSender -- Using open Channel [id: 0x981c4e6c, L:/127.0.0.1:6581 - R:localhost/127.0.0.1:4444] for POST '/wd/hub/session/4023dcc3bc83a500e0f9ab4bc534ea6a/url'
10:27:58.764 [AsyncHttpClient-1-2] DEBUG org.asynchttpclient.netty.handler.HttpHandler -- 

Request DefaultHttpRequest(decodeResult: success, version: HTTP/1.1)
POST /wd/hub/session/4023dcc3bc83a500e0f9ab4bc534ea6a/url HTTP/1.1
User-Agent: selenium/4.1.3 (java windows)
traceparent: 00-2f3d05ea89bf6e4056269f1a43dda806-87bac8680daf124e-01
Content-Length: 57
Content-Type: application/json; charset=utf-8
host: localhost:4444
accept: */*

Response DefaultHttpResponse(decodeResult: success, version: HTTP/1.1)
HTTP/1.1 200 OK
content-type: application/json; charset=utf-8
cache-control: no-cache
content-length: 14

10:27:58.765 [AsyncHttpClient-1-2] DEBUG org.asynchttpclient.netty.channel.ChannelManager -- Adding key: http://localhost:4444 for channel [id: 0x981c4e6c, L:/127.0.0.1:6581 - R:localhost/127.0.0.1:4444]
10:27:58.768 [Forwarding getCurrentUrl on session 4023dcc3bc83a500e0f9ab4bc534ea6a to remote] DEBUG org.asynchttpclient.netty.request.NettyRequestSender -- Using pooled Channel '[id: 0x981c4e6c, L:/127.0.0.1:6581 - R:localhost/127.0.0.1:4444]' for 'GET' to 'http://localhost:4444/wd/hub/session/4023dcc3bc83a500e0f9ab4bc534ea6a/url'
10:27:58.768 [Forwarding getCurrentUrl on session 4023dcc3bc83a500e0f9ab4bc534ea6a to remote] DEBUG org.asynchttpclient.netty.request.NettyRequestSender -- Using open Channel [id: 0x981c4e6c, L:/127.0.0.1:6581 - R:localhost/127.0.0.1:4444] for GET '/wd/hub/session/4023dcc3bc83a500e0f9ab4bc534ea6a/url'
10:27:58.777 [AsyncHttpClient-1-2] DEBUG org.asynchttpclient.netty.handler.HttpHandler -- 

Request DefaultFullHttpRequest(decodeResult: success, version: HTTP/1.1, content: EmptyByteBufBE)
GET /wd/hub/session/4023dcc3bc83a500e0f9ab4bc534ea6a/url HTTP/1.1
User-Agent: selenium/4.1.3 (java windows)
Cache-Control: no-cache
traceparent: 00-0aa52762a929da10f79bbbb040868335-739a472b57f00e1f-01
Content-Type: application/json; charset=utf-8
host: localhost:4444
accept: */*

Response DefaultHttpResponse(decodeResult: success, version: HTTP/1.1)
HTTP/1.1 200 OK
content-type: application/json; charset=utf-8
cache-control: no-cache
content-length: 34

10:27:58.777 [AsyncHttpClient-1-2] DEBUG org.asynchttpclient.netty.channel.ChannelManager -- Adding key: http://localhost:4444 for channel [id: 0x981c4e6c, L:/127.0.0.1:6581 - R:localhost/127.0.0.1:4444]
10:27:58.779 [Forwarding findElement on session 4023dcc3bc83a500e0f9ab4bc534ea6a to remote] DEBUG org.asynchttpclient.netty.request.NettyRequestSender -- Using pooled Channel '[id: 0x981c4e6c, L:/127.0.0.1:6581 - R:localhost/127.0.0.1:4444]' for 'POST' to 'http://localhost:4444/wd/hub/session/4023dcc3bc83a500e0f9ab4bc534ea6a/element'
10:27:58.779 [Forwarding findElement on session 4023dcc3bc83a500e0f9ab4bc534ea6a to remote] DEBUG org.asynchttpclient.netty.request.NettyRequestSender -- Using open Channel [id: 0x981c4e6c, L:/127.0.0.1:6581 - R:localhost/127.0.0.1:4444] for POST '/wd/hub/session/4023dcc3bc83a500e0f9ab4bc534ea6a/element'
10:27:58.792 [AsyncHttpClient-1-2] DEBUG org.asynchttpclient.netty.handler.HttpHandler -- 

Request DefaultHttpRequest(decodeResult: success, version: HTTP/1.1)
POST /wd/hub/session/4023dcc3bc83a500e0f9ab4bc534ea6a/element HTTP/1.1
User-Agent: selenium/4.1.3 (java windows)
traceparent: 00-59945cc3050371bab26231ed3000c42f-c3216b32495775a0-01
Content-Length: 79
Content-Type: application/json; charset=utf-8
host: localhost:4444
accept: */*

Response DefaultHttpResponse(decodeResult: success, version: HTTP/1.1)
HTTP/1.1 200 OK
content-type: application/json; charset=utf-8
cache-control: no-cache
content-length: 126

10:27:58.792 [AsyncHttpClient-1-2] DEBUG org.asynchttpclient.netty.channel.ChannelManager -- Adding key: http://localhost:4444 for channel [id: 0x981c4e6c, L:/127.0.0.1:6581 - R:localhost/127.0.0.1:4444]
10:27:58.800 [Forwarding isElementDisplayed on session 4023dcc3bc83a500e0f9ab4bc534ea6a to remote] DEBUG org.asynchttpclient.netty.request.NettyRequestSender -- Using pooled Channel '[id: 0x981c4e6c, L:/127.0.0.1:6581 - R:localhost/127.0.0.1:4444]' for 'POST' to 'http://localhost:4444/wd/hub/session/4023dcc3bc83a500e0f9ab4bc534ea6a/execute/sync'
10:27:58.800 [Forwarding isElementDisplayed on session 4023dcc3bc83a500e0f9ab4bc534ea6a to remote] DEBUG org.asynchttpclient.netty.request.NettyRequestSender -- Using open Channel [id: 0x981c4e6c, L:/127.0.0.1:6581 - R:localhost/127.0.0.1:4444] for POST '/wd/hub/session/4023dcc3bc83a500e0f9ab4bc534ea6a/execute/sync'
10:27:58.818 [AsyncHttpClient-1-2] DEBUG org.asynchttpclient.netty.handler.HttpHandler -- 

Request DefaultHttpRequest(decodeResult: success, version: HTTP/1.1)
POST /wd/hub/session/4023dcc3bc83a500e0f9ab4bc534ea6a/execute/sync HTTP/1.1
User-Agent: selenium/4.1.3 (java windows)
traceparent: 00-fd60ae24d37ace608deccfd6c515aeac-6c8078dbc4ef963c-01
Content-Length: 48818
Content-Type: application/json; charset=utf-8
host: localhost:4444
accept: */*

Response DefaultHttpResponse(decodeResult: success, version: HTTP/1.1)
HTTP/1.1 200 OK
content-type: application/json; charset=utf-8
cache-control: no-cache
content-length: 14

10:27:58.818 [AsyncHttpClient-1-2] DEBUG org.asynchttpclient.netty.channel.ChannelManager -- Adding key: http://localhost:4444 for channel [id: 0x981c4e6c, L:/127.0.0.1:6581 - R:localhost/127.0.0.1:4444]
10:27:59.613 [AsyncHttpClient-1-1] DEBUG org.asynchttpclient.netty.channel.DefaultChannelPool -- Entry count for : http://localhost:4444 : 1
10:27:59.838 [Forwarding findElement on session 4023dcc3bc83a500e0f9ab4bc534ea6a to remote] DEBUG org.asynchttpclient.netty.request.NettyRequestSender -- Using pooled Channel '[id: 0x981c4e6c, L:/127.0.0.1:6581 - R:localhost/127.0.0.1:4444]' for 'POST' to 'http://localhost:4444/wd/hub/session/4023dcc3bc83a500e0f9ab4bc534ea6a/element'
10:27:59.838 [Forwarding findElement on session 4023dcc3bc83a500e0f9ab4bc534ea6a to remote] DEBUG org.asynchttpclient.netty.request.NettyRequestSender -- Using open Channel [id: 0x981c4e6c, L:/127.0.0.1:6581 - R:localhost/127.0.0.1:4444] for POST '/wd/hub/session/4023dcc3bc83a500e0f9ab4bc534ea6a/element'
10:27:59.852 [AsyncHttpClient-1-2] DEBUG org.asynchttpclient.netty.handler.HttpHandler -- 

Request DefaultHttpRequest(decodeResult: success, version: HTTP/1.1)
POST /wd/hub/session/4023dcc3bc83a500e0f9ab4bc534ea6a/element HTTP/1.1
User-Agent: selenium/4.1.3 (java windows)
traceparent: 00-2a658d4d4e32cccdbb9c1a530d13433c-23c9cf3d2f5db99d-01
Content-Length: 79
Content-Type: application/json; charset=utf-8
host: localhost:4444
accept: */*

Response DefaultHttpResponse(decodeResult: success, version: HTTP/1.1)
HTTP/1.1 200 OK
content-type: application/json; charset=utf-8
cache-control: no-cache
content-length: 126

10:27:59.853 [AsyncHttpClient-1-2] DEBUG org.asynchttpclient.netty.channel.ChannelManager -- Adding key: http://localhost:4444 for channel [id: 0x981c4e6c, L:/127.0.0.1:6581 - R:localhost/127.0.0.1:4444]
10:27:59.855 [Forwarding clickElement on session 4023dcc3bc83a500e0f9ab4bc534ea6a to remote] DEBUG org.asynchttpclient.netty.request.NettyRequestSender -- Using pooled Channel '[id: 0x981c4e6c, L:/127.0.0.1:6581 - R:localhost/127.0.0.1:4444]' for 'POST' to 'http://localhost:4444/wd/hub/session/4023dcc3bc83a500e0f9ab4bc534ea6a/element/f.62BF1F8E714C36694CBBDD8FD36F7626.d.C700E3B05D906862BD3FC419BB471943.e.53/click'
10:27:59.855 [Forwarding clickElement on session 4023dcc3bc83a500e0f9ab4bc534ea6a to remote] DEBUG org.asynchttpclient.netty.request.NettyRequestSender -- Using open Channel [id: 0x981c4e6c, L:/127.0.0.1:6581 - R:localhost/127.0.0.1:4444] for POST '/wd/hub/session/4023dcc3bc83a500e0f9ab4bc534ea6a/element/f.62BF1F8E714C36694CBBDD8FD36F7626.d.C700E3B05D906862BD3FC419BB471943.e.53/click'
10:29:53.565 [AsyncHttpClient-1-2] DEBUG org.asynchttpclient.netty.handler.HttpHandler -- 

Request DefaultHttpRequest(decodeResult: success, version: HTTP/1.1)
POST /wd/hub/session/4023dcc3bc83a500e0f9ab4bc534ea6a/element/f.62BF1F8E714C36694CBBDD8FD36F7626.d.C700E3B05D906862BD3FC419BB471943.e.53/click HTTP/1.1
User-Agent: selenium/4.1.3 (java windows)
traceparent: 00-a0463cf9183f617dbf54d61af39749a8-bd6f34717da1ba35-01
Content-Length: 88
Content-Type: application/json; charset=utf-8
host: localhost:4444
accept: */*

Response DefaultHttpResponse(decodeResult: success, version: HTTP/1.1)
HTTP/1.1 200 OK
content-type: application/json; charset=utf-8
cache-control: no-cache
content-length: 14

10:29:53.565 [AsyncHttpClient-1-2] DEBUG org.asynchttpclient.netty.channel.ChannelManager -- Adding key: http://localhost:4444 for channel [id: 0x981c4e6c, L:/127.0.0.1:6581 - R:localhost/127.0.0.1:4444]
10:29:54.013 [AsyncHttpClient-1-1] DEBUG org.asynchttpclient.netty.channel.DefaultChannelPool -- Entry count for : http://localhost:4444 : 1
10:29:54.578 [Forwarding findElement on session 4023dcc3bc83a500e0f9ab4bc534ea6a to remote] DEBUG org.asynchttpclient.netty.request.NettyRequestSender -- Using pooled Channel '[id: 0x981c4e6c, L:/127.0.0.1:6581 - R:localhost/127.0.0.1:4444]' for 'POST' to 'http://localhost:4444/wd/hub/session/4023dcc3bc83a500e0f9ab4bc534ea6a/element'
10:29:54.578 [Forwarding findElement on session 4023dcc3bc83a500e0f9ab4bc534ea6a to remote] DEBUG org.asynchttpclient.netty.request.NettyRequestSender -- Using open Channel [id: 0x981c4e6c, L:/127.0.0.1:6581 - R:localhost/127.0.0.1:4444] for POST '/wd/hub/session/4023dcc3bc83a500e0f9ab4bc534ea6a/element'
10:29:54.590 [AsyncHttpClient-1-2] DEBUG org.asynchttpclient.netty.handler.HttpHandler -- 

Request DefaultHttpRequest(decodeResult: success, version: HTTP/1.1)
POST /wd/hub/session/4023dcc3bc83a500e0f9ab4bc534ea6a/element HTTP/1.1
User-Agent: selenium/4.1.3 (java windows)
traceparent: 00-1c245053178499b4009d1f383dad21cf-7f3b72bed2a1d051-01
Content-Length: 92
Content-Type: application/json; charset=utf-8
host: localhost:4444
accept: */*

Response DefaultHttpResponse(decodeResult: success, version: HTTP/1.1)
HTTP/1.1 200 OK
content-type: application/json; charset=utf-8
cache-control: no-cache
content-length: 127

10:29:54.591 [AsyncHttpClient-1-2] DEBUG org.asynchttpclient.netty.channel.ChannelManager -- Adding key: http://localhost:4444 for channel [id: 0x981c4e6c, L:/127.0.0.1:6581 - R:localhost/127.0.0.1:4444]
10:29:54.593 [Forwarding isElementDisplayed on session 4023dcc3bc83a500e0f9ab4bc534ea6a to remote] DEBUG org.asynchttpclient.netty.request.NettyRequestSender -- Using pooled Channel '[id: 0x981c4e6c, L:/127.0.0.1:6581 - R:localhost/127.0.0.1:4444]' for 'POST' to 'http://localhost:4444/wd/hub/session/4023dcc3bc83a500e0f9ab4bc534ea6a/execute/sync'
10:29:54.593 [Forwarding isElementDisplayed on session 4023dcc3bc83a500e0f9ab4bc534ea6a to remote] DEBUG org.asynchttpclient.netty.request.NettyRequestSender -- Using open Channel [id: 0x981c4e6c, L:/127.0.0.1:6581 - R:localhost/127.0.0.1:4444] for POST '/wd/hub/session/4023dcc3bc83a500e0f9ab4bc534ea6a/execute/sync'
10:29:54.613 [AsyncHttpClient-1-2] DEBUG org.asynchttpclient.netty.handler.HttpHandler -- 

Request DefaultHttpRequest(decodeResult: success, version: HTTP/1.1)
POST /wd/hub/session/4023dcc3bc83a500e0f9ab4bc534ea6a/execute/sync HTTP/1.1
User-Agent: selenium/4.1.3 (java windows)
traceparent: 00-15f7e25b5038576a8da0f4598d5828b9-f03e36ac72f16784-01
Content-Length: 48819
Content-Type: application/json; charset=utf-8
host: localhost:4444
accept: */*

Response DefaultHttpResponse(decodeResult: success, version: HTTP/1.1)
HTTP/1.1 200 OK
content-type: application/json; charset=utf-8
cache-control: no-cache
content-length: 14

10:29:54.614 [AsyncHttpClient-1-2] DEBUG org.asynchttpclient.netty.channel.ChannelManager -- Adding key: http://localhost:4444 for channel [id: 0x981c4e6c, L:/127.0.0.1:6581 - R:localhost/127.0.0.1:4444]
10:29:55.124 [AsyncHttpClient-1-1] DEBUG org.asynchttpclient.netty.channel.DefaultChannelPool -- Entry count for : http://localhost:4444 : 1
10:29:55.624 [Forwarding findElement on session 4023dcc3bc83a500e0f9ab4bc534ea6a to remote] DEBUG org.asynchttpclient.netty.request.NettyRequestSender -- Using pooled Channel '[id: 0x981c4e6c, L:/127.0.0.1:6581 - R:localhost/127.0.0.1:4444]' for 'POST' to 'http://localhost:4444/wd/hub/session/4023dcc3bc83a500e0f9ab4bc534ea6a/element'
10:29:55.624 [Forwarding findElement on session 4023dcc3bc83a500e0f9ab4bc534ea6a to remote] DEBUG org.asynchttpclient.netty.request.NettyRequestSender -- Using open Channel [id: 0x981c4e6c, L:/127.0.0.1:6581 - R:localhost/127.0.0.1:4444] for POST '/wd/hub/session/4023dcc3bc83a500e0f9ab4bc534ea6a/element'
10:29:55.638 [AsyncHttpClient-1-2] DEBUG org.asynchttpclient.netty.handler.HttpHandler -- 

Request DefaultHttpRequest(decodeResult: success, version: HTTP/1.1)
POST /wd/hub/session/4023dcc3bc83a500e0f9ab4bc534ea6a/element HTTP/1.1
User-Agent: selenium/4.1.3 (java windows)
traceparent: 00-950d0173c6707739d3b1a10180b6c785-5a0a20798d5585d1-01
Content-Length: 92
Content-Type: application/json; charset=utf-8
host: localhost:4444
accept: */*

Response DefaultHttpResponse(decodeResult: success, version: HTTP/1.1)
HTTP/1.1 200 OK
content-type: application/json; charset=utf-8
cache-control: no-cache
content-length: 127

10:29:55.638 [AsyncHttpClient-1-2] DEBUG org.asynchttpclient.netty.channel.ChannelManager -- Adding key: http://localhost:4444 for channel [id: 0x981c4e6c, L:/127.0.0.1:6581 - R:localhost/127.0.0.1:4444]
10:29:55.641 [Forwarding isElementDisplayed on session 4023dcc3bc83a500e0f9ab4bc534ea6a to remote] DEBUG org.asynchttpclient.netty.request.NettyRequestSender -- Using pooled Channel '[id: 0x981c4e6c, L:/127.0.0.1:6581 - R:localhost/127.0.0.1:4444]' for 'POST' to 'http://localhost:4444/wd/hub/session/4023dcc3bc83a500e0f9ab4bc534ea6a/execute/sync'
10:29:55.641 [Forwarding isElementDisplayed on session 4023dcc3bc83a500e0f9ab4bc534ea6a to remote] DEBUG org.asynchttpclient.netty.request.NettyRequestSender -- Using open Channel [id: 0x981c4e6c, L:/127.0.0.1:6581 - R:localhost/127.0.0.1:4444] for POST '/wd/hub/session/4023dcc3bc83a500e0f9ab4bc534ea6a/execute/sync'
10:29:55.655 [AsyncHttpClient-1-2] DEBUG org.asynchttpclient.netty.handler.HttpHandler -- 

Request DefaultHttpRequest(decodeResult: success, version: HTTP/1.1)
POST /wd/hub/session/4023dcc3bc83a500e0f9ab4bc534ea6a/execute/sync HTTP/1.1
User-Agent: selenium/4.1.3 (java windows)
traceparent: 00-e3d7cb08ebeed532f06a2d7291a529e9-762ef3001cb3c30a-01
Content-Length: 48819
Content-Type: application/json; charset=utf-8
host: localhost:4444
accept: */*

Response DefaultHttpResponse(decodeResult: success, version: HTTP/1.1)
HTTP/1.1 200 OK
content-type: application/json; charset=utf-8
cache-control: no-cache
content-length: 14

10:29:55.655 [AsyncHttpClient-1-2] DEBUG org.asynchttpclient.netty.channel.ChannelManager -- Adding key: http://localhost:4444 for channel [id: 0x981c4e6c, L:/127.0.0.1:6581 - R:localhost/127.0.0.1:4444]
10:29:55.657 [Forwarding findElement on session 4023dcc3bc83a500e0f9ab4bc534ea6a to remote] DEBUG org.asynchttpclient.netty.request.NettyRequestSender -- Using pooled Channel '[id: 0x981c4e6c, L:/127.0.0.1:6581 - R:localhost/127.0.0.1:4444]' for 'POST' to 'http://localhost:4444/wd/hub/session/4023dcc3bc83a500e0f9ab4bc534ea6a/element'
10:29:55.657 [Forwarding findElement on session 4023dcc3bc83a500e0f9ab4bc534ea6a to remote] DEBUG org.asynchttpclient.netty.request.NettyRequestSender -- Using open Channel [id: 0x981c4e6c, L:/127.0.0.1:6581 - R:localhost/127.0.0.1:4444] for POST '/wd/hub/session/4023dcc3bc83a500e0f9ab4bc534ea6a/element'
10:29:55.666 [AsyncHttpClient-1-2] DEBUG org.asynchttpclient.netty.handler.HttpHandler -- 

Request DefaultHttpRequest(decodeResult: success, version: HTTP/1.1)
POST /wd/hub/session/4023dcc3bc83a500e0f9ab4bc534ea6a/element HTTP/1.1
User-Agent: selenium/4.1.3 (java windows)
traceparent: 00-9d4dda6328370b161a6d5c3a4f1b89b2-2348ebac932129f6-01
Content-Length: 92
Content-Type: application/json; charset=utf-8
host: localhost:4444
accept: */*

Response DefaultHttpResponse(decodeResult: success, version: HTTP/1.1)
HTTP/1.1 200 OK
content-type: application/json; charset=utf-8
cache-control: no-cache
content-length: 127

10:29:55.666 [AsyncHttpClient-1-2] DEBUG org.asynchttpclient.netty.channel.ChannelManager -- Adding key: http://localhost:4444 for channel [id: 0x981c4e6c, L:/127.0.0.1:6581 - R:localhost/127.0.0.1:4444]
10:29:55.667 [Forwarding clickElement on session 4023dcc3bc83a500e0f9ab4bc534ea6a to remote] DEBUG org.asynchttpclient.netty.request.NettyRequestSender -- Using pooled Channel '[id: 0x981c4e6c, L:/127.0.0.1:6581 - R:localhost/127.0.0.1:4444]' for 'POST' to 'http://localhost:4444/wd/hub/session/4023dcc3bc83a500e0f9ab4bc534ea6a/element/f.62BF1F8E714C36694CBBDD8FD36F7626.d.B8F0253C104F394F6071342F35CB4D5F.e.243/click'
10:29:55.667 [Forwarding clickElement on session 4023dcc3bc83a500e0f9ab4bc534ea6a to remote] DEBUG org.asynchttpclient.netty.request.NettyRequestSender -- Using open Channel [id: 0x981c4e6c, L:/127.0.0.1:6581 - R:localhost/127.0.0.1:4444] for POST '/wd/hub/session/4023dcc3bc83a500e0f9ab4bc534ea6a/element/f.62BF1F8E714C36694CBBDD8FD36F7626.d.B8F0253C104F394F6071342F35CB4D5F.e.243/click'
10:29:55.745 [AsyncHttpClient-1-2] DEBUG org.asynchttpclient.netty.handler.HttpHandler -- 

Request DefaultHttpRequest(decodeResult: success, version: HTTP/1.1)
POST /wd/hub/session/4023dcc3bc83a500e0f9ab4bc534ea6a/element/f.62BF1F8E714C36694CBBDD8FD36F7626.d.B8F0253C104F394F6071342F35CB4D5F.e.243/click HTTP/1.1
User-Agent: selenium/4.1.3 (java windows)
traceparent: 00-8edb2733787215499c98c1d5bc47b842-751cc10f3887bab5-01
Content-Length: 89
Content-Type: application/json; charset=utf-8
host: localhost:4444
accept: */*

Response DefaultHttpResponse(decodeResult: success, version: HTTP/1.1)
HTTP/1.1 200 OK
content-type: application/json; charset=utf-8
cache-control: no-cache
content-length: 14

10:29:55.745 [AsyncHttpClient-1-2] DEBUG org.asynchttpclient.netty.channel.ChannelManager -- Adding key: http://localhost:4444 for channel [id: 0x981c4e6c, L:/127.0.0.1:6581 - R:localhost/127.0.0.1:4444]
10:29:56.215 [AsyncHttpClient-1-1] DEBUG org.asynchttpclient.netty.channel.DefaultChannelPool -- Entry count for : http://localhost:4444 : 1
10:29:56.751 [Forwarding findElement on session 4023dcc3bc83a500e0f9ab4bc534ea6a to remote] DEBUG org.asynchttpclient.netty.request.NettyRequestSender -- Using pooled Channel '[id: 0x981c4e6c, L:/127.0.0.1:6581 - R:localhost/127.0.0.1:4444]' for 'POST' to 'http://localhost:4444/wd/hub/session/4023dcc3bc83a500e0f9ab4bc534ea6a/element'
10:29:56.751 [Forwarding findElement on session 4023dcc3bc83a500e0f9ab4bc534ea6a to remote] DEBUG org.asynchttpclient.netty.request.NettyRequestSender -- Using open Channel [id: 0x981c4e6c, L:/127.0.0.1:6581 - R:localhost/127.0.0.1:4444] for POST '/wd/hub/session/4023dcc3bc83a500e0f9ab4bc534ea6a/element'
10:29:56.765 [AsyncHttpClient-1-2] DEBUG org.asynchttpclient.netty.handler.HttpHandler -- 

Request DefaultHttpRequest(decodeResult: success, version: HTTP/1.1)
POST /wd/hub/session/4023dcc3bc83a500e0f9ab4bc534ea6a/element HTTP/1.1
User-Agent: selenium/4.1.3 (java windows)
traceparent: 00-89d3ed52e7b0faf2b47f9c34a38df541-f07204ec45fb4b13-01
Content-Length: 82
Content-Type: application/json; charset=utf-8
host: localhost:4444
accept: */*

Response DefaultHttpResponse(decodeResult: success, version: HTTP/1.1)
HTTP/1.1 200 OK
content-type: application/json; charset=utf-8
cache-control: no-cache
content-length: 127

10:29:56.765 [AsyncHttpClient-1-2] DEBUG org.asynchttpclient.netty.channel.ChannelManager -- Adding key: http://localhost:4444 for channel [id: 0x981c4e6c, L:/127.0.0.1:6581 - R:localhost/127.0.0.1:4444]
10:29:56.768 [Forwarding isElementDisplayed on session 4023dcc3bc83a500e0f9ab4bc534ea6a to remote] DEBUG org.asynchttpclient.netty.request.NettyRequestSender -- Using pooled Channel '[id: 0x981c4e6c, L:/127.0.0.1:6581 - R:localhost/127.0.0.1:4444]' for 'POST' to 'http://localhost:4444/wd/hub/session/4023dcc3bc83a500e0f9ab4bc534ea6a/execute/sync'
10:29:56.768 [Forwarding isElementDisplayed on session 4023dcc3bc83a500e0f9ab4bc534ea6a to remote] DEBUG org.asynchttpclient.netty.request.NettyRequestSender -- Using open Channel [id: 0x981c4e6c, L:/127.0.0.1:6581 - R:localhost/127.0.0.1:4444] for POST '/wd/hub/session/4023dcc3bc83a500e0f9ab4bc534ea6a/execute/sync'
10:29:56.795 [AsyncHttpClient-1-2] DEBUG org.asynchttpclient.netty.handler.HttpHandler -- 

Request DefaultHttpRequest(decodeResult: success, version: HTTP/1.1)
POST /wd/hub/session/4023dcc3bc83a500e0f9ab4bc534ea6a/execute/sync HTTP/1.1
User-Agent: selenium/4.1.3 (java windows)
traceparent: 00-7b670e36153f31ec92b484e926216a82-1f3f93a351aa36e3-01
Content-Length: 48819
Content-Type: application/json; charset=utf-8
host: localhost:4444
accept: */*

Response DefaultHttpResponse(decodeResult: success, version: HTTP/1.1)
HTTP/1.1 200 OK
content-type: application/json; charset=utf-8
cache-control: no-cache
content-length: 14

10:29:56.796 [AsyncHttpClient-1-2] DEBUG org.asynchttpclient.netty.channel.ChannelManager -- Adding key: http://localhost:4444 for channel [id: 0x981c4e6c, L:/127.0.0.1:6581 - R:localhost/127.0.0.1:4444]
10:29:57.316 [AsyncHttpClient-1-1] DEBUG org.asynchttpclient.netty.channel.DefaultChannelPool -- Entry count for : http://localhost:4444 : 1
10:29:57.805 [Forwarding findElement on session 4023dcc3bc83a500e0f9ab4bc534ea6a to remote] DEBUG org.asynchttpclient.netty.request.NettyRequestSender -- Using pooled Channel '[id: 0x981c4e6c, L:/127.0.0.1:6581 - R:localhost/127.0.0.1:4444]' for 'POST' to 'http://localhost:4444/wd/hub/session/4023dcc3bc83a500e0f9ab4bc534ea6a/element'
10:29:57.805 [Forwarding findElement on session 4023dcc3bc83a500e0f9ab4bc534ea6a to remote] DEBUG org.asynchttpclient.netty.request.NettyRequestSender -- Using open Channel [id: 0x981c4e6c, L:/127.0.0.1:6581 - R:localhost/127.0.0.1:4444] for POST '/wd/hub/session/4023dcc3bc83a500e0f9ab4bc534ea6a/element'
10:29:57.813 [AsyncHttpClient-1-2] DEBUG org.asynchttpclient.netty.handler.HttpHandler -- 

Request DefaultHttpRequest(decodeResult: success, version: HTTP/1.1)
POST /wd/hub/session/4023dcc3bc83a500e0f9ab4bc534ea6a/element HTTP/1.1
User-Agent: selenium/4.1.3 (java windows)
traceparent: 00-8afa636009398c01667f32be5110d080-f1a60f220f0d8cbf-01
Content-Length: 82
Content-Type: application/json; charset=utf-8
host: localhost:4444
accept: */*

Response DefaultHttpResponse(decodeResult: success, version: HTTP/1.1)
HTTP/1.1 200 OK
content-type: application/json; charset=utf-8
cache-control: no-cache
content-length: 127

10:29:57.814 [AsyncHttpClient-1-2] DEBUG org.asynchttpclient.netty.channel.ChannelManager -- Adding key: http://localhost:4444 for channel [id: 0x981c4e6c, L:/127.0.0.1:6581 - R:localhost/127.0.0.1:4444]
10:29:57.816 [Forwarding isElementDisplayed on session 4023dcc3bc83a500e0f9ab4bc534ea6a to remote] DEBUG org.asynchttpclient.netty.request.NettyRequestSender -- Using pooled Channel '[id: 0x981c4e6c, L:/127.0.0.1:6581 - R:localhost/127.0.0.1:4444]' for 'POST' to 'http://localhost:4444/wd/hub/session/4023dcc3bc83a500e0f9ab4bc534ea6a/execute/sync'
10:29:57.816 [Forwarding isElementDisplayed on session 4023dcc3bc83a500e0f9ab4bc534ea6a to remote] DEBUG org.asynchttpclient.netty.request.NettyRequestSender -- Using open Channel [id: 0x981c4e6c, L:/127.0.0.1:6581 - R:localhost/127.0.0.1:4444] for POST '/wd/hub/session/4023dcc3bc83a500e0f9ab4bc534ea6a/execute/sync'
10:29:57.828 [AsyncHttpClient-1-2] DEBUG org.asynchttpclient.netty.handler.HttpHandler -- 

Request DefaultHttpRequest(decodeResult: success, version: HTTP/1.1)
POST /wd/hub/session/4023dcc3bc83a500e0f9ab4bc534ea6a/execute/sync HTTP/1.1
User-Agent: selenium/4.1.3 (java windows)
traceparent: 00-217d9e6eca1d4bc6b703bd77f84b0c8b-bb6dedc3987d0a9d-01
Content-Length: 48819
Content-Type: application/json; charset=utf-8
host: localhost:4444
accept: */*

Response DefaultHttpResponse(decodeResult: success, version: HTTP/1.1)
HTTP/1.1 200 OK
content-type: application/json; charset=utf-8
cache-control: no-cache
content-length: 14

10:29:57.828 [AsyncHttpClient-1-2] DEBUG org.asynchttpclient.netty.channel.ChannelManager -- Adding key: http://localhost:4444 for channel [id: 0x981c4e6c, L:/127.0.0.1:6581 - R:localhost/127.0.0.1:4444]
10:29:57.830 [Forwarding findElement on session 4023dcc3bc83a500e0f9ab4bc534ea6a to remote] DEBUG org.asynchttpclient.netty.request.NettyRequestSender -- Using pooled Channel '[id: 0x981c4e6c, L:/127.0.0.1:6581 - R:localhost/127.0.0.1:4444]' for 'POST' to 'http://localhost:4444/wd/hub/session/4023dcc3bc83a500e0f9ab4bc534ea6a/element'
10:29:57.830 [Forwarding findElement on session 4023dcc3bc83a500e0f9ab4bc534ea6a to remote] DEBUG org.asynchttpclient.netty.request.NettyRequestSender -- Using open Channel [id: 0x981c4e6c, L:/127.0.0.1:6581 - R:localhost/127.0.0.1:4444] for POST '/wd/hub/session/4023dcc3bc83a500e0f9ab4bc534ea6a/element'
10:29:57.839 [AsyncHttpClient-1-2] DEBUG org.asynchttpclient.netty.handler.HttpHandler -- 

Request DefaultHttpRequest(decodeResult: success, version: HTTP/1.1)
POST /wd/hub/session/4023dcc3bc83a500e0f9ab4bc534ea6a/element HTTP/1.1
User-Agent: selenium/4.1.3 (java windows)
traceparent: 00-7d4202663f1a55e45463e6027ec245c6-69ba971c7af0ff47-01
Content-Length: 82
Content-Type: application/json; charset=utf-8
host: localhost:4444
accept: */*

Response DefaultHttpResponse(decodeResult: success, version: HTTP/1.1)
HTTP/1.1 200 OK
content-type: application/json; charset=utf-8
cache-control: no-cache
content-length: 127

10:29:57.840 [AsyncHttpClient-1-2] DEBUG org.asynchttpclient.netty.channel.ChannelManager -- Adding key: http://localhost:4444 for channel [id: 0x981c4e6c, L:/127.0.0.1:6581 - R:localhost/127.0.0.1:4444]
10:29:57.841 [Forwarding clickElement on session 4023dcc3bc83a500e0f9ab4bc534ea6a to remote] DEBUG org.asynchttpclient.netty.request.NettyRequestSender -- Using pooled Channel '[id: 0x981c4e6c, L:/127.0.0.1:6581 - R:localhost/127.0.0.1:4444]' for 'POST' to 'http://localhost:4444/wd/hub/session/4023dcc3bc83a500e0f9ab4bc534ea6a/element/f.62BF1F8E714C36694CBBDD8FD36F7626.d.B8F0253C104F394F6071342F35CB4D5F.e.269/click'
10:29:57.841 [Forwarding clickElement on session 4023dcc3bc83a500e0f9ab4bc534ea6a to remote] DEBUG org.asynchttpclient.netty.request.NettyRequestSender -- Using open Channel [id: 0x981c4e6c, L:/127.0.0.1:6581 - R:localhost/127.0.0.1:4444] for POST '/wd/hub/session/4023dcc3bc83a500e0f9ab4bc534ea6a/element/f.62BF1F8E714C36694CBBDD8FD36F7626.d.B8F0253C104F394F6071342F35CB4D5F.e.269/click'
10:29:57.879 [AsyncHttpClient-1-2] DEBUG org.asynchttpclient.netty.handler.HttpHandler -- 

Request DefaultHttpRequest(decodeResult: success, version: HTTP/1.1)
POST /wd/hub/session/4023dcc3bc83a500e0f9ab4bc534ea6a/element/f.62BF1F8E714C36694CBBDD8FD36F7626.d.B8F0253C104F394F6071342F35CB4D5F.e.269/click HTTP/1.1
User-Agent: selenium/4.1.3 (java windows)
traceparent: 00-a9fd24c0562f2935252ff473aaa82919-b1786d4884f3792e-01
Content-Length: 89
Content-Type: application/json; charset=utf-8
host: localhost:4444
accept: */*

Response DefaultHttpResponse(decodeResult: success, version: HTTP/1.1)
HTTP/1.1 200 OK
content-type: application/json; charset=utf-8
cache-control: no-cache
content-length: 14

10:29:57.879 [AsyncHttpClient-1-2] DEBUG org.asynchttpclient.netty.channel.ChannelManager -- Adding key: http://localhost:4444 for channel [id: 0x981c4e6c, L:/127.0.0.1:6581 - R:localhost/127.0.0.1:4444]
10:29:58.413 [AsyncHttpClient-1-1] DEBUG org.asynchttpclient.netty.channel.DefaultChannelPool -- Entry count for : http://localhost:4444 : 1
10:29:58.884 [Forwarding findElement on session 4023dcc3bc83a500e0f9ab4bc534ea6a to remote] DEBUG org.asynchttpclient.netty.request.NettyRequestSender -- Using pooled Channel '[id: 0x981c4e6c, L:/127.0.0.1:6581 - R:localhost/127.0.0.1:4444]' for 'POST' to 'http://localhost:4444/wd/hub/session/4023dcc3bc83a500e0f9ab4bc534ea6a/element'
10:29:58.884 [Forwarding findElement on session 4023dcc3bc83a500e0f9ab4bc534ea6a to remote] DEBUG org.asynchttpclient.netty.request.NettyRequestSender -- Using open Channel [id: 0x981c4e6c, L:/127.0.0.1:6581 - R:localhost/127.0.0.1:4444] for POST '/wd/hub/session/4023dcc3bc83a500e0f9ab4bc534ea6a/element'
10:29:58.897 [AsyncHttpClient-1-2] DEBUG org.asynchttpclient.netty.handler.HttpHandler -- 

Request DefaultHttpRequest(decodeResult: success, version: HTTP/1.1)
POST /wd/hub/session/4023dcc3bc83a500e0f9ab4bc534ea6a/element HTTP/1.1
User-Agent: selenium/4.1.3 (java windows)
traceparent: 00-342b26132437da1453b7e07f7836ad33-a2cf60693289ae53-01
Content-Length: 83
Content-Type: application/json; charset=utf-8
host: localhost:4444
accept: */*

Response DefaultHttpResponse(decodeResult: success, version: HTTP/1.1)
HTTP/1.1 200 OK
content-type: application/json; charset=utf-8
cache-control: no-cache
content-length: 127

10:29:58.897 [AsyncHttpClient-1-2] DEBUG org.asynchttpclient.netty.channel.ChannelManager -- Adding key: http://localhost:4444 for channel [id: 0x981c4e6c, L:/127.0.0.1:6581 - R:localhost/127.0.0.1:4444]
10:29:58.900 [Forwarding isElementDisplayed on session 4023dcc3bc83a500e0f9ab4bc534ea6a to remote] DEBUG org.asynchttpclient.netty.request.NettyRequestSender -- Using pooled Channel '[id: 0x981c4e6c, L:/127.0.0.1:6581 - R:localhost/127.0.0.1:4444]' for 'POST' to 'http://localhost:4444/wd/hub/session/4023dcc3bc83a500e0f9ab4bc534ea6a/execute/sync'
10:29:58.900 [Forwarding isElementDisplayed on session 4023dcc3bc83a500e0f9ab4bc534ea6a to remote] DEBUG org.asynchttpclient.netty.request.NettyRequestSender -- Using open Channel [id: 0x981c4e6c, L:/127.0.0.1:6581 - R:localhost/127.0.0.1:4444] for POST '/wd/hub/session/4023dcc3bc83a500e0f9ab4bc534ea6a/execute/sync'
10:29:58.912 [AsyncHttpClient-1-2] DEBUG org.asynchttpclient.netty.handler.HttpHandler -- 

Request DefaultHttpRequest(decodeResult: success, version: HTTP/1.1)
POST /wd/hub/session/4023dcc3bc83a500e0f9ab4bc534ea6a/execute/sync HTTP/1.1
User-Agent: selenium/4.1.3 (java windows)
traceparent: 00-815e711b3e12b62e38bdb3ff41d2bc66-d2585992adf33709-01
Content-Length: 48819
Content-Type: application/json; charset=utf-8
host: localhost:4444
accept: */*

Response DefaultHttpResponse(decodeResult: success, version: HTTP/1.1)
HTTP/1.1 200 OK
content-type: application/json; charset=utf-8
cache-control: no-cache
content-length: 14

10:29:58.913 [AsyncHttpClient-1-2] DEBUG org.asynchttpclient.netty.channel.ChannelManager -- Adding key: http://localhost:4444 for channel [id: 0x981c4e6c, L:/127.0.0.1:6581 - R:localhost/127.0.0.1:4444]
10:29:59.513 [AsyncHttpClient-1-1] DEBUG org.asynchttpclient.netty.channel.DefaultChannelPool -- Entry count for : http://localhost:4444 : 1
10:29:59.914 [Forwarding findElement on session 4023dcc3bc83a500e0f9ab4bc534ea6a to remote] DEBUG org.asynchttpclient.netty.request.NettyRequestSender -- Using pooled Channel '[id: 0x981c4e6c, L:/127.0.0.1:6581 - R:localhost/127.0.0.1:4444]' for 'POST' to 'http://localhost:4444/wd/hub/session/4023dcc3bc83a500e0f9ab4bc534ea6a/element'
10:29:59.914 [Forwarding findElement on session 4023dcc3bc83a500e0f9ab4bc534ea6a to remote] DEBUG org.asynchttpclient.netty.request.NettyRequestSender -- Using open Channel [id: 0x981c4e6c, L:/127.0.0.1:6581 - R:localhost/127.0.0.1:4444] for POST '/wd/hub/session/4023dcc3bc83a500e0f9ab4bc534ea6a/element'
10:29:59.924 [AsyncHttpClient-1-2] DEBUG org.asynchttpclient.netty.handler.HttpHandler -- 

Request DefaultHttpRequest(decodeResult: success, version: HTTP/1.1)
POST /wd/hub/session/4023dcc3bc83a500e0f9ab4bc534ea6a/element HTTP/1.1
User-Agent: selenium/4.1.3 (java windows)
traceparent: 00-2bdb0487ac4e4874dad5dc441f71e2dd-f388a39bc55e1eac-01
Content-Length: 83
Content-Type: application/json; charset=utf-8
host: localhost:4444
accept: */*

Response DefaultHttpResponse(decodeResult: success, version: HTTP/1.1)
HTTP/1.1 200 OK
content-type: application/json; charset=utf-8
cache-control: no-cache
content-length: 127

10:29:59.924 [AsyncHttpClient-1-2] DEBUG org.asynchttpclient.netty.channel.ChannelManager -- Adding key: http://localhost:4444 for channel [id: 0x981c4e6c, L:/127.0.0.1:6581 - R:localhost/127.0.0.1:4444]
10:29:59.925 [Forwarding clickElement on session 4023dcc3bc83a500e0f9ab4bc534ea6a to remote] DEBUG org.asynchttpclient.netty.request.NettyRequestSender -- Using pooled Channel '[id: 0x981c4e6c, L:/127.0.0.1:6581 - R:localhost/127.0.0.1:4444]' for 'POST' to 'http://localhost:4444/wd/hub/session/4023dcc3bc83a500e0f9ab4bc534ea6a/element/f.62BF1F8E714C36694CBBDD8FD36F7626.d.B8F0253C104F394F6071342F35CB4D5F.e.272/click'
10:29:59.925 [Forwarding clickElement on session 4023dcc3bc83a500e0f9ab4bc534ea6a to remote] DEBUG org.asynchttpclient.netty.request.NettyRequestSender -- Using open Channel [id: 0x981c4e6c, L:/127.0.0.1:6581 - R:localhost/127.0.0.1:4444] for POST '/wd/hub/session/4023dcc3bc83a500e0f9ab4bc534ea6a/element/f.62BF1F8E714C36694CBBDD8FD36F7626.d.B8F0253C104F394F6071342F35CB4D5F.e.272/click'
10:30:00.040 [AsyncHttpClient-1-2] DEBUG org.asynchttpclient.netty.handler.HttpHandler -- 

Request DefaultHttpRequest(decodeResult: success, version: HTTP/1.1)
POST /wd/hub/session/4023dcc3bc83a500e0f9ab4bc534ea6a/element/f.62BF1F8E714C36694CBBDD8FD36F7626.d.B8F0253C104F394F6071342F35CB4D5F.e.272/click HTTP/1.1
User-Agent: selenium/4.1.3 (java windows)
traceparent: 00-a6a4b05f33ed9de7bd8030335c692fff-9f9ab478e69b94fb-01
Content-Length: 89
Content-Type: application/json; charset=utf-8
host: localhost:4444
accept: */*

Response DefaultHttpResponse(decodeResult: success, version: HTTP/1.1)
HTTP/1.1 200 OK
content-type: application/json; charset=utf-8
cache-control: no-cache
content-length: 14

10:30:00.041 [AsyncHttpClient-1-2] DEBUG org.asynchttpclient.netty.channel.ChannelManager -- Adding key: http://localhost:4444 for channel [id: 0x981c4e6c, L:/127.0.0.1:6581 - R:localhost/127.0.0.1:4444]
10:30:00.043 [Forwarding findElement on session 4023dcc3bc83a500e0f9ab4bc534ea6a to remote] DEBUG org.asynchttpclient.netty.request.NettyRequestSender -- Using pooled Channel '[id: 0x981c4e6c, L:/127.0.0.1:6581 - R:localhost/127.0.0.1:4444]' for 'POST' to 'http://localhost:4444/wd/hub/session/4023dcc3bc83a500e0f9ab4bc534ea6a/element'
10:30:00.043 [Forwarding findElement on session 4023dcc3bc83a500e0f9ab4bc534ea6a to remote] DEBUG org.asynchttpclient.netty.request.NettyRequestSender -- Using open Channel [id: 0x981c4e6c, L:/127.0.0.1:6581 - R:localhost/127.0.0.1:4444] for POST '/wd/hub/session/4023dcc3bc83a500e0f9ab4bc534ea6a/element'
10:30:00.814 [AsyncHttpClient-1-2] DEBUG org.asynchttpclient.netty.handler.HttpHandler -- 

Request DefaultHttpRequest(decodeResult: success, version: HTTP/1.1)
POST /wd/hub/session/4023dcc3bc83a500e0f9ab4bc534ea6a/element HTTP/1.1
User-Agent: selenium/4.1.3 (java windows)
traceparent: 00-51cbd0d6a19f175acd5cdfad8283aded-e8f927d641168be3-01
Content-Length: 102
Content-Type: application/json; charset=utf-8
host: localhost:4444
accept: */*

Response DefaultHttpResponse(decodeResult: success, version: HTTP/1.1)
HTTP/1.1 200 OK
content-type: application/json; charset=utf-8
cache-control: no-cache
content-length: 127

10:30:00.814 [AsyncHttpClient-1-2] DEBUG org.asynchttpclient.netty.channel.ChannelManager -- Adding key: http://localhost:4444 for channel [id: 0x981c4e6c, L:/127.0.0.1:6581 - R:localhost/127.0.0.1:4444]
10:30:00.818 [Forwarding isElementDisplayed on session 4023dcc3bc83a500e0f9ab4bc534ea6a to remote] DEBUG org.asynchttpclient.netty.request.NettyRequestSender -- Using pooled Channel '[id: 0x981c4e6c, L:/127.0.0.1:6581 - R:localhost/127.0.0.1:4444]' for 'POST' to 'http://localhost:4444/wd/hub/session/4023dcc3bc83a500e0f9ab4bc534ea6a/execute/sync'
10:30:00.818 [Forwarding isElementDisplayed on session 4023dcc3bc83a500e0f9ab4bc534ea6a to remote] DEBUG org.asynchttpclient.netty.request.NettyRequestSender -- Using open Channel [id: 0x981c4e6c, L:/127.0.0.1:6581 - R:localhost/127.0.0.1:4444] for POST '/wd/hub/session/4023dcc3bc83a500e0f9ab4bc534ea6a/execute/sync'
10:30:00.830 [AsyncHttpClient-1-2] DEBUG org.asynchttpclient.netty.handler.HttpHandler -- 

Request DefaultHttpRequest(decodeResult: success, version: HTTP/1.1)
POST /wd/hub/session/4023dcc3bc83a500e0f9ab4bc534ea6a/execute/sync HTTP/1.1
User-Agent: selenium/4.1.3 (java windows)
traceparent: 00-16c27b41c422ba005dd43c302c0711ac-416d5231f2e87af4-01
Content-Length: 48819
Content-Type: application/json; charset=utf-8
host: localhost:4444
accept: */*

Response DefaultHttpResponse(decodeResult: success, version: HTTP/1.1)
HTTP/1.1 200 OK
content-type: application/json; charset=utf-8
cache-control: no-cache
content-length: 14

10:30:00.830 [AsyncHttpClient-1-2] DEBUG org.asynchttpclient.netty.channel.ChannelManager -- Adding key: http://localhost:4444 for channel [id: 0x981c4e6c, L:/127.0.0.1:6581 - R:localhost/127.0.0.1:4444]
10:30:01.716 [AsyncHttpClient-1-1] DEBUG org.asynchttpclient.netty.channel.DefaultChannelPool -- Entry count for : http://localhost:4444 : 1
10:30:01.844 [Forwarding findElement on session 4023dcc3bc83a500e0f9ab4bc534ea6a to remote] DEBUG org.asynchttpclient.netty.request.NettyRequestSender -- Using pooled Channel '[id: 0x981c4e6c, L:/127.0.0.1:6581 - R:localhost/127.0.0.1:4444]' for 'POST' to 'http://localhost:4444/wd/hub/session/4023dcc3bc83a500e0f9ab4bc534ea6a/element'
10:30:01.844 [Forwarding findElement on session 4023dcc3bc83a500e0f9ab4bc534ea6a to remote] DEBUG org.asynchttpclient.netty.request.NettyRequestSender -- Using open Channel [id: 0x981c4e6c, L:/127.0.0.1:6581 - R:localhost/127.0.0.1:4444] for POST '/wd/hub/session/4023dcc3bc83a500e0f9ab4bc534ea6a/element'
10:30:01.856 [AsyncHttpClient-1-2] DEBUG org.asynchttpclient.netty.handler.HttpHandler -- 

Request DefaultHttpRequest(decodeResult: success, version: HTTP/1.1)
POST /wd/hub/session/4023dcc3bc83a500e0f9ab4bc534ea6a/element HTTP/1.1
User-Agent: selenium/4.1.3 (java windows)
traceparent: 00-87674cf5be5a2eb00bbee3af5a450253-23e1ea482dddf170-01
Content-Length: 102
Content-Type: application/json; charset=utf-8
host: localhost:4444
accept: */*

Response DefaultHttpResponse(decodeResult: success, version: HTTP/1.1)
HTTP/1.1 200 OK
content-type: application/json; charset=utf-8
cache-control: no-cache
content-length: 127

10:30:01.856 [AsyncHttpClient-1-2] DEBUG org.asynchttpclient.netty.channel.ChannelManager -- Adding key: http://localhost:4444 for channel [id: 0x981c4e6c, L:/127.0.0.1:6581 - R:localhost/127.0.0.1:4444]
10:30:01.858 [Forwarding clickElement on session 4023dcc3bc83a500e0f9ab4bc534ea6a to remote] DEBUG org.asynchttpclient.netty.request.NettyRequestSender -- Using pooled Channel '[id: 0x981c4e6c, L:/127.0.0.1:6581 - R:localhost/127.0.0.1:4444]' for 'POST' to 'http://localhost:4444/wd/hub/session/4023dcc3bc83a500e0f9ab4bc534ea6a/element/f.62BF1F8E714C36694CBBDD8FD36F7626.d.B8F0253C104F394F6071342F35CB4D5F.e.345/click'
10:30:01.858 [Forwarding clickElement on session 4023dcc3bc83a500e0f9ab4bc534ea6a to remote] DEBUG org.asynchttpclient.netty.request.NettyRequestSender -- Using open Channel [id: 0x981c4e6c, L:/127.0.0.1:6581 - R:localhost/127.0.0.1:4444] for POST '/wd/hub/session/4023dcc3bc83a500e0f9ab4bc534ea6a/element/f.62BF1F8E714C36694CBBDD8FD36F7626.d.B8F0253C104F394F6071342F35CB4D5F.e.345/click'
10:30:04.748 [AsyncHttpClient-1-2] DEBUG org.asynchttpclient.netty.handler.HttpHandler -- 

Request DefaultHttpRequest(decodeResult: success, version: HTTP/1.1)
POST /wd/hub/session/4023dcc3bc83a500e0f9ab4bc534ea6a/element/f.62BF1F8E714C36694CBBDD8FD36F7626.d.B8F0253C104F394F6071342F35CB4D5F.e.345/click HTTP/1.1
User-Agent: selenium/4.1.3 (java windows)
traceparent: 00-e73f71ad62cfff01ad3fd9f71d49d787-0808f9992491f22f-01
Content-Length: 89
Content-Type: application/json; charset=utf-8
host: localhost:4444
accept: */*

Response DefaultHttpResponse(decodeResult: success, version: HTTP/1.1)
HTTP/1.1 200 OK
content-type: application/json; charset=utf-8
cache-control: no-cache
content-length: 14

10:30:04.748 [AsyncHttpClient-1-2] DEBUG org.asynchttpclient.netty.channel.ChannelManager -- Adding key: http://localhost:4444 for channel [id: 0x981c4e6c, L:/127.0.0.1:6581 - R:localhost/127.0.0.1:4444]
]]></system-out>
    <system-err><![CDATA[Aug 29, 2024 10:27:35 AM org.openqa.selenium.remote.tracing.opentelemetry.OpenTelemetryTracer createTracer
INFO: Using OpenTelemetry for tracing
Aug 29, 2024 10:27:36 AM org.openqa.selenium.remote.ProtocolHandshake createSession
INFO: Detected dialect: W3C
]]></system-err>
  </testcase>
  <testcase name="runScenario[&quot;Verify Bikroy logo work properly&quot;, &quot;Optional[Verify Brikroy.com Website work properly]&quot;](2)" classname="TestRunner.TestRunner" time="8.49">
    <system-out><![CDATA[10:30:04.803 [Forwarding newSession on session null to remote] DEBUG org.asynchttpclient.netty.request.NettyRequestSender -- Using pooled Channel '[id: 0x981c4e6c, L:/127.0.0.1:6581 - R:localhost/127.0.0.1:4444]' for 'POST' to 'http://localhost:4444/wd/hub/session'
10:30:04.803 [Forwarding newSession on session null to remote] DEBUG org.asynchttpclient.netty.request.NettyRequestSender -- Using open Channel [id: 0x981c4e6c, L:/127.0.0.1:6581 - R:localhost/127.0.0.1:4444] for POST '/wd/hub/session'
10:30:05.541 [AsyncHttpClient-1-2] DEBUG org.asynchttpclient.netty.handler.HttpHandler -- 

Request DefaultHttpRequest(decodeResult: success, version: HTTP/1.1)
POST /wd/hub/session HTTP/1.1
User-Agent: selenium/4.1.3 (java windows)
traceparent: 00-bf646caf14bb141bd6964eab52d63fa3-7e37575d981cbb66-01
Content-Length: 341
Content-Type: application/json; charset=utf-8
host: localhost:4444
accept: */*

Response DefaultHttpResponse(decodeResult: success, version: HTTP/1.1)
HTTP/1.1 200 OK
Cache-Control: no-cache
Content-Type: application/json; charset=utf-8
content-length: 1350

10:30:05.541 [AsyncHttpClient-1-2] DEBUG org.asynchttpclient.netty.channel.ChannelManager -- Adding key: http://localhost:4444 for channel [id: 0x981c4e6c, L:/127.0.0.1:6581 - R:localhost/127.0.0.1:4444]
10:30:05.545 [Forwarding setTimeout on session f3258399b9621882700ddc4cc9aa2361 to remote] DEBUG org.asynchttpclient.netty.request.NettyRequestSender -- Using pooled Channel '[id: 0x981c4e6c, L:/127.0.0.1:6581 - R:localhost/127.0.0.1:4444]' for 'POST' to 'http://localhost:4444/wd/hub/session/f3258399b9621882700ddc4cc9aa2361/timeouts'
10:30:05.545 [Forwarding setTimeout on session f3258399b9621882700ddc4cc9aa2361 to remote] DEBUG org.asynchttpclient.netty.request.NettyRequestSender -- Using open Channel [id: 0x981c4e6c, L:/127.0.0.1:6581 - R:localhost/127.0.0.1:4444] for POST '/wd/hub/session/f3258399b9621882700ddc4cc9aa2361/timeouts'
10:30:05.555 [AsyncHttpClient-1-2] DEBUG org.asynchttpclient.netty.handler.HttpHandler -- 

Request DefaultHttpRequest(decodeResult: success, version: HTTP/1.1)
POST /wd/hub/session/f3258399b9621882700ddc4cc9aa2361/timeouts HTTP/1.1
User-Agent: selenium/4.1.3 (java windows)
traceparent: 00-d4908510e9588542f4c7c33c90c28ed8-3ff986083fb3d71e-01
Content-Length: 22
Content-Type: application/json; charset=utf-8
host: localhost:4444
accept: */*

Response DefaultHttpResponse(decodeResult: success, version: HTTP/1.1)
HTTP/1.1 200 OK
content-type: application/json; charset=utf-8
cache-control: no-cache
content-length: 14

10:30:05.555 [AsyncHttpClient-1-2] DEBUG org.asynchttpclient.netty.channel.ChannelManager -- Adding key: http://localhost:4444 for channel [id: 0x981c4e6c, L:/127.0.0.1:6581 - R:localhost/127.0.0.1:4444]
10:30:05.556 [Forwarding maximizeCurrentWindow on session f3258399b9621882700ddc4cc9aa2361 to remote] DEBUG org.asynchttpclient.netty.request.NettyRequestSender -- Using pooled Channel '[id: 0x981c4e6c, L:/127.0.0.1:6581 - R:localhost/127.0.0.1:4444]' for 'POST' to 'http://localhost:4444/wd/hub/session/f3258399b9621882700ddc4cc9aa2361/window/maximize'
10:30:05.556 [Forwarding maximizeCurrentWindow on session f3258399b9621882700ddc4cc9aa2361 to remote] DEBUG org.asynchttpclient.netty.request.NettyRequestSender -- Using open Channel [id: 0x981c4e6c, L:/127.0.0.1:6581 - R:localhost/127.0.0.1:4444] for POST '/wd/hub/session/f3258399b9621882700ddc4cc9aa2361/window/maximize'
10:30:05.579 [AsyncHttpClient-1-2] DEBUG org.asynchttpclient.netty.handler.HttpHandler -- 

Request DefaultHttpRequest(decodeResult: success, version: HTTP/1.1)
POST /wd/hub/session/f3258399b9621882700ddc4cc9aa2361/window/maximize HTTP/1.1
User-Agent: selenium/4.1.3 (java windows)
traceparent: 00-0493890cc10a60978efeba80ca82958f-b4566893dc911d61-01
Content-Length: 3
Content-Type: application/json; charset=utf-8
host: localhost:4444
accept: */*

Response DefaultHttpResponse(decodeResult: success, version: HTTP/1.1)
HTTP/1.1 200 OK
content-type: application/json; charset=utf-8
cache-control: no-cache
content-length: 52

10:30:05.579 [AsyncHttpClient-1-2] DEBUG org.asynchttpclient.netty.channel.ChannelManager -- Adding key: http://localhost:4444 for channel [id: 0x981c4e6c, L:/127.0.0.1:6581 - R:localhost/127.0.0.1:4444]
10:30:05.581 [Forwarding get on session f3258399b9621882700ddc4cc9aa2361 to remote] DEBUG org.asynchttpclient.netty.request.NettyRequestSender -- Using pooled Channel '[id: 0x981c4e6c, L:/127.0.0.1:6581 - R:localhost/127.0.0.1:4444]' for 'POST' to 'http://localhost:4444/wd/hub/session/f3258399b9621882700ddc4cc9aa2361/url'
10:30:05.581 [Forwarding get on session f3258399b9621882700ddc4cc9aa2361 to remote] DEBUG org.asynchttpclient.netty.request.NettyRequestSender -- Using open Channel [id: 0x981c4e6c, L:/127.0.0.1:6581 - R:localhost/127.0.0.1:4444] for POST '/wd/hub/session/f3258399b9621882700ddc4cc9aa2361/url'
10:30:09.942 [AsyncHttpClient-1-2] DEBUG org.asynchttpclient.netty.handler.HttpHandler -- 

Request DefaultHttpRequest(decodeResult: success, version: HTTP/1.1)
POST /wd/hub/session/f3258399b9621882700ddc4cc9aa2361/url HTTP/1.1
User-Agent: selenium/4.1.3 (java windows)
traceparent: 00-3b0402535da9a9ec356f865f7df6bc3d-dda6b5aa7c26874e-01
Content-Length: 57
Content-Type: application/json; charset=utf-8
host: localhost:4444
accept: */*

Response DefaultHttpResponse(decodeResult: success, version: HTTP/1.1)
HTTP/1.1 200 OK
content-type: application/json; charset=utf-8
cache-control: no-cache
content-length: 14

10:30:09.943 [AsyncHttpClient-1-2] DEBUG org.asynchttpclient.netty.channel.ChannelManager -- Adding key: http://localhost:4444 for channel [id: 0x981c4e6c, L:/127.0.0.1:6581 - R:localhost/127.0.0.1:4444]
10:30:09.943 [Forwarding getCurrentUrl on session f3258399b9621882700ddc4cc9aa2361 to remote] DEBUG org.asynchttpclient.netty.request.NettyRequestSender -- Using pooled Channel '[id: 0x981c4e6c, L:/127.0.0.1:6581 - R:localhost/127.0.0.1:4444]' for 'GET' to 'http://localhost:4444/wd/hub/session/f3258399b9621882700ddc4cc9aa2361/url'
10:30:09.944 [Forwarding getCurrentUrl on session f3258399b9621882700ddc4cc9aa2361 to remote] DEBUG org.asynchttpclient.netty.request.NettyRequestSender -- Using open Channel [id: 0x981c4e6c, L:/127.0.0.1:6581 - R:localhost/127.0.0.1:4444] for GET '/wd/hub/session/f3258399b9621882700ddc4cc9aa2361/url'
10:30:09.951 [AsyncHttpClient-1-2] DEBUG org.asynchttpclient.netty.handler.HttpHandler -- 

Request DefaultFullHttpRequest(decodeResult: success, version: HTTP/1.1, content: EmptyByteBufBE)
GET /wd/hub/session/f3258399b9621882700ddc4cc9aa2361/url HTTP/1.1
User-Agent: selenium/4.1.3 (java windows)
Cache-Control: no-cache
traceparent: 00-1baa718f7aa5aed40d2ca75ddfc5c0c2-fb19c94254ce23fc-01
Content-Type: application/json; charset=utf-8
host: localhost:4444
accept: */*

Response DefaultHttpResponse(decodeResult: success, version: HTTP/1.1)
HTTP/1.1 200 OK
content-type: application/json; charset=utf-8
cache-control: no-cache
content-length: 34

10:30:09.951 [AsyncHttpClient-1-2] DEBUG org.asynchttpclient.netty.channel.ChannelManager -- Adding key: http://localhost:4444 for channel [id: 0x981c4e6c, L:/127.0.0.1:6581 - R:localhost/127.0.0.1:4444]
10:30:10.514 [AsyncHttpClient-1-1] DEBUG org.asynchttpclient.netty.channel.DefaultChannelPool -- Entry count for : http://localhost:4444 : 1
10:30:11.613 [AsyncHttpClient-1-1] DEBUG org.asynchttpclient.netty.channel.DefaultChannelPool -- Entry count for : http://localhost:4444 : 1
10:30:11.959 [Forwarding findElement on session f3258399b9621882700ddc4cc9aa2361 to remote] DEBUG org.asynchttpclient.netty.request.NettyRequestSender -- Using pooled Channel '[id: 0x981c4e6c, L:/127.0.0.1:6581 - R:localhost/127.0.0.1:4444]' for 'POST' to 'http://localhost:4444/wd/hub/session/f3258399b9621882700ddc4cc9aa2361/element'
10:30:11.960 [Forwarding findElement on session f3258399b9621882700ddc4cc9aa2361 to remote] DEBUG org.asynchttpclient.netty.request.NettyRequestSender -- Using open Channel [id: 0x981c4e6c, L:/127.0.0.1:6581 - R:localhost/127.0.0.1:4444] for POST '/wd/hub/session/f3258399b9621882700ddc4cc9aa2361/element'
10:30:11.986 [AsyncHttpClient-1-2] DEBUG org.asynchttpclient.netty.handler.HttpHandler -- 

Request DefaultHttpRequest(decodeResult: success, version: HTTP/1.1)
POST /wd/hub/session/f3258399b9621882700ddc4cc9aa2361/element HTTP/1.1
User-Agent: selenium/4.1.3 (java windows)
traceparent: 00-1f61d91e66d86f3087d616b46b85435f-991cb769330f45f7-01
Content-Length: 76
Content-Type: application/json; charset=utf-8
host: localhost:4444
accept: */*

Response DefaultHttpResponse(decodeResult: success, version: HTTP/1.1)
HTTP/1.1 200 OK
content-type: application/json; charset=utf-8
cache-control: no-cache
content-length: 127

10:30:11.987 [AsyncHttpClient-1-2] DEBUG org.asynchttpclient.netty.channel.ChannelManager -- Adding key: http://localhost:4444 for channel [id: 0x981c4e6c, L:/127.0.0.1:6581 - R:localhost/127.0.0.1:4444]
10:30:11.989 [Forwarding isElementDisplayed on session f3258399b9621882700ddc4cc9aa2361 to remote] DEBUG org.asynchttpclient.netty.request.NettyRequestSender -- Using pooled Channel '[id: 0x981c4e6c, L:/127.0.0.1:6581 - R:localhost/127.0.0.1:4444]' for 'POST' to 'http://localhost:4444/wd/hub/session/f3258399b9621882700ddc4cc9aa2361/execute/sync'
10:30:11.989 [Forwarding isElementDisplayed on session f3258399b9621882700ddc4cc9aa2361 to remote] DEBUG org.asynchttpclient.netty.request.NettyRequestSender -- Using open Channel [id: 0x981c4e6c, L:/127.0.0.1:6581 - R:localhost/127.0.0.1:4444] for POST '/wd/hub/session/f3258399b9621882700ddc4cc9aa2361/execute/sync'
10:30:12.006 [AsyncHttpClient-1-2] DEBUG org.asynchttpclient.netty.handler.HttpHandler -- 

Request DefaultHttpRequest(decodeResult: success, version: HTTP/1.1)
POST /wd/hub/session/f3258399b9621882700ddc4cc9aa2361/execute/sync HTTP/1.1
User-Agent: selenium/4.1.3 (java windows)
traceparent: 00-f3f7d9c4d28195e519a41047e02f3226-763f8213aa90ce26-01
Content-Length: 48819
Content-Type: application/json; charset=utf-8
host: localhost:4444
accept: */*

Response DefaultHttpResponse(decodeResult: success, version: HTTP/1.1)
HTTP/1.1 200 OK
content-type: application/json; charset=utf-8
cache-control: no-cache
content-length: 14

10:30:12.006 [AsyncHttpClient-1-2] DEBUG org.asynchttpclient.netty.channel.ChannelManager -- Adding key: http://localhost:4444 for channel [id: 0x981c4e6c, L:/127.0.0.1:6581 - R:localhost/127.0.0.1:4444]
10:30:12.008 [Forwarding findElement on session f3258399b9621882700ddc4cc9aa2361 to remote] DEBUG org.asynchttpclient.netty.request.NettyRequestSender -- Using pooled Channel '[id: 0x981c4e6c, L:/127.0.0.1:6581 - R:localhost/127.0.0.1:4444]' for 'POST' to 'http://localhost:4444/wd/hub/session/f3258399b9621882700ddc4cc9aa2361/element'
10:30:12.008 [Forwarding findElement on session f3258399b9621882700ddc4cc9aa2361 to remote] DEBUG org.asynchttpclient.netty.request.NettyRequestSender -- Using open Channel [id: 0x981c4e6c, L:/127.0.0.1:6581 - R:localhost/127.0.0.1:4444] for POST '/wd/hub/session/f3258399b9621882700ddc4cc9aa2361/element'
10:30:12.017 [AsyncHttpClient-1-2] DEBUG org.asynchttpclient.netty.handler.HttpHandler -- 

Request DefaultHttpRequest(decodeResult: success, version: HTTP/1.1)
POST /wd/hub/session/f3258399b9621882700ddc4cc9aa2361/element HTTP/1.1
User-Agent: selenium/4.1.3 (java windows)
traceparent: 00-4e7cbddc8ba76c1875cf9ececfaea18a-3ef329cbae1f1d6f-01
Content-Length: 76
Content-Type: application/json; charset=utf-8
host: localhost:4444
accept: */*

Response DefaultHttpResponse(decodeResult: success, version: HTTP/1.1)
HTTP/1.1 200 OK
content-type: application/json; charset=utf-8
cache-control: no-cache
content-length: 127

10:30:12.018 [AsyncHttpClient-1-2] DEBUG org.asynchttpclient.netty.channel.ChannelManager -- Adding key: http://localhost:4444 for channel [id: 0x981c4e6c, L:/127.0.0.1:6581 - R:localhost/127.0.0.1:4444]
10:30:12.019 [Forwarding clickElement on session f3258399b9621882700ddc4cc9aa2361 to remote] DEBUG org.asynchttpclient.netty.request.NettyRequestSender -- Using pooled Channel '[id: 0x981c4e6c, L:/127.0.0.1:6581 - R:localhost/127.0.0.1:4444]' for 'POST' to 'http://localhost:4444/wd/hub/session/f3258399b9621882700ddc4cc9aa2361/element/f.9CD81368133981EBB7650FB5D1B87462.d.D47A566A23AFAC0C3D2EF60393ED4451.e.107/click'
10:30:12.019 [Forwarding clickElement on session f3258399b9621882700ddc4cc9aa2361 to remote] DEBUG org.asynchttpclient.netty.request.NettyRequestSender -- Using open Channel [id: 0x981c4e6c, L:/127.0.0.1:6581 - R:localhost/127.0.0.1:4444] for POST '/wd/hub/session/f3258399b9621882700ddc4cc9aa2361/element/f.9CD81368133981EBB7650FB5D1B87462.d.D47A566A23AFAC0C3D2EF60393ED4451.e.107/click'
10:30:13.270 [AsyncHttpClient-1-2] DEBUG org.asynchttpclient.netty.handler.HttpHandler -- 

Request DefaultHttpRequest(decodeResult: success, version: HTTP/1.1)
POST /wd/hub/session/f3258399b9621882700ddc4cc9aa2361/element/f.9CD81368133981EBB7650FB5D1B87462.d.D47A566A23AFAC0C3D2EF60393ED4451.e.107/click HTTP/1.1
User-Agent: selenium/4.1.3 (java windows)
traceparent: 00-e74519487adab6dffdb6b4395dacf20b-54109e0ef321996b-01
Content-Length: 89
Content-Type: application/json; charset=utf-8
host: localhost:4444
accept: */*

Response DefaultHttpResponse(decodeResult: success, version: HTTP/1.1)
HTTP/1.1 200 OK
content-type: application/json; charset=utf-8
cache-control: no-cache
content-length: 14

10:30:13.270 [AsyncHttpClient-1-2] DEBUG org.asynchttpclient.netty.channel.ChannelManager -- Adding key: http://localhost:4444 for channel [id: 0x981c4e6c, L:/127.0.0.1:6581 - R:localhost/127.0.0.1:4444]
]]></system-out>
    <system-err><![CDATA[Aug 29, 2024 10:30:05 AM org.openqa.selenium.remote.ProtocolHandshake createSession
INFO: Detected dialect: W3C
]]></system-err>
  </testcase>
  <testcase name="runScenario[&quot;Verify that All Ads Option show Properly&quot;, &quot;Optional[Verify Brikroy.com Website work properly]&quot;](3)" classname="TestRunner.TestRunner" time="6.043">
    <system-out><![CDATA[10:30:13.290 [Forwarding newSession on session null to remote] DEBUG org.asynchttpclient.netty.request.NettyRequestSender -- Using pooled Channel '[id: 0x981c4e6c, L:/127.0.0.1:6581 - R:localhost/127.0.0.1:4444]' for 'POST' to 'http://localhost:4444/wd/hub/session'
10:30:13.290 [Forwarding newSession on session null to remote] DEBUG org.asynchttpclient.netty.request.NettyRequestSender -- Using open Channel [id: 0x981c4e6c, L:/127.0.0.1:6581 - R:localhost/127.0.0.1:4444] for POST '/wd/hub/session'
10:30:14.017 [AsyncHttpClient-1-2] DEBUG org.asynchttpclient.netty.handler.HttpHandler -- 

Request DefaultHttpRequest(decodeResult: success, version: HTTP/1.1)
POST /wd/hub/session HTTP/1.1
User-Agent: selenium/4.1.3 (java windows)
traceparent: 00-70e8b769673d4876fd297c547ada0fa7-6c1ad147ab8e5947-01
Content-Length: 341
Content-Type: application/json; charset=utf-8
host: localhost:4444
accept: */*

Response DefaultHttpResponse(decodeResult: success, version: HTTP/1.1)
HTTP/1.1 200 OK
Cache-Control: no-cache
Content-Type: application/json; charset=utf-8
content-length: 1350

10:30:14.018 [AsyncHttpClient-1-2] DEBUG org.asynchttpclient.netty.channel.ChannelManager -- Adding key: http://localhost:4444 for channel [id: 0x981c4e6c, L:/127.0.0.1:6581 - R:localhost/127.0.0.1:4444]
10:30:14.021 [Forwarding setTimeout on session 74c098b9d25b920bfff2bf1aea86b669 to remote] DEBUG org.asynchttpclient.netty.request.NettyRequestSender -- Using pooled Channel '[id: 0x981c4e6c, L:/127.0.0.1:6581 - R:localhost/127.0.0.1:4444]' for 'POST' to 'http://localhost:4444/wd/hub/session/74c098b9d25b920bfff2bf1aea86b669/timeouts'
10:30:14.021 [Forwarding setTimeout on session 74c098b9d25b920bfff2bf1aea86b669 to remote] DEBUG org.asynchttpclient.netty.request.NettyRequestSender -- Using open Channel [id: 0x981c4e6c, L:/127.0.0.1:6581 - R:localhost/127.0.0.1:4444] for POST '/wd/hub/session/74c098b9d25b920bfff2bf1aea86b669/timeouts'
10:30:14.027 [AsyncHttpClient-1-2] DEBUG org.asynchttpclient.netty.handler.HttpHandler -- 

Request DefaultHttpRequest(decodeResult: success, version: HTTP/1.1)
POST /wd/hub/session/74c098b9d25b920bfff2bf1aea86b669/timeouts HTTP/1.1
User-Agent: selenium/4.1.3 (java windows)
traceparent: 00-28ab3e3192ce1c662be6d8f0a692c66a-c81e40d71c53fdb1-01
Content-Length: 22
Content-Type: application/json; charset=utf-8
host: localhost:4444
accept: */*

Response DefaultHttpResponse(decodeResult: success, version: HTTP/1.1)
HTTP/1.1 200 OK
content-type: application/json; charset=utf-8
cache-control: no-cache
content-length: 14

10:30:14.027 [AsyncHttpClient-1-2] DEBUG org.asynchttpclient.netty.channel.ChannelManager -- Adding key: http://localhost:4444 for channel [id: 0x981c4e6c, L:/127.0.0.1:6581 - R:localhost/127.0.0.1:4444]
10:30:14.028 [Forwarding maximizeCurrentWindow on session 74c098b9d25b920bfff2bf1aea86b669 to remote] DEBUG org.asynchttpclient.netty.request.NettyRequestSender -- Using pooled Channel '[id: 0x981c4e6c, L:/127.0.0.1:6581 - R:localhost/127.0.0.1:4444]' for 'POST' to 'http://localhost:4444/wd/hub/session/74c098b9d25b920bfff2bf1aea86b669/window/maximize'
10:30:14.028 [Forwarding maximizeCurrentWindow on session 74c098b9d25b920bfff2bf1aea86b669 to remote] DEBUG org.asynchttpclient.netty.request.NettyRequestSender -- Using open Channel [id: 0x981c4e6c, L:/127.0.0.1:6581 - R:localhost/127.0.0.1:4444] for POST '/wd/hub/session/74c098b9d25b920bfff2bf1aea86b669/window/maximize'
10:30:14.057 [AsyncHttpClient-1-2] DEBUG org.asynchttpclient.netty.handler.HttpHandler -- 

Request DefaultHttpRequest(decodeResult: success, version: HTTP/1.1)
POST /wd/hub/session/74c098b9d25b920bfff2bf1aea86b669/window/maximize HTTP/1.1
User-Agent: selenium/4.1.3 (java windows)
traceparent: 00-c30112ecffa32e3308a28bc1012e1c2e-6891d9c5a83b5d88-01
Content-Length: 3
Content-Type: application/json; charset=utf-8
host: localhost:4444
accept: */*

Response DefaultHttpResponse(decodeResult: success, version: HTTP/1.1)
HTTP/1.1 200 OK
content-type: application/json; charset=utf-8
cache-control: no-cache
content-length: 52

10:30:14.057 [AsyncHttpClient-1-2] DEBUG org.asynchttpclient.netty.channel.ChannelManager -- Adding key: http://localhost:4444 for channel [id: 0x981c4e6c, L:/127.0.0.1:6581 - R:localhost/127.0.0.1:4444]
10:30:14.059 [Forwarding get on session 74c098b9d25b920bfff2bf1aea86b669 to remote] DEBUG org.asynchttpclient.netty.request.NettyRequestSender -- Using pooled Channel '[id: 0x981c4e6c, L:/127.0.0.1:6581 - R:localhost/127.0.0.1:4444]' for 'POST' to 'http://localhost:4444/wd/hub/session/74c098b9d25b920bfff2bf1aea86b669/url'
10:30:14.059 [Forwarding get on session 74c098b9d25b920bfff2bf1aea86b669 to remote] DEBUG org.asynchttpclient.netty.request.NettyRequestSender -- Using open Channel [id: 0x981c4e6c, L:/127.0.0.1:6581 - R:localhost/127.0.0.1:4444] for POST '/wd/hub/session/74c098b9d25b920bfff2bf1aea86b669/url'
10:30:17.211 [AsyncHttpClient-1-2] DEBUG org.asynchttpclient.netty.handler.HttpHandler -- 

Request DefaultHttpRequest(decodeResult: success, version: HTTP/1.1)
POST /wd/hub/session/74c098b9d25b920bfff2bf1aea86b669/url HTTP/1.1
User-Agent: selenium/4.1.3 (java windows)
traceparent: 00-58ce0b367cd4a2d6f2976e99afb7f22f-f1d58021837e22ab-01
Content-Length: 57
Content-Type: application/json; charset=utf-8
host: localhost:4444
accept: */*

Response DefaultHttpResponse(decodeResult: success, version: HTTP/1.1)
HTTP/1.1 200 OK
content-type: application/json; charset=utf-8
cache-control: no-cache
content-length: 14

10:30:17.211 [AsyncHttpClient-1-2] DEBUG org.asynchttpclient.netty.channel.ChannelManager -- Adding key: http://localhost:4444 for channel [id: 0x981c4e6c, L:/127.0.0.1:6581 - R:localhost/127.0.0.1:4444]
10:30:17.212 [Forwarding getCurrentUrl on session 74c098b9d25b920bfff2bf1aea86b669 to remote] DEBUG org.asynchttpclient.netty.request.NettyRequestSender -- Using pooled Channel '[id: 0x981c4e6c, L:/127.0.0.1:6581 - R:localhost/127.0.0.1:4444]' for 'GET' to 'http://localhost:4444/wd/hub/session/74c098b9d25b920bfff2bf1aea86b669/url'
10:30:17.212 [Forwarding getCurrentUrl on session 74c098b9d25b920bfff2bf1aea86b669 to remote] DEBUG org.asynchttpclient.netty.request.NettyRequestSender -- Using open Channel [id: 0x981c4e6c, L:/127.0.0.1:6581 - R:localhost/127.0.0.1:4444] for GET '/wd/hub/session/74c098b9d25b920bfff2bf1aea86b669/url'
10:30:17.221 [AsyncHttpClient-1-2] DEBUG org.asynchttpclient.netty.handler.HttpHandler -- 

Request DefaultFullHttpRequest(decodeResult: success, version: HTTP/1.1, content: EmptyByteBufBE)
GET /wd/hub/session/74c098b9d25b920bfff2bf1aea86b669/url HTTP/1.1
User-Agent: selenium/4.1.3 (java windows)
Cache-Control: no-cache
traceparent: 00-300072fbf1dc7ad941ddddfa68f5457e-da410abc9cbd1953-01
Content-Type: application/json; charset=utf-8
host: localhost:4444
accept: */*

Response DefaultHttpResponse(decodeResult: success, version: HTTP/1.1)
HTTP/1.1 200 OK
content-type: application/json; charset=utf-8
cache-control: no-cache
content-length: 34

10:30:17.221 [AsyncHttpClient-1-2] DEBUG org.asynchttpclient.netty.channel.ChannelManager -- Adding key: http://localhost:4444 for channel [id: 0x981c4e6c, L:/127.0.0.1:6581 - R:localhost/127.0.0.1:4444]
10:30:17.222 [Forwarding findElement on session 74c098b9d25b920bfff2bf1aea86b669 to remote] DEBUG org.asynchttpclient.netty.request.NettyRequestSender -- Using pooled Channel '[id: 0x981c4e6c, L:/127.0.0.1:6581 - R:localhost/127.0.0.1:4444]' for 'POST' to 'http://localhost:4444/wd/hub/session/74c098b9d25b920bfff2bf1aea86b669/element'
10:30:17.222 [Forwarding findElement on session 74c098b9d25b920bfff2bf1aea86b669 to remote] DEBUG org.asynchttpclient.netty.request.NettyRequestSender -- Using open Channel [id: 0x981c4e6c, L:/127.0.0.1:6581 - R:localhost/127.0.0.1:4444] for POST '/wd/hub/session/74c098b9d25b920bfff2bf1aea86b669/element'
10:30:17.234 [AsyncHttpClient-1-2] DEBUG org.asynchttpclient.netty.handler.HttpHandler -- 

Request DefaultHttpRequest(decodeResult: success, version: HTTP/1.1)
POST /wd/hub/session/74c098b9d25b920bfff2bf1aea86b669/element HTTP/1.1
User-Agent: selenium/4.1.3 (java windows)
traceparent: 00-074f43c604403fd4586abbe4e8010efc-b5215bae5d59892e-01
Content-Length: 79
Content-Type: application/json; charset=utf-8
host: localhost:4444
accept: */*

Response DefaultHttpResponse(decodeResult: success, version: HTTP/1.1)
HTTP/1.1 200 OK
content-type: application/json; charset=utf-8
cache-control: no-cache
content-length: 127

10:30:17.234 [AsyncHttpClient-1-2] DEBUG org.asynchttpclient.netty.channel.ChannelManager -- Adding key: http://localhost:4444 for channel [id: 0x981c4e6c, L:/127.0.0.1:6581 - R:localhost/127.0.0.1:4444]
10:30:17.236 [Forwarding isElementDisplayed on session 74c098b9d25b920bfff2bf1aea86b669 to remote] DEBUG org.asynchttpclient.netty.request.NettyRequestSender -- Using pooled Channel '[id: 0x981c4e6c, L:/127.0.0.1:6581 - R:localhost/127.0.0.1:4444]' for 'POST' to 'http://localhost:4444/wd/hub/session/74c098b9d25b920bfff2bf1aea86b669/execute/sync'
10:30:17.236 [Forwarding isElementDisplayed on session 74c098b9d25b920bfff2bf1aea86b669 to remote] DEBUG org.asynchttpclient.netty.request.NettyRequestSender -- Using open Channel [id: 0x981c4e6c, L:/127.0.0.1:6581 - R:localhost/127.0.0.1:4444] for POST '/wd/hub/session/74c098b9d25b920bfff2bf1aea86b669/execute/sync'
10:30:17.251 [AsyncHttpClient-1-2] DEBUG org.asynchttpclient.netty.handler.HttpHandler -- 

Request DefaultHttpRequest(decodeResult: success, version: HTTP/1.1)
POST /wd/hub/session/74c098b9d25b920bfff2bf1aea86b669/execute/sync HTTP/1.1
User-Agent: selenium/4.1.3 (java windows)
traceparent: 00-5483b87f17f15725a60fb8c9ceb20388-9b96f50556bef46c-01
Content-Length: 48819
Content-Type: application/json; charset=utf-8
host: localhost:4444
accept: */*

Response DefaultHttpResponse(decodeResult: success, version: HTTP/1.1)
HTTP/1.1 200 OK
content-type: application/json; charset=utf-8
cache-control: no-cache
content-length: 14

10:30:17.251 [AsyncHttpClient-1-2] DEBUG org.asynchttpclient.netty.channel.ChannelManager -- Adding key: http://localhost:4444 for channel [id: 0x981c4e6c, L:/127.0.0.1:6581 - R:localhost/127.0.0.1:4444]
10:30:18.215 [AsyncHttpClient-1-1] DEBUG org.asynchttpclient.netty.channel.DefaultChannelPool -- Entry count for : http://localhost:4444 : 1
10:30:19.258 [Forwarding findElement on session 74c098b9d25b920bfff2bf1aea86b669 to remote] DEBUG org.asynchttpclient.netty.request.NettyRequestSender -- Using pooled Channel '[id: 0x981c4e6c, L:/127.0.0.1:6581 - R:localhost/127.0.0.1:4444]' for 'POST' to 'http://localhost:4444/wd/hub/session/74c098b9d25b920bfff2bf1aea86b669/element'
10:30:19.258 [Forwarding findElement on session 74c098b9d25b920bfff2bf1aea86b669 to remote] DEBUG org.asynchttpclient.netty.request.NettyRequestSender -- Using open Channel [id: 0x981c4e6c, L:/127.0.0.1:6581 - R:localhost/127.0.0.1:4444] for POST '/wd/hub/session/74c098b9d25b920bfff2bf1aea86b669/element'
10:30:19.271 [AsyncHttpClient-1-2] DEBUG org.asynchttpclient.netty.handler.HttpHandler -- 

Request DefaultHttpRequest(decodeResult: success, version: HTTP/1.1)
POST /wd/hub/session/74c098b9d25b920bfff2bf1aea86b669/element HTTP/1.1
User-Agent: selenium/4.1.3 (java windows)
traceparent: 00-bd355ca5e17b4f611087402e89849a2d-dc084f35bdb723c0-01
Content-Length: 79
Content-Type: application/json; charset=utf-8
host: localhost:4444
accept: */*

Response DefaultHttpResponse(decodeResult: success, version: HTTP/1.1)
HTTP/1.1 200 OK
content-type: application/json; charset=utf-8
cache-control: no-cache
content-length: 127

10:30:19.271 [AsyncHttpClient-1-2] DEBUG org.asynchttpclient.netty.channel.ChannelManager -- Adding key: http://localhost:4444 for channel [id: 0x981c4e6c, L:/127.0.0.1:6581 - R:localhost/127.0.0.1:4444]
10:30:19.272 [Forwarding clickElement on session 74c098b9d25b920bfff2bf1aea86b669 to remote] DEBUG org.asynchttpclient.netty.request.NettyRequestSender -- Using pooled Channel '[id: 0x981c4e6c, L:/127.0.0.1:6581 - R:localhost/127.0.0.1:4444]' for 'POST' to 'http://localhost:4444/wd/hub/session/74c098b9d25b920bfff2bf1aea86b669/element/f.D5DD499912BB9821830EED4D91F47218.d.88F83B3784F82FBBDC4591A74CA0CCD2.e.105/click'
[...]
HTTP/1.1 200 OK
content-type: application/json; charset=utf-8
cache-control: no-cache
content-length: 14

10:32:17.080 [AsyncHttpClient-1-2] DEBUG org.asynchttpclient.netty.channel.ChannelManager -- Adding key: http://localhost:4444 for channel [id: 0x981c4e6c, L:/127.0.0.1:6581 - R:localhost/127.0.0.1:4444]
10:32:17.081 [Forwarding maximizeCurrentWindow on session c05a19e0445a09f3e17aaec6fe0e3c7b to remote] DEBUG org.asynchttpclient.netty.request.NettyRequestSender -- Using pooled Channel '[id: 0x981c4e6c, L:/127.0.0.1:6581 - R:localhost/127.0.0.1:4444]' for 'POST' to 'http://localhost:4444/wd/hub/session/c05a19e0445a09f3e17aaec6fe0e3c7b/window/maximize'
10:32:17.081 [Forwarding maximizeCurrentWindow on session c05a19e0445a09f3e17aaec6fe0e3c7b to remote] DEBUG org.asynchttpclient.netty.request.NettyRequestSender -- Using open Channel [id: 0x981c4e6c, L:/127.0.0.1:6581 - R:localhost/127.0.0.1:4444] for POST '/wd/hub/session/c05a19e0445a09f3e17aaec6fe0e3c7b/window/maximize'
10:32:17.112 [AsyncHttpClient-1-2] DEBUG org.asynchttpclient.netty.handler.HttpHandler -- 

Request DefaultHttpRequest(decodeResult: success, version: HTTP/1.1)
POST /wd/hub/session/c05a19e0445a09f3e17aaec6fe0e3c7b/window/maximize HTTP/1.1
User-Agent: selenium/4.1.3 (java windows)
traceparent: 00-7849871f5fcb7b83a12a29db855bc4fe-9cc3282a66fe68f1-01
Content-Length: 3
Content-Type: application/json; charset=utf-8
host: localhost:4444
accept: */*

Response DefaultHttpResponse(decodeResult: success, version: HTTP/1.1)
HTTP/1.1 200 OK
content-type: application/json; charset=utf-8
cache-control: no-cache
content-length: 52

10:32:17.112 [AsyncHttpClient-1-2] DEBUG org.asynchttpclient.netty.channel.ChannelManager -- Adding key: http://localhost:4444 for channel [id: 0x981c4e6c, L:/127.0.0.1:6581 - R:localhost/127.0.0.1:4444]
10:32:17.113 [Forwarding get on session c05a19e0445a09f3e17aaec6fe0e3c7b to remote] DEBUG org.asynchttpclient.netty.request.NettyRequestSender -- Using pooled Channel '[id: 0x981c4e6c, L:/127.0.0.1:6581 - R:localhost/127.0.0.1:4444]' for 'POST' to 'http://localhost:4444/wd/hub/session/c05a19e0445a09f3e17aaec6fe0e3c7b/url'
10:32:17.113 [Forwarding get on session c05a19e0445a09f3e17aaec6fe0e3c7b to remote] DEBUG org.asynchttpclient.netty.request.NettyRequestSender -- Using open Channel [id: 0x981c4e6c, L:/127.0.0.1:6581 - R:localhost/127.0.0.1:4444] for POST '/wd/hub/session/c05a19e0445a09f3e17aaec6fe0e3c7b/url'
10:32:21.166 [AsyncHttpClient-1-2] DEBUG org.asynchttpclient.netty.handler.HttpHandler -- 

Request DefaultHttpRequest(decodeResult: success, version: HTTP/1.1)
POST /wd/hub/session/c05a19e0445a09f3e17aaec6fe0e3c7b/url HTTP/1.1
User-Agent: selenium/4.1.3 (java windows)
traceparent: 00-74dcf23e5358a4ff01543a38e0796dfe-eff7bf5fbd73dbec-01
Content-Length: 57
Content-Type: application/json; charset=utf-8
host: localhost:4444
accept: */*

Response DefaultHttpResponse(decodeResult: success, version: HTTP/1.1)
HTTP/1.1 200 OK
content-type: application/json; charset=utf-8
cache-control: no-cache
content-length: 14

10:32:21.166 [AsyncHttpClient-1-2] DEBUG org.asynchttpclient.netty.channel.ChannelManager -- Adding key: http://localhost:4444 for channel [id: 0x981c4e6c, L:/127.0.0.1:6581 - R:localhost/127.0.0.1:4444]
10:32:21.167 [Forwarding getCurrentUrl on session c05a19e0445a09f3e17aaec6fe0e3c7b to remote] DEBUG org.asynchttpclient.netty.request.NettyRequestSender -- Using pooled Channel '[id: 0x981c4e6c, L:/127.0.0.1:6581 - R:localhost/127.0.0.1:4444]' for 'GET' to 'http://localhost:4444/wd/hub/session/c05a19e0445a09f3e17aaec6fe0e3c7b/url'
10:32:21.167 [Forwarding getCurrentUrl on session c05a19e0445a09f3e17aaec6fe0e3c7b to remote] DEBUG org.asynchttpclient.netty.request.NettyRequestSender -- Using open Channel [id: 0x981c4e6c, L:/127.0.0.1:6581 - R:localhost/127.0.0.1:4444] for GET '/wd/hub/session/c05a19e0445a09f3e17aaec6fe0e3c7b/url'
10:32:21.173 [AsyncHttpClient-1-2] DEBUG org.asynchttpclient.netty.handler.HttpHandler -- 

Request DefaultFullHttpRequest(decodeResult: success, version: HTTP/1.1, content: EmptyByteBufBE)
GET /wd/hub/session/c05a19e0445a09f3e17aaec6fe0e3c7b/url HTTP/1.1
User-Agent: selenium/4.1.3 (java windows)
Cache-Control: no-cache
traceparent: 00-9d7d615ac519bf059e0ce00ec5b22440-6666cd7f9eb4e070-01
Content-Type: application/json; charset=utf-8
host: localhost:4444
accept: */*

Response DefaultHttpResponse(decodeResult: success, version: HTTP/1.1)
HTTP/1.1 200 OK
content-type: application/json; charset=utf-8
cache-control: no-cache
content-length: 34

10:32:21.174 [AsyncHttpClient-1-2] DEBUG org.asynchttpclient.netty.channel.ChannelManager -- Adding key: http://localhost:4444 for channel [id: 0x981c4e6c, L:/127.0.0.1:6581 - R:localhost/127.0.0.1:4444]
10:32:21.413 [AsyncHttpClient-1-1] DEBUG org.asynchttpclient.netty.channel.DefaultChannelPool -- Entry count for : http://localhost:4444 : 1
10:32:22.522 [AsyncHttpClient-1-1] DEBUG org.asynchttpclient.netty.channel.DefaultChannelPool -- Entry count for : http://localhost:4444 : 1
10:32:23.618 [AsyncHttpClient-1-1] DEBUG org.asynchttpclient.netty.channel.DefaultChannelPool -- Entry count for : http://localhost:4444 : 1
10:32:24.713 [AsyncHttpClient-1-1] DEBUG org.asynchttpclient.netty.channel.DefaultChannelPool -- Entry count for : http://localhost:4444 : 1
10:32:25.814 [AsyncHttpClient-1-1] DEBUG org.asynchttpclient.netty.channel.DefaultChannelPool -- Entry count for : http://localhost:4444 : 1
10:32:26.919 [AsyncHttpClient-1-1] DEBUG org.asynchttpclient.netty.channel.DefaultChannelPool -- Entry count for : http://localhost:4444 : 1
10:32:28.013 [AsyncHttpClient-1-1] DEBUG org.asynchttpclient.netty.channel.DefaultChannelPool -- Entry count for : http://localhost:4444 : 1
10:32:29.118 [AsyncHttpClient-1-1] DEBUG org.asynchttpclient.netty.channel.DefaultChannelPool -- Entry count for : http://localhost:4444 : 1
10:32:30.216 [AsyncHttpClient-1-1] DEBUG org.asynchttpclient.netty.channel.DefaultChannelPool -- Entry count for : http://localhost:4444 : 1
10:32:31.180 [Forwarding findElement on session c05a19e0445a09f3e17aaec6fe0e3c7b to remote] DEBUG org.asynchttpclient.netty.request.NettyRequestSender -- Using pooled Channel '[id: 0x981c4e6c, L:/127.0.0.1:6581 - R:localhost/127.0.0.1:4444]' for 'POST' to 'http://localhost:4444/wd/hub/session/c05a19e0445a09f3e17aaec6fe0e3c7b/element'
10:32:31.180 [Forwarding findElement on session c05a19e0445a09f3e17aaec6fe0e3c7b to remote] DEBUG org.asynchttpclient.netty.request.NettyRequestSender -- Using open Channel [id: 0x981c4e6c, L:/127.0.0.1:6581 - R:localhost/127.0.0.1:4444] for POST '/wd/hub/session/c05a19e0445a09f3e17aaec6fe0e3c7b/element'
10:32:36.229 [AsyncHttpClient-1-2] DEBUG org.asynchttpclient.netty.handler.HttpHandler -- 

Request DefaultHttpRequest(decodeResult: success, version: HTTP/1.1)
POST /wd/hub/session/c05a19e0445a09f3e17aaec6fe0e3c7b/element HTTP/1.1
User-Agent: selenium/4.1.3 (java windows)
traceparent: 00-aa26c9186e0801cb392f0e676d09e331-001db9c4c3ccea1b-01
Content-Length: 79
Content-Type: application/json; charset=utf-8
host: localhost:4444
accept: */*

Response DefaultHttpResponse(decodeResult: success, version: HTTP/1.1)
HTTP/1.1 404 Not Found
content-type: application/json; charset=utf-8
cache-control: no-cache
content-length: 1065

10:32:36.229 [AsyncHttpClient-1-2] DEBUG org.asynchttpclient.netty.channel.ChannelManager -- Adding key: http://localhost:4444 for channel [id: 0x981c4e6c, L:/127.0.0.1:6581 - R:localhost/127.0.0.1:4444]
]]></system-out>
    <system-err><![CDATA[Aug 29, 2024 10:32:17 AM org.openqa.selenium.remote.ProtocolHandshake createSession
INFO: Detected dialect: W3C
]]></system-err>
  </testcase>
  <testcase name="runScenario[&quot;Verify User and Can login&quot;, &quot;Optional[Verify Google works properly]&quot;](15)" classname="TestRunner.TestRunner" time="8.478">
    <failure message="no such element: Unable to locate element: {&quot;method&quot;:&quot;xpath&quot;,&quot;selector&quot;:&quot;//textarea[@id=&apos;APjFqb&apos;]&quot;}&#10;  (Session info: chrome=128.0.6613.85)&#10;For documentation on this error, please visit: https://selenium.dev/exceptions/#no_such_element&#10;Build info: version: &apos;4.1.3&apos;, revision: &apos;7b1ebf28ef&apos;&#10;System info: host: &apos;QUPS-DESKTOP&apos;, ip: &apos;192.168.0.130&apos;, os.name: &apos;Windows 11&apos;, os.arch: &apos;amd64&apos;, os.version: &apos;10.0&apos;, java.version: &apos;11.0.22&apos;&#10;Driver info: org.openqa.selenium.remote.RemoteWebDriver&#10;Command: [cf155441cbd2a6e30f4d5b30d3cd17b6, findElement {using=xpath, value=//textarea[@id=&apos;APjFqb&apos;]}]&#10;Capabilities {acceptInsecureCerts: false, browserName: chrome, browserVersion: 128.0.6613.85, chrome: {chromedriverVersion: 128.0.6613.86 (3045ed680fda..., userDataDir: C:\Users\TALLYK~1\AppData\L...}, fedcm:accounts: true, goog:chromeOptions: {debuggerAddress: localhost:8274}, javascriptEnabled: true, networkConnectionEnabled: false, pageLoadStrategy: normal, platform: XP, platformName: XP, proxy: Proxy(), se:bidiEnabled: false, se:cdp: ws://localhost:4444/session..., se:cdpVersion: 128.0.6613.85, setWindowRect: true, strictFileInteractability: false, timeouts: {implicit: 0, pageLoad: 300000, script: 30000}, unhandledPromptBehavior: dismiss and notify, webauthn:extension:credBlob: true, webauthn:extension:largeBlob: true, webauthn:extension:minPinLength: true, webauthn:extension:prf: true, webauthn:virtualAuthenticators: true}&#10;Session ID: cf155441cbd2a6e30f4d5b30d3cd17b6" type="org.openqa.selenium.NoSuchElementException"><![CDATA[org.openqa.selenium.NoSuchElementException: 
no such element: Unable to locate element: {"method":"xpath","selector":"//textarea[@id='APjFqb']"}
  (Session info: chrome=128.0.6613.85)
For documentation on this error, please visit: https://selenium.dev/exceptions/#no_such_element
Build info: version: '4.1.3', revision: '7b1ebf28ef'
System info: host: 'QUPS-DESKTOP', ip: '192.168.0.130', os.name: 'Windows 11', os.arch: 'amd64', os.version: '10.0', java.version: '11.0.22'
Driver info: org.openqa.selenium.remote.RemoteWebDriver
Command: [cf155441cbd2a6e30f4d5b30d3cd17b6, findElement {using=xpath, value=//textarea[@id='APjFqb']}]
Capabilities {acceptInsecureCerts: false, browserName: chrome, browserVersion: 128.0.6613.85, chrome: {chromedriverVersion: 128.0.6613.86 (3045ed680fda..., userDataDir: C:\Users\TALLYK~1\AppData\L...}, fedcm:accounts: true, goog:chromeOptions: {debuggerAddress: localhost:8274}, javascriptEnabled: true, networkConnectionEnabled: false, pageLoadStrategy: normal, platform: XP, platformName: XP, proxy: Proxy(), se:bidiEnabled: false, se:cdp: ws://localhost:4444/session..., se:cdpVersion: 128.0.6613.85, setWindowRect: true, strictFileInteractability: false, timeouts: {implicit: 0, pageLoad: 300000, script: 30000}, unhandledPromptBehavior: dismiss and notify, webauthn:extension:credBlob: true, webauthn:extension:largeBlob: true, webauthn:extension:minPinLength: true, webauthn:extension:prf: true, webauthn:virtualAuthenticators: true}
Session ID: cf155441cbd2a6e30f4d5b30d3cd17b6
]]></failure>
    <system-out><![CDATA[10:32:36.245 [Forwarding newSession on session null to remote] DEBUG org.asynchttpclient.netty.request.NettyRequestSender -- Using pooled Channel '[id: 0x981c4e6c, L:/127.0.0.1:6581 - R:localhost/127.0.0.1:4444]' for 'POST' to 'http://localhost:4444/wd/hub/session'
10:32:36.245 [Forwarding newSession on session null to remote] DEBUG org.asynchttpclient.netty.request.NettyRequestSender -- Using open Channel [id: 0x981c4e6c, L:/127.0.0.1:6581 - R:localhost/127.0.0.1:4444] for POST '/wd/hub/session'
10:32:37.049 [AsyncHttpClient-1-2] DEBUG org.asynchttpclient.netty.handler.HttpHandler -- 

Request DefaultHttpRequest(decodeResult: success, version: HTTP/1.1)
POST /wd/hub/session HTTP/1.1
User-Agent: selenium/4.1.3 (java windows)
traceparent: 00-a1714380fd1322ae1e431c4d3f67c720-a543e9398b0d40d8-01
Content-Length: 341
Content-Type: application/json; charset=utf-8
host: localhost:4444
accept: */*

Response DefaultHttpResponse(decodeResult: success, version: HTTP/1.1)
HTTP/1.1 200 OK
Cache-Control: no-cache
Content-Type: application/json; charset=utf-8
content-length: 1348

10:32:37.049 [AsyncHttpClient-1-2] DEBUG org.asynchttpclient.netty.channel.ChannelManager -- Adding key: http://localhost:4444 for channel [id: 0x981c4e6c, L:/127.0.0.1:6581 - R:localhost/127.0.0.1:4444]
10:32:37.053 [Forwarding setTimeout on session cf155441cbd2a6e30f4d5b30d3cd17b6 to remote] DEBUG org.asynchttpclient.netty.request.NettyRequestSender -- Using pooled Channel '[id: 0x981c4e6c, L:/127.0.0.1:6581 - R:localhost/127.0.0.1:4444]' for 'POST' to 'http://localhost:4444/wd/hub/session/cf155441cbd2a6e30f4d5b30d3cd17b6/timeouts'
10:32:37.053 [Forwarding setTimeout on session cf155441cbd2a6e30f4d5b30d3cd17b6 to remote] DEBUG org.asynchttpclient.netty.request.NettyRequestSender -- Using open Channel [id: 0x981c4e6c, L:/127.0.0.1:6581 - R:localhost/127.0.0.1:4444] for POST '/wd/hub/session/cf155441cbd2a6e30f4d5b30d3cd17b6/timeouts'
10:32:37.058 [AsyncHttpClient-1-2] DEBUG org.asynchttpclient.netty.handler.HttpHandler -- 

Request DefaultHttpRequest(decodeResult: success, version: HTTP/1.1)
POST /wd/hub/session/cf155441cbd2a6e30f4d5b30d3cd17b6/timeouts HTTP/1.1
User-Agent: selenium/4.1.3 (java windows)
traceparent: 00-59201d1bee041bf8bf3c994b8dc963dc-43145614d6e8af9c-01
Content-Length: 22
Content-Type: application/json; charset=utf-8
host: localhost:4444
accept: */*

Response DefaultHttpResponse(decodeResult: success, version: HTTP/1.1)
HTTP/1.1 200 OK
content-type: application/json; charset=utf-8
cache-control: no-cache
content-length: 14

10:32:37.058 [AsyncHttpClient-1-2] DEBUG org.asynchttpclient.netty.channel.ChannelManager -- Adding key: http://localhost:4444 for channel [id: 0x981c4e6c, L:/127.0.0.1:6581 - R:localhost/127.0.0.1:4444]
10:32:37.059 [Forwarding maximizeCurrentWindow on session cf155441cbd2a6e30f4d5b30d3cd17b6 to remote] DEBUG org.asynchttpclient.netty.request.NettyRequestSender -- Using pooled Channel '[id: 0x981c4e6c, L:/127.0.0.1:6581 - R:localhost/127.0.0.1:4444]' for 'POST' to 'http://localhost:4444/wd/hub/session/cf155441cbd2a6e30f4d5b30d3cd17b6/window/maximize'
10:32:37.059 [Forwarding maximizeCurrentWindow on session cf155441cbd2a6e30f4d5b30d3cd17b6 to remote] DEBUG org.asynchttpclient.netty.request.NettyRequestSender -- Using open Channel [id: 0x981c4e6c, L:/127.0.0.1:6581 - R:localhost/127.0.0.1:4444] for POST '/wd/hub/session/cf155441cbd2a6e30f4d5b30d3cd17b6/window/maximize'
10:32:37.087 [AsyncHttpClient-1-2] DEBUG org.asynchttpclient.netty.handler.HttpHandler -- 

Request DefaultHttpRequest(decodeResult: success, version: HTTP/1.1)
POST /wd/hub/session/cf155441cbd2a6e30f4d5b30d3cd17b6/window/maximize HTTP/1.1
User-Agent: selenium/4.1.3 (java windows)
traceparent: 00-c113b62124d3d46565645de0f1775128-eb1ef78f2e58ba71-01
Content-Length: 3
Content-Type: application/json; charset=utf-8
host: localhost:4444
accept: */*

Response DefaultHttpResponse(decodeResult: success, version: HTTP/1.1)
HTTP/1.1 200 OK
content-type: application/json; charset=utf-8
cache-control: no-cache
content-length: 52

10:32:37.087 [AsyncHttpClient-1-2] DEBUG org.asynchttpclient.netty.channel.ChannelManager -- Adding key: http://localhost:4444 for channel [id: 0x981c4e6c, L:/127.0.0.1:6581 - R:localhost/127.0.0.1:4444]
10:32:37.088 [Forwarding get on session cf155441cbd2a6e30f4d5b30d3cd17b6 to remote] DEBUG org.asynchttpclient.netty.request.NettyRequestSender -- Using pooled Channel '[id: 0x981c4e6c, L:/127.0.0.1:6581 - R:localhost/127.0.0.1:4444]' for 'POST' to 'http://localhost:4444/wd/hub/session/cf155441cbd2a6e30f4d5b30d3cd17b6/url'
10:32:37.088 [Forwarding get on session cf155441cbd2a6e30f4d5b30d3cd17b6 to remote] DEBUG org.asynchttpclient.netty.request.NettyRequestSender -- Using open Channel [id: 0x981c4e6c, L:/127.0.0.1:6581 - R:localhost/127.0.0.1:4444] for POST '/wd/hub/session/cf155441cbd2a6e30f4d5b30d3cd17b6/url'
10:32:39.645 [AsyncHttpClient-1-2] DEBUG org.asynchttpclient.netty.handler.HttpHandler -- 

Request DefaultHttpRequest(decodeResult: success, version: HTTP/1.1)
POST /wd/hub/session/cf155441cbd2a6e30f4d5b30d3cd17b6/url HTTP/1.1
User-Agent: selenium/4.1.3 (java windows)
traceparent: 00-d3b86d3b8aa089b2c208bad4f8276141-7b45f243d97b526a-01
Content-Length: 57
Content-Type: application/json; charset=utf-8
host: localhost:4444
accept: */*

Response DefaultHttpResponse(decodeResult: success, version: HTTP/1.1)
HTTP/1.1 200 OK
content-type: application/json; charset=utf-8
cache-control: no-cache
content-length: 14

10:32:39.645 [AsyncHttpClient-1-2] DEBUG org.asynchttpclient.netty.channel.ChannelManager -- Adding key: http://localhost:4444 for channel [id: 0x981c4e6c, L:/127.0.0.1:6581 - R:localhost/127.0.0.1:4444]
10:32:39.646 [Forwarding getCurrentUrl on session cf155441cbd2a6e30f4d5b30d3cd17b6 to remote] DEBUG org.asynchttpclient.netty.request.NettyRequestSender -- Using pooled Channel '[id: 0x981c4e6c, L:/127.0.0.1:6581 - R:localhost/127.0.0.1:4444]' for 'GET' to 'http://localhost:4444/wd/hub/session/cf155441cbd2a6e30f4d5b30d3cd17b6/url'
10:32:39.646 [Forwarding getCurrentUrl on session cf155441cbd2a6e30f4d5b30d3cd17b6 to remote] DEBUG org.asynchttpclient.netty.request.NettyRequestSender -- Using open Channel [id: 0x981c4e6c, L:/127.0.0.1:6581 - R:localhost/127.0.0.1:4444] for GET '/wd/hub/session/cf155441cbd2a6e30f4d5b30d3cd17b6/url'
10:32:39.653 [AsyncHttpClient-1-2] DEBUG org.asynchttpclient.netty.handler.HttpHandler -- 

Request DefaultFullHttpRequest(decodeResult: success, version: HTTP/1.1, content: EmptyByteBufBE)
GET /wd/hub/session/cf155441cbd2a6e30f4d5b30d3cd17b6/url HTTP/1.1
User-Agent: selenium/4.1.3 (java windows)
Cache-Control: no-cache
traceparent: 00-664233d4a68058260bad3533803e8c03-6c11a6d2ce2c6726-01
Content-Type: application/json; charset=utf-8
host: localhost:4444
accept: */*

Response DefaultHttpResponse(decodeResult: success, version: HTTP/1.1)
HTTP/1.1 200 OK
content-type: application/json; charset=utf-8
cache-control: no-cache
content-length: 34

10:32:39.654 [AsyncHttpClient-1-2] DEBUG org.asynchttpclient.netty.channel.ChannelManager -- Adding key: http://localhost:4444 for channel [id: 0x981c4e6c, L:/127.0.0.1:6581 - R:localhost/127.0.0.1:4444]
10:32:39.654 [Forwarding findElement on session cf155441cbd2a6e30f4d5b30d3cd17b6 to remote] DEBUG org.asynchttpclient.netty.request.NettyRequestSender -- Using pooled Channel '[id: 0x981c4e6c, L:/127.0.0.1:6581 - R:localhost/127.0.0.1:4444]' for 'POST' to 'http://localhost:4444/wd/hub/session/cf155441cbd2a6e30f4d5b30d3cd17b6/element'
10:32:39.654 [Forwarding findElement on session cf155441cbd2a6e30f4d5b30d3cd17b6 to remote] DEBUG org.asynchttpclient.netty.request.NettyRequestSender -- Using open Channel [id: 0x981c4e6c, L:/127.0.0.1:6581 - R:localhost/127.0.0.1:4444] for POST '/wd/hub/session/cf155441cbd2a6e30f4d5b30d3cd17b6/element'
10:32:44.710 [AsyncHttpClient-1-2] DEBUG org.asynchttpclient.netty.handler.HttpHandler -- 

Request DefaultHttpRequest(decodeResult: success, version: HTTP/1.1)
POST /wd/hub/session/cf155441cbd2a6e30f4d5b30d3cd17b6/element HTTP/1.1
User-Agent: selenium/4.1.3 (java windows)
traceparent: 00-0da2e6310cf8883932b8d340d575674c-f955c5e5aa9ebecf-01
Content-Length: 71
Content-Type: application/json; charset=utf-8
host: localhost:4444
accept: */*

Response DefaultHttpResponse(decodeResult: success, version: HTTP/1.1)
HTTP/1.1 404 Not Found
content-type: application/json; charset=utf-8
cache-control: no-cache
content-length: 1057

10:32:44.711 [AsyncHttpClient-1-2] DEBUG org.asynchttpclient.netty.channel.ChannelManager -- Adding key: http://localhost:4444 for channel [id: 0x981c4e6c, L:/127.0.0.1:6581 - R:localhost/127.0.0.1:4444]
]]></system-out>
    <system-err><![CDATA[Aug 29, 2024 10:32:37 AM org.openqa.selenium.remote.ProtocolHandshake createSession
INFO: Detected dialect: W3C
]]></system-err>
  </testcase>
</testsuite>