<?xml version="1.0" encoding="UTF-8"?>
<testsuite xmlns:xsi="http://www.w3.org/2001/XMLSchema-instance" xsi:noNamespaceSchemaLocation="https://maven.apache.org/surefire/maven-surefire-plugin/xsd/surefire-test-report-3.0.xsd" version="3.0" name="TestSuite" time="204.889" tests="15" errors="0" skipped="0" failures="4">
  <properties>
[...]
</properties>
  <testcase name="runScenario[&quot;Product Display&quot;, &quot;Optional[Verify Product Display properly]&quot;](1)" classname="TestRunner.TestRunner" time="26.417">
    <system-out><![CDATA[20:34:55.308 [TestNG-tests-1] DEBUG io.netty.util.internal.logging.InternalLoggerFactory -- Using SLF4J as the default logging framework
20:34:55.314 [TestNG-tests-1] DEBUG io.netty.util.ResourceLeakDetector -- -Dio.netty.leakDetection.level: simple
20:34:55.314 [TestNG-tests-1] DEBUG io.netty.util.ResourceLeakDetector -- -Dio.netty.leakDetection.targetRecords: 4
20:34:55.318 [TestNG-tests-1] DEBUG io.netty.util.ResourceLeakDetectorFactory -- Loaded default ResourceLeakDetector: io.netty.util.ResourceLeakDetector@720bdb08
20:34:55.333 [TestNG-tests-1] DEBUG io.netty.util.internal.PlatformDependent0 -- -Dio.netty.noUnsafe: false
20:34:55.333 [TestNG-tests-1] DEBUG io.netty.util.internal.PlatformDependent0 -- Java version: 17
20:34:55.335 [TestNG-tests-1] DEBUG io.netty.util.internal.PlatformDependent0 -- sun.misc.Unsafe.theUnsafe: available
20:34:55.336 [TestNG-tests-1] DEBUG io.netty.util.internal.PlatformDependent0 -- sun.misc.Unsafe.copyMemory: available
20:34:55.336 [TestNG-tests-1] DEBUG io.netty.util.internal.PlatformDependent0 -- java.nio.Buffer.address: available
20:34:55.337 [TestNG-tests-1] DEBUG io.netty.util.internal.PlatformDependent0 -- direct buffer constructor: unavailable: Reflective setAccessible(true) disabled
20:34:55.337 [TestNG-tests-1] DEBUG io.netty.util.internal.PlatformDependent0 -- java.nio.Bits.unaligned: available, true
20:34:55.338 [TestNG-tests-1] DEBUG io.netty.util.internal.PlatformDependent0 -- jdk.internal.misc.Unsafe.allocateUninitializedArray(int): unavailable: class io.netty.util.internal.PlatformDependent0$6 cannot access class jdk.internal.misc.Unsafe (in module java.base) because module java.base does not export jdk.internal.misc to unnamed module @77afea7d
20:34:55.339 [TestNG-tests-1] DEBUG io.netty.util.internal.PlatformDependent0 -- java.nio.DirectByteBuffer.<init>(long, int): unavailable
20:34:55.340 [TestNG-tests-1] DEBUG io.netty.util.internal.PlatformDependent -- sun.misc.Unsafe: available
20:34:55.341 [TestNG-tests-1] DEBUG io.netty.util.internal.PlatformDependent -- maxDirectMemory: 6392119296 bytes (maybe)
20:34:55.341 [TestNG-tests-1] DEBUG io.netty.util.internal.PlatformDependent -- -Dio.netty.tmpdir: C:\Users\MDS\AppData\Local\Temp (java.io.tmpdir)
20:34:55.341 [TestNG-tests-1] DEBUG io.netty.util.internal.PlatformDependent -- -Dio.netty.bitMode: 64 (sun.arch.data.model)
20:34:55.342 [TestNG-tests-1] DEBUG io.netty.util.internal.PlatformDependent -- Platform: Windows
20:34:55.343 [TestNG-tests-1] DEBUG io.netty.util.internal.PlatformDependent -- -Dio.netty.maxDirectMemory: -1 bytes
20:34:55.343 [TestNG-tests-1] DEBUG io.netty.util.internal.PlatformDependent -- -Dio.netty.uninitializedArrayAllocationThreshold: -1
20:34:55.344 [TestNG-tests-1] DEBUG io.netty.util.internal.CleanerJava9 -- java.nio.ByteBuffer.cleaner(): available
20:34:55.344 [TestNG-tests-1] DEBUG io.netty.util.internal.PlatformDependent -- -Dio.netty.noPreferDirect: false
20:34:55.352 [TestNG-tests-1] DEBUG io.netty.util.internal.PlatformDependent -- org.jctools-core.MpscChunkedArrayQueue: available
20:34:55.370 [TestNG-tests-1] DEBUG io.netty.util.internal.InternalThreadLocalMap -- -Dio.netty.threadLocalMap.stringBuilder.initialSize: 1024
20:34:55.370 [TestNG-tests-1] DEBUG io.netty.util.internal.InternalThreadLocalMap -- -Dio.netty.threadLocalMap.stringBuilder.maxSize: 4096
20:34:55.522 [TestNG-tests-1] DEBUG io.netty.handler.ssl.JdkSslContext -- Default protocols (JDK): [TLSv1.3, TLSv1.2] 
20:34:55.522 [TestNG-tests-1] DEBUG io.netty.handler.ssl.JdkSslContext -- Default cipher suites (JDK): [TLS_ECDHE_ECDSA_WITH_AES_256_GCM_SHA384, TLS_ECDHE_ECDSA_WITH_AES_128_GCM_SHA256, TLS_ECDHE_RSA_WITH_AES_128_GCM_SHA256, TLS_ECDHE_RSA_WITH_AES_256_GCM_SHA384, TLS_ECDHE_RSA_WITH_AES_128_CBC_SHA, TLS_ECDHE_RSA_WITH_AES_256_CBC_SHA, TLS_RSA_WITH_AES_128_GCM_SHA256, TLS_RSA_WITH_AES_128_CBC_SHA, TLS_RSA_WITH_AES_256_CBC_SHA, TLS_AES_128_GCM_SHA256, TLS_AES_256_GCM_SHA384]
20:34:55.540 [TestNG-tests-1] DEBUG io.netty.channel.MultithreadEventLoopGroup -- -Dio.netty.eventLoopThreads: 16
20:34:55.548 [TestNG-tests-1] DEBUG io.netty.channel.nio.NioEventLoop -- -Dio.netty.noKeySetOptimization: false
20:34:55.548 [TestNG-tests-1] DEBUG io.netty.channel.nio.NioEventLoop -- -Dio.netty.selectorAutoRebuildThreshold: 512
20:34:55.591 [TestNG-tests-1] DEBUG io.netty.buffer.PooledByteBufAllocator -- -Dio.netty.allocator.numHeapArenas: 16
20:34:55.591 [TestNG-tests-1] DEBUG io.netty.buffer.PooledByteBufAllocator -- -Dio.netty.allocator.numDirectArenas: 16
20:34:55.591 [TestNG-tests-1] DEBUG io.netty.buffer.PooledByteBufAllocator -- -Dio.netty.allocator.pageSize: 8192
20:34:55.591 [TestNG-tests-1] DEBUG io.netty.buffer.PooledByteBufAllocator -- -Dio.netty.allocator.maxOrder: 9
20:34:55.591 [TestNG-tests-1] DEBUG io.netty.buffer.PooledByteBufAllocator -- -Dio.netty.allocator.chunkSize: 4194304
20:34:55.591 [TestNG-tests-1] DEBUG io.netty.buffer.PooledByteBufAllocator -- -Dio.netty.allocator.smallCacheSize: 256
20:34:55.591 [TestNG-tests-1] DEBUG io.netty.buffer.PooledByteBufAllocator -- -Dio.netty.allocator.normalCacheSize: 64
20:34:55.592 [TestNG-tests-1] DEBUG io.netty.buffer.PooledByteBufAllocator -- -Dio.netty.allocator.maxCachedBufferCapacity: 32768
20:34:55.592 [TestNG-tests-1] DEBUG io.netty.buffer.PooledByteBufAllocator -- -Dio.netty.allocator.cacheTrimInterval: 8192
20:34:55.592 [TestNG-tests-1] DEBUG io.netty.buffer.PooledByteBufAllocator -- -Dio.netty.allocator.cacheTrimIntervalMillis: 0
20:34:55.592 [TestNG-tests-1] DEBUG io.netty.buffer.PooledByteBufAllocator -- -Dio.netty.allocator.useCacheForAllThreads: false
20:34:55.592 [TestNG-tests-1] DEBUG io.netty.buffer.PooledByteBufAllocator -- -Dio.netty.allocator.maxCachedByteBuffersPerChunk: 1023
20:34:55.601 [TestNG-tests-1] DEBUG io.netty.buffer.ByteBufUtil -- -Dio.netty.allocator.type: pooled
20:34:55.601 [TestNG-tests-1] DEBUG io.netty.buffer.ByteBufUtil -- -Dio.netty.threadLocalDirectBufferSize: 0
20:34:55.601 [TestNG-tests-1] DEBUG io.netty.buffer.ByteBufUtil -- -Dio.netty.maxThreadLocalCharBufferSize: 16384
20:34:55.845 [Forwarding newSession on session null to remote] DEBUG io.netty.channel.DefaultChannelId -- -Dio.netty.processId: 25940 (auto-detected)
20:34:55.852 [Forwarding newSession on session null to remote] DEBUG io.netty.util.NetUtil -- -Djava.net.preferIPv4Stack: false
20:34:55.852 [Forwarding newSession on session null to remote] DEBUG io.netty.util.NetUtil -- -Djava.net.preferIPv6Addresses: false
20:34:55.852 [Forwarding newSession on session null to remote] DEBUG io.netty.util.NetUtilInitializations -- Loopback interface: lo (Software Loopback Interface 1, 127.0.0.1)
20:34:55.852 [Forwarding newSession on session null to remote] DEBUG io.netty.util.NetUtil -- Failed to get SOMAXCONN from sysctl and file \proc\sys\net\core\somaxconn. Default: 200
20:34:55.860 [Forwarding newSession on session null to remote] DEBUG io.netty.channel.DefaultChannelId -- -Dio.netty.machineId: 00:45:e2:ff:fe:9c:41:ed (auto-detected)
20:34:55.920 [AsyncHttpClient-1-2] DEBUG io.netty.buffer.AbstractByteBuf -- -Dio.netty.buffer.checkAccessible: true
20:34:55.920 [AsyncHttpClient-1-2] DEBUG io.netty.buffer.AbstractByteBuf -- -Dio.netty.buffer.checkBounds: true
20:34:55.920 [AsyncHttpClient-1-2] DEBUG io.netty.util.ResourceLeakDetectorFactory -- Loaded default ResourceLeakDetector: io.netty.util.ResourceLeakDetector@7dc2ddd5
20:34:55.931 [AsyncHttpClient-1-2] DEBUG org.asynchttpclient.netty.channel.NettyConnectListener -- Using new Channel '[id: 0x58d5d04d, L:/127.0.0.1:14645 - R:localhost/127.0.0.1:4444]' for 'POST' to '/wd/hub/session'
20:34:55.942 [AsyncHttpClient-1-2] DEBUG io.netty.util.Recycler -- -Dio.netty.recycler.maxCapacityPerThread: 4096
20:34:55.942 [AsyncHttpClient-1-2] DEBUG io.netty.util.Recycler -- -Dio.netty.recycler.ratio: 8
20:34:55.942 [AsyncHttpClient-1-2] DEBUG io.netty.util.Recycler -- -Dio.netty.recycler.chunkSize: 32
20:34:55.942 [AsyncHttpClient-1-2] DEBUG io.netty.util.Recycler -- -Dio.netty.recycler.blocking: false
20:34:56.849 [AsyncHttpClient-1-2] DEBUG io.netty.handler.codec.compression.Brotli -- brotli4j not in the classpath; Brotli support will be unavailable.
20:34:56.849 [AsyncHttpClient-1-2] DEBUG org.asynchttpclient.netty.handler.HttpHandler -- 

Request DefaultHttpRequest(decodeResult: success, version: HTTP/1.1)
POST /wd/hub/session HTTP/1.1
User-Agent: selenium/4.1.3 (java windows)
traceparent: 00-bc66af02ab65b3795def756ddc2fc40a-228a6ab22bee1c2e-01
Content-Length: 341
Content-Type: application/json; charset=utf-8
host: localhost:4444
accept: */*

Response DefaultHttpResponse(decodeResult: success, version: HTTP/1.1)
HTTP/1.1 200 OK
Cache-Control: no-cache
Content-Type: application/json; charset=utf-8
content-length: 1346

20:34:56.853 [AsyncHttpClient-1-2] DEBUG org.asynchttpclient.netty.channel.ChannelManager -- Adding key: http://localhost:4444 for channel [id: 0x58d5d04d, L:/127.0.0.1:14645 - R:localhost/127.0.0.1:4444]
20:34:56.911 [Forwarding setTimeout on session 02bf0a1481758e3de111bf84a13ac993 to remote] DEBUG org.asynchttpclient.netty.request.NettyRequestSender -- Using pooled Channel '[id: 0x58d5d04d, L:/127.0.0.1:14645 - R:localhost/127.0.0.1:4444]' for 'POST' to 'http://localhost:4444/wd/hub/session/02bf0a1481758e3de111bf84a13ac993/timeouts'
20:34:56.911 [Forwarding setTimeout on session 02bf0a1481758e3de111bf84a13ac993 to remote] DEBUG org.asynchttpclient.netty.request.NettyRequestSender -- Using open Channel [id: 0x58d5d04d, L:/127.0.0.1:14645 - R:localhost/127.0.0.1:4444] for POST '/wd/hub/session/02bf0a1481758e3de111bf84a13ac993/timeouts'
20:34:56.919 [AsyncHttpClient-1-2] DEBUG org.asynchttpclient.netty.handler.HttpHandler -- 

Request DefaultHttpRequest(decodeResult: success, version: HTTP/1.1)
POST /wd/hub/session/02bf0a1481758e3de111bf84a13ac993/timeouts HTTP/1.1
User-Agent: selenium/4.1.3 (java windows)
traceparent: 00-ff95797b70728b47853250ffe7d6bb45-58a25a061c78dd99-01
Content-Length: 22
Content-Type: application/json; charset=utf-8
host: localhost:4444
accept: */*

Response DefaultHttpResponse(decodeResult: success, version: HTTP/1.1)
HTTP/1.1 200 OK
content-type: application/json; charset=utf-8
cache-control: no-cache
content-length: 14

20:34:56.919 [AsyncHttpClient-1-2] DEBUG org.asynchttpclient.netty.channel.ChannelManager -- Adding key: http://localhost:4444 for channel [id: 0x58d5d04d, L:/127.0.0.1:14645 - R:localhost/127.0.0.1:4444]
20:34:56.921 [Forwarding maximizeCurrentWindow on session 02bf0a1481758e3de111bf84a13ac993 to remote] DEBUG org.asynchttpclient.netty.request.NettyRequestSender -- Using pooled Channel '[id: 0x58d5d04d, L:/127.0.0.1:14645 - R:localhost/127.0.0.1:4444]' for 'POST' to 'http://localhost:4444/wd/hub/session/02bf0a1481758e3de111bf84a13ac993/window/maximize'
20:34:56.921 [Forwarding maximizeCurrentWindow on session 02bf0a1481758e3de111bf84a13ac993 to remote] DEBUG org.asynchttpclient.netty.request.NettyRequestSender -- Using open Channel [id: 0x58d5d04d, L:/127.0.0.1:14645 - R:localhost/127.0.0.1:4444] for POST '/wd/hub/session/02bf0a1481758e3de111bf84a13ac993/window/maximize'
20:34:56.952 [AsyncHttpClient-1-2] DEBUG org.asynchttpclient.netty.handler.HttpHandler -- 

Request DefaultHttpRequest(decodeResult: success, version: HTTP/1.1)
POST /wd/hub/session/02bf0a1481758e3de111bf84a13ac993/window/maximize HTTP/1.1
User-Agent: selenium/4.1.3 (java windows)
traceparent: 00-017c162d3e332a2c38b33ce07dc35321-e6af1c488d6c5849-01
Content-Length: 3
Content-Type: application/json; charset=utf-8
host: localhost:4444
accept: */*

Response DefaultHttpResponse(decodeResult: success, version: HTTP/1.1)
HTTP/1.1 200 OK
content-type: application/json; charset=utf-8
cache-control: no-cache
content-length: 50

20:34:56.953 [AsyncHttpClient-1-2] DEBUG org.asynchttpclient.netty.channel.ChannelManager -- Adding key: http://localhost:4444 for channel [id: 0x58d5d04d, L:/127.0.0.1:14645 - R:localhost/127.0.0.1:4444]
20:34:56.954 [Forwarding get on session 02bf0a1481758e3de111bf84a13ac993 to remote] DEBUG org.asynchttpclient.netty.request.NettyRequestSender -- Using pooled Channel '[id: 0x58d5d04d, L:/127.0.0.1:14645 - R:localhost/127.0.0.1:4444]' for 'POST' to 'http://localhost:4444/wd/hub/session/02bf0a1481758e3de111bf84a13ac993/url'
20:34:56.955 [Forwarding get on session 02bf0a1481758e3de111bf84a13ac993 to remote] DEBUG org.asynchttpclient.netty.request.NettyRequestSender -- Using open Channel [id: 0x58d5d04d, L:/127.0.0.1:14645 - R:localhost/127.0.0.1:4444] for POST '/wd/hub/session/02bf0a1481758e3de111bf84a13ac993/url'
20:35:01.891 [AsyncHttpClient-1-2] DEBUG org.asynchttpclient.netty.handler.HttpHandler -- 

Request DefaultHttpRequest(decodeResult: success, version: HTTP/1.1)
POST /wd/hub/session/02bf0a1481758e3de111bf84a13ac993/url HTTP/1.1
User-Agent: selenium/4.1.3 (java windows)
traceparent: 00-fb64567cec306d5d9e0e200e566d57e7-a9552e4bada7867b-01
Content-Length: 57
Content-Type: application/json; charset=utf-8
host: localhost:4444
accept: */*

Response DefaultHttpResponse(decodeResult: success, version: HTTP/1.1)
HTTP/1.1 200 OK
content-type: application/json; charset=utf-8
cache-control: no-cache
content-length: 14

20:35:01.892 [AsyncHttpClient-1-2] DEBUG org.asynchttpclient.netty.channel.ChannelManager -- Adding key: http://localhost:4444 for channel [id: 0x58d5d04d, L:/127.0.0.1:14645 - R:localhost/127.0.0.1:4444]
20:35:01.896 [Forwarding getCurrentUrl on session 02bf0a1481758e3de111bf84a13ac993 to remote] DEBUG org.asynchttpclient.netty.request.NettyRequestSender -- Using pooled Channel '[id: 0x58d5d04d, L:/127.0.0.1:14645 - R:localhost/127.0.0.1:4444]' for 'GET' to 'http://localhost:4444/wd/hub/session/02bf0a1481758e3de111bf84a13ac993/url'
20:35:01.897 [Forwarding getCurrentUrl on session 02bf0a1481758e3de111bf84a13ac993 to remote] DEBUG org.asynchttpclient.netty.request.NettyRequestSender -- Using open Channel [id: 0x58d5d04d, L:/127.0.0.1:14645 - R:localhost/127.0.0.1:4444] for GET '/wd/hub/session/02bf0a1481758e3de111bf84a13ac993/url'
20:35:01.909 [AsyncHttpClient-1-2] DEBUG org.asynchttpclient.netty.handler.HttpHandler -- 

Request DefaultFullHttpRequest(decodeResult: success, version: HTTP/1.1, content: EmptyByteBufBE)
GET /wd/hub/session/02bf0a1481758e3de111bf84a13ac993/url HTTP/1.1
User-Agent: selenium/4.1.3 (java windows)
Cache-Control: no-cache
traceparent: 00-ba341c89b54eaa28dc396bc75366ca9f-1a77f19cb4eaa810-01
Content-Type: application/json; charset=utf-8
host: localhost:4444
accept: */*

Response DefaultHttpResponse(decodeResult: success, version: HTTP/1.1)
HTTP/1.1 200 OK
content-type: application/json; charset=utf-8
cache-control: no-cache
content-length: 34

20:35:01.909 [AsyncHttpClient-1-2] DEBUG org.asynchttpclient.netty.channel.ChannelManager -- Adding key: http://localhost:4444 for channel [id: 0x58d5d04d, L:/127.0.0.1:14645 - R:localhost/127.0.0.1:4444]
20:35:01.911 [Forwarding findElement on session 02bf0a1481758e3de111bf84a13ac993 to remote] DEBUG org.asynchttpclient.netty.request.NettyRequestSender -- Using pooled Channel '[id: 0x58d5d04d, L:/127.0.0.1:14645 - R:localhost/127.0.0.1:4444]' for 'POST' to 'http://localhost:4444/wd/hub/session/02bf0a1481758e3de111bf84a13ac993/element'
20:35:01.911 [Forwarding findElement on session 02bf0a1481758e3de111bf84a13ac993 to remote] DEBUG org.asynchttpclient.netty.request.NettyRequestSender -- Using open Channel [id: 0x58d5d04d, L:/127.0.0.1:14645 - R:localhost/127.0.0.1:4444] for POST '/wd/hub/session/02bf0a1481758e3de111bf84a13ac993/element'
20:35:01.926 [AsyncHttpClient-1-2] DEBUG org.asynchttpclient.netty.handler.HttpHandler -- 

Request DefaultHttpRequest(decodeResult: success, version: HTTP/1.1)
POST /wd/hub/session/02bf0a1481758e3de111bf84a13ac993/element HTTP/1.1
User-Agent: selenium/4.1.3 (java windows)
traceparent: 00-9f50084589a3833adfba3629d7238480-2d779bd510a35c65-01
Content-Length: 79
Content-Type: application/json; charset=utf-8
host: localhost:4444
accept: */*

Response DefaultHttpResponse(decodeResult: success, version: HTTP/1.1)
HTTP/1.1 200 OK
content-type: application/json; charset=utf-8
cache-control: no-cache
content-length: 126

20:35:01.926 [AsyncHttpClient-1-2] DEBUG org.asynchttpclient.netty.channel.ChannelManager -- Adding key: http://localhost:4444 for channel [id: 0x58d5d04d, L:/127.0.0.1:14645 - R:localhost/127.0.0.1:4444]
20:35:01.937 [Forwarding isElementDisplayed on session 02bf0a1481758e3de111bf84a13ac993 to remote] DEBUG org.asynchttpclient.netty.request.NettyRequestSender -- Using pooled Channel '[id: 0x58d5d04d, L:/127.0.0.1:14645 - R:localhost/127.0.0.1:4444]' for 'POST' to 'http://localhost:4444/wd/hub/session/02bf0a1481758e3de111bf84a13ac993/execute/sync'
20:35:01.937 [Forwarding isElementDisplayed on session 02bf0a1481758e3de111bf84a13ac993 to remote] DEBUG org.asynchttpclient.netty.request.NettyRequestSender -- Using open Channel [id: 0x58d5d04d, L:/127.0.0.1:14645 - R:localhost/127.0.0.1:4444] for POST '/wd/hub/session/02bf0a1481758e3de111bf84a13ac993/execute/sync'
20:35:01.957 [AsyncHttpClient-1-2] DEBUG org.asynchttpclient.netty.handler.HttpHandler -- 

Request DefaultHttpRequest(decodeResult: success, version: HTTP/1.1)
POST /wd/hub/session/02bf0a1481758e3de111bf84a13ac993/execute/sync HTTP/1.1
User-Agent: selenium/4.1.3 (java windows)
traceparent: 00-5f8f58b41d7c236509d1ee6f295836c2-338ff504ba17b951-01
Content-Length: 48818
Content-Type: application/json; charset=utf-8
host: localhost:4444
accept: */*

Response DefaultHttpResponse(decodeResult: success, version: HTTP/1.1)
HTTP/1.1 200 OK
content-type: application/json; charset=utf-8
cache-control: no-cache
content-length: 14

20:35:01.957 [AsyncHttpClient-1-2] DEBUG org.asynchttpclient.netty.channel.ChannelManager -- Adding key: http://localhost:4444 for channel [id: 0x58d5d04d, L:/127.0.0.1:14645 - R:localhost/127.0.0.1:4444]
20:35:02.059 [AsyncHttpClient-1-1] DEBUG org.asynchttpclient.netty.channel.DefaultChannelPool -- Entry count for : http://localhost:4444 : 1
20:35:02.972 [Forwarding findElement on session 02bf0a1481758e3de111bf84a13ac993 to remote] DEBUG org.asynchttpclient.netty.request.NettyRequestSender -- Using pooled Channel '[id: 0x58d5d04d, L:/127.0.0.1:14645 - R:localhost/127.0.0.1:4444]' for 'POST' to 'http://localhost:4444/wd/hub/session/02bf0a1481758e3de111bf84a13ac993/element'
20:35:02.972 [Forwarding findElement on session 02bf0a1481758e3de111bf84a13ac993 to remote] DEBUG org.asynchttpclient.netty.request.NettyRequestSender -- Using open Channel [id: 0x58d5d04d, L:/127.0.0.1:14645 - R:localhost/127.0.0.1:4444] for POST '/wd/hub/session/02bf0a1481758e3de111bf84a13ac993/element'
20:35:02.987 [AsyncHttpClient-1-2] DEBUG org.asynchttpclient.netty.handler.HttpHandler -- 

Request DefaultHttpRequest(decodeResult: success, version: HTTP/1.1)
POST /wd/hub/session/02bf0a1481758e3de111bf84a13ac993/element HTTP/1.1
User-Agent: selenium/4.1.3 (java windows)
traceparent: 00-17dec10a54e4dfbf254a491ceb0dcf24-616b2f71881459de-01
Content-Length: 79
Content-Type: application/json; charset=utf-8
host: localhost:4444
accept: */*

Response DefaultHttpResponse(decodeResult: success, version: HTTP/1.1)
HTTP/1.1 200 OK
content-type: application/json; charset=utf-8
cache-control: no-cache
content-length: 126

20:35:02.987 [AsyncHttpClient-1-2] DEBUG org.asynchttpclient.netty.channel.ChannelManager -- Adding key: http://localhost:4444 for channel [id: 0x58d5d04d, L:/127.0.0.1:14645 - R:localhost/127.0.0.1:4444]
20:35:02.989 [Forwarding clickElement on session 02bf0a1481758e3de111bf84a13ac993 to remote] DEBUG org.asynchttpclient.netty.request.NettyRequestSender -- Using pooled Channel '[id: 0x58d5d04d, L:/127.0.0.1:14645 - R:localhost/127.0.0.1:4444]' for 'POST' to 'http://localhost:4444/wd/hub/session/02bf0a1481758e3de111bf84a13ac993/element/f.FA2310CFBFE7FB8EDFBAD1457988119D.d.FC6CB8CE997ACD89E594765B2641A0E6.e.49/click'
20:35:02.990 [Forwarding clickElement on session 02bf0a1481758e3de111bf84a13ac993 to remote] DEBUG org.asynchttpclient.netty.request.NettyRequestSender -- Using open Channel [id: 0x58d5d04d, L:/127.0.0.1:14645 - R:localhost/127.0.0.1:4444] for POST '/wd/hub/session/02bf0a1481758e3de111bf84a13ac993/element/f.FA2310CFBFE7FB8EDFBAD1457988119D.d.FC6CB8CE997ACD89E594765B2641A0E6.e.49/click'
20:35:09.373 [AsyncHttpClient-1-2] DEBUG org.asynchttpclient.netty.handler.HttpHandler -- 

Request DefaultHttpRequest(decodeResult: success, version: HTTP/1.1)
POST /wd/hub/session/02bf0a1481758e3de111bf84a13ac993/element/f.FA2310CFBFE7FB8EDFBAD1457988119D.d.FC6CB8CE997ACD89E594765B2641A0E6.e.49/click HTTP/1.1
User-Agent: selenium/4.1.3 (java windows)
traceparent: 00-d834b1e90149464694276c1e3dc6ae7f-cd45a22a4de6dba2-01
Content-Length: 88
Content-Type: application/json; charset=utf-8
host: localhost:4444
accept: */*

Response DefaultHttpResponse(decodeResult: success, version: HTTP/1.1)
HTTP/1.1 200 OK
content-type: application/json; charset=utf-8
cache-control: no-cache
content-length: 14

20:35:09.373 [AsyncHttpClient-1-2] DEBUG org.asynchttpclient.netty.channel.ChannelManager -- Adding key: http://localhost:4444 for channel [id: 0x58d5d04d, L:/127.0.0.1:14645 - R:localhost/127.0.0.1:4444]
20:35:09.757 [AsyncHttpClient-1-1] DEBUG org.asynchttpclient.netty.channel.DefaultChannelPool -- Entry count for : http://localhost:4444 : 1
20:35:10.388 [Forwarding findElement on session 02bf0a1481758e3de111bf84a13ac993 to remote] DEBUG org.asynchttpclient.netty.request.NettyRequestSender -- Using pooled Channel '[id: 0x58d5d04d, L:/127.0.0.1:14645 - R:localhost/127.0.0.1:4444]' for 'POST' to 'http://localhost:4444/wd/hub/session/02bf0a1481758e3de111bf84a13ac993/element'
20:35:10.388 [Forwarding findElement on session 02bf0a1481758e3de111bf84a13ac993 to remote] DEBUG org.asynchttpclient.netty.request.NettyRequestSender -- Using open Channel [id: 0x58d5d04d, L:/127.0.0.1:14645 - R:localhost/127.0.0.1:4444] for POST '/wd/hub/session/02bf0a1481758e3de111bf84a13ac993/element'
20:35:10.409 [AsyncHttpClient-1-2] DEBUG org.asynchttpclient.netty.handler.HttpHandler -- 

Request DefaultHttpRequest(decodeResult: success, version: HTTP/1.1)
POST /wd/hub/session/02bf0a1481758e3de111bf84a13ac993/element HTTP/1.1
User-Agent: selenium/4.1.3 (java windows)
traceparent: 00-26330aa80be63514201d04aa116501e2-e96dea1debfb7def-01
Content-Length: 92
Content-Type: application/json; charset=utf-8
host: localhost:4444
accept: */*

Response DefaultHttpResponse(decodeResult: success, version: HTTP/1.1)
HTTP/1.1 200 OK
content-type: application/json; charset=utf-8
cache-control: no-cache
content-length: 127

20:35:10.409 [AsyncHttpClient-1-2] DEBUG org.asynchttpclient.netty.channel.ChannelManager -- Adding key: http://localhost:4444 for channel [id: 0x58d5d04d, L:/127.0.0.1:14645 - R:localhost/127.0.0.1:4444]
20:35:10.410 [Forwarding isElementDisplayed on session 02bf0a1481758e3de111bf84a13ac993 to remote] DEBUG org.asynchttpclient.netty.request.NettyRequestSender -- Using pooled Channel '[id: 0x58d5d04d, L:/127.0.0.1:14645 - R:localhost/127.0.0.1:4444]' for 'POST' to 'http://localhost:4444/wd/hub/session/02bf0a1481758e3de111bf84a13ac993/execute/sync'
20:35:10.410 [Forwarding isElementDisplayed on session 02bf0a1481758e3de111bf84a13ac993 to remote] DEBUG org.asynchttpclient.netty.request.NettyRequestSender -- Using open Channel [id: 0x58d5d04d, L:/127.0.0.1:14645 - R:localhost/127.0.0.1:4444] for POST '/wd/hub/session/02bf0a1481758e3de111bf84a13ac993/execute/sync'
20:35:10.421 [AsyncHttpClient-1-2] DEBUG org.asynchttpclient.netty.handler.HttpHandler -- 

Request DefaultHttpRequest(decodeResult: success, version: HTTP/1.1)
POST /wd/hub/session/02bf0a1481758e3de111bf84a13ac993/execute/sync HTTP/1.1
User-Agent: selenium/4.1.3 (java windows)
traceparent: 00-b1edc968fbc807f9b850892c54a653bd-5867c5be38ca612d-01
Content-Length: 48819
Content-Type: application/json; charset=utf-8
host: localhost:4444
accept: */*

Response DefaultHttpResponse(decodeResult: success, version: HTTP/1.1)
HTTP/1.1 200 OK
content-type: application/json; charset=utf-8
cache-control: no-cache
content-length: 14

20:35:10.421 [AsyncHttpClient-1-2] DEBUG org.asynchttpclient.netty.channel.ChannelManager -- Adding key: http://localhost:4444 for channel [id: 0x58d5d04d, L:/127.0.0.1:14645 - R:localhost/127.0.0.1:4444]
20:35:10.870 [AsyncHttpClient-1-1] DEBUG org.asynchttpclient.netty.channel.DefaultChannelPool -- Entry count for : http://localhost:4444 : 1
20:35:11.434 [Forwarding findElement on session 02bf0a1481758e3de111bf84a13ac993 to remote] DEBUG org.asynchttpclient.netty.request.NettyRequestSender -- Using pooled Channel '[id: 0x58d5d04d, L:/127.0.0.1:14645 - R:localhost/127.0.0.1:4444]' for 'POST' to 'http://localhost:4444/wd/hub/session/02bf0a1481758e3de111bf84a13ac993/element'
20:35:11.434 [Forwarding findElement on session 02bf0a1481758e3de111bf84a13ac993 to remote] DEBUG org.asynchttpclient.netty.request.NettyRequestSender -- Using open Channel [id: 0x58d5d04d, L:/127.0.0.1:14645 - R:localhost/127.0.0.1:4444] for POST '/wd/hub/session/02bf0a1481758e3de111bf84a13ac993/element'
20:35:11.453 [AsyncHttpClient-1-2] DEBUG org.asynchttpclient.netty.handler.HttpHandler -- 

Request DefaultHttpRequest(decodeResult: success, version: HTTP/1.1)
POST /wd/hub/session/02bf0a1481758e3de111bf84a13ac993/element HTTP/1.1
User-Agent: selenium/4.1.3 (java windows)
traceparent: 00-68adba66c51b1d233295cad48fabb0ae-4eaaa4d9008b5a52-01
Content-Length: 92
Content-Type: application/json; charset=utf-8
host: localhost:4444
accept: */*

Response DefaultHttpResponse(decodeResult: success, version: HTTP/1.1)
HTTP/1.1 200 OK
content-type: application/json; charset=utf-8
cache-control: no-cache
content-length: 127

20:35:11.453 [AsyncHttpClient-1-2] DEBUG org.asynchttpclient.netty.channel.ChannelManager -- Adding key: http://localhost:4444 for channel [id: 0x58d5d04d, L:/127.0.0.1:14645 - R:localhost/127.0.0.1:4444]
20:35:11.456 [Forwarding isElementDisplayed on session 02bf0a1481758e3de111bf84a13ac993 to remote] DEBUG org.asynchttpclient.netty.request.NettyRequestSender -- Using pooled Channel '[id: 0x58d5d04d, L:/127.0.0.1:14645 - R:localhost/127.0.0.1:4444]' for 'POST' to 'http://localhost:4444/wd/hub/session/02bf0a1481758e3de111bf84a13ac993/execute/sync'
20:35:11.456 [Forwarding isElementDisplayed on session 02bf0a1481758e3de111bf84a13ac993 to remote] DEBUG org.asynchttpclient.netty.request.NettyRequestSender -- Using open Channel [id: 0x58d5d04d, L:/127.0.0.1:14645 - R:localhost/127.0.0.1:4444] for POST '/wd/hub/session/02bf0a1481758e3de111bf84a13ac993/execute/sync'
20:35:11.472 [AsyncHttpClient-1-2] DEBUG org.asynchttpclient.netty.handler.HttpHandler -- 

Request DefaultHttpRequest(decodeResult: success, version: HTTP/1.1)
POST /wd/hub/session/02bf0a1481758e3de111bf84a13ac993/execute/sync HTTP/1.1
User-Agent: selenium/4.1.3 (java windows)
traceparent: 00-fe60bd37e8d64ac7506ed4592207ed43-0397739e33a2ce82-01
Content-Length: 48819
Content-Type: application/json; charset=utf-8
host: localhost:4444
accept: */*

Response DefaultHttpResponse(decodeResult: success, version: HTTP/1.1)
HTTP/1.1 200 OK
content-type: application/json; charset=utf-8
cache-control: no-cache
content-length: 14

20:35:11.472 [AsyncHttpClient-1-2] DEBUG org.asynchttpclient.netty.channel.ChannelManager -- Adding key: http://localhost:4444 for channel [id: 0x58d5d04d, L:/127.0.0.1:14645 - R:localhost/127.0.0.1:4444]
20:35:11.472 [Forwarding findElement on session 02bf0a1481758e3de111bf84a13ac993 to remote] DEBUG org.asynchttpclient.netty.request.NettyRequestSender -- Using pooled Channel '[id: 0x58d5d04d, L:/127.0.0.1:14645 - R:localhost/127.0.0.1:4444]' for 'POST' to 'http://localhost:4444/wd/hub/session/02bf0a1481758e3de111bf84a13ac993/element'
20:35:11.472 [Forwarding findElement on session 02bf0a1481758e3de111bf84a13ac993 to remote] DEBUG org.asynchttpclient.netty.request.NettyRequestSender -- Using open Channel [id: 0x58d5d04d, L:/127.0.0.1:14645 - R:localhost/127.0.0.1:4444] for POST '/wd/hub/session/02bf0a1481758e3de111bf84a13ac993/element'
20:35:11.492 [AsyncHttpClient-1-2] DEBUG org.asynchttpclient.netty.handler.HttpHandler -- 

Request DefaultHttpRequest(decodeResult: success, version: HTTP/1.1)
POST /wd/hub/session/02bf0a1481758e3de111bf84a13ac993/element HTTP/1.1
User-Agent: selenium/4.1.3 (java windows)
traceparent: 00-cb1c39b1e06624bbc812b7436cb3bc4b-7c43b24d0096a428-01
Content-Length: 92
Content-Type: application/json; charset=utf-8
host: localhost:4444
accept: */*

Response DefaultHttpResponse(decodeResult: success, version: HTTP/1.1)
HTTP/1.1 200 OK
content-type: application/json; charset=utf-8
cache-control: no-cache
content-length: 127

20:35:11.493 [AsyncHttpClient-1-2] DEBUG org.asynchttpclient.netty.channel.ChannelManager -- Adding key: http://localhost:4444 for channel [id: 0x58d5d04d, L:/127.0.0.1:14645 - R:localhost/127.0.0.1:4444]
20:35:11.494 [Forwarding clickElement on session 02bf0a1481758e3de111bf84a13ac993 to remote] DEBUG org.asynchttpclient.netty.request.NettyRequestSender -- Using pooled Channel '[id: 0x58d5d04d, L:/127.0.0.1:14645 - R:localhost/127.0.0.1:4444]' for 'POST' to 'http://localhost:4444/wd/hub/session/02bf0a1481758e3de111bf84a13ac993/element/f.FA2310CFBFE7FB8EDFBAD1457988119D.d.0F562558537D844AE9ACAEB65E272FB7.e.169/click'
20:35:11.494 [Forwarding clickElement on session 02bf0a1481758e3de111bf84a13ac993 to remote] DEBUG org.asynchttpclient.netty.request.NettyRequestSender -- Using open Channel [id: 0x58d5d04d, L:/127.0.0.1:14645 - R:localhost/127.0.0.1:4444] for POST '/wd/hub/session/02bf0a1481758e3de111bf84a13ac993/element/f.FA2310CFBFE7FB8EDFBAD1457988119D.d.0F562558537D844AE9ACAEB65E272FB7.e.169/click'
20:35:11.562 [AsyncHttpClient-1-2] DEBUG org.asynchttpclient.netty.handler.HttpHandler -- 

Request DefaultHttpRequest(decodeResult: success, version: HTTP/1.1)
POST /wd/hub/session/02bf0a1481758e3de111bf84a13ac993/element/f.FA2310CFBFE7FB8EDFBAD1457988119D.d.0F562558537D844AE9ACAEB65E272FB7.e.169/click HTTP/1.1
User-Agent: selenium/4.1.3 (java windows)
traceparent: 00-3870730b9b9323684f2ec5d9b251906b-aa2477cedbe9e5f1-01
Content-Length: 89
Content-Type: application/json; charset=utf-8
host: localhost:4444
accept: */*

Response DefaultHttpResponse(decodeResult: success, version: HTTP/1.1)
HTTP/1.1 200 OK
content-type: application/json; charset=utf-8
cache-control: no-cache
content-length: 14

20:35:11.563 [AsyncHttpClient-1-2] DEBUG org.asynchttpclient.netty.channel.ChannelManager -- Adding key: http://localhost:4444 for channel [id: 0x58d5d04d, L:/127.0.0.1:14645 - R:localhost/127.0.0.1:4444]
20:35:11.971 [AsyncHttpClient-1-1] DEBUG org.asynchttpclient.netty.channel.DefaultChannelPool -- Entry count for : http://localhost:4444 : 1
20:35:12.571 [Forwarding findElement on session 02bf0a1481758e3de111bf84a13ac993 to remote] DEBUG org.asynchttpclient.netty.request.NettyRequestSender -- Using pooled Channel '[id: 0x58d5d04d, L:/127.0.0.1:14645 - R:localhost/127.0.0.1:4444]' for 'POST' to 'http://localhost:4444/wd/hub/session/02bf0a1481758e3de111bf84a13ac993/element'
20:35:12.571 [Forwarding findElement on session 02bf0a1481758e3de111bf84a13ac993 to remote] DEBUG org.asynchttpclient.netty.request.NettyRequestSender -- Using open Channel [id: 0x58d5d04d, L:/127.0.0.1:14645 - R:localhost/127.0.0.1:4444] for POST '/wd/hub/session/02bf0a1481758e3de111bf84a13ac993/element'
20:35:12.587 [AsyncHttpClient-1-2] DEBUG org.asynchttpclient.netty.handler.HttpHandler -- 

Request DefaultHttpRequest(decodeResult: success, version: HTTP/1.1)
POST /wd/hub/session/02bf0a1481758e3de111bf84a13ac993/element HTTP/1.1
User-Agent: selenium/4.1.3 (java windows)
traceparent: 00-da674809d9390a05380dfd43cbc85116-2d1404ebd850d8f0-01
Content-Length: 82
Content-Type: application/json; charset=utf-8
host: localhost:4444
accept: */*

Response DefaultHttpResponse(decodeResult: success, version: HTTP/1.1)
HTTP/1.1 200 OK
content-type: application/json; charset=utf-8
cache-control: no-cache
content-length: 127

20:35:12.587 [AsyncHttpClient-1-2] DEBUG org.asynchttpclient.netty.channel.ChannelManager -- Adding key: http://localhost:4444 for channel [id: 0x58d5d04d, L:/127.0.0.1:14645 - R:localhost/127.0.0.1:4444]
20:35:12.587 [Forwarding isElementDisplayed on session 02bf0a1481758e3de111bf84a13ac993 to remote] DEBUG org.asynchttpclient.netty.request.NettyRequestSender -- Using pooled Channel '[id: 0x58d5d04d, L:/127.0.0.1:14645 - R:localhost/127.0.0.1:4444]' for 'POST' to 'http://localhost:4444/wd/hub/session/02bf0a1481758e3de111bf84a13ac993/execute/sync'
20:35:12.587 [Forwarding isElementDisplayed on session 02bf0a1481758e3de111bf84a13ac993 to remote] DEBUG org.asynchttpclient.netty.request.NettyRequestSender -- Using open Channel [id: 0x58d5d04d, L:/127.0.0.1:14645 - R:localhost/127.0.0.1:4444] for POST '/wd/hub/session/02bf0a1481758e3de111bf84a13ac993/execute/sync'
20:35:12.604 [AsyncHttpClient-1-2] DEBUG org.asynchttpclient.netty.handler.HttpHandler -- 

Request DefaultHttpRequest(decodeResult: success, version: HTTP/1.1)
POST /wd/hub/session/02bf0a1481758e3de111bf84a13ac993/execute/sync HTTP/1.1
User-Agent: selenium/4.1.3 (java windows)
traceparent: 00-eef3cf58734a6ab2f818894acfe65591-9fcb8c1801787f5f-01
Content-Length: 48819
Content-Type: application/json; charset=utf-8
host: localhost:4444
accept: */*

Response DefaultHttpResponse(decodeResult: success, version: HTTP/1.1)
HTTP/1.1 200 OK
content-type: application/json; charset=utf-8
cache-control: no-cache
content-length: 14

20:35:12.604 [AsyncHttpClient-1-2] DEBUG org.asynchttpclient.netty.channel.ChannelManager -- Adding key: http://localhost:4444 for channel [id: 0x58d5d04d, L:/127.0.0.1:14645 - R:localhost/127.0.0.1:4444]
20:35:13.057 [AsyncHttpClient-1-1] DEBUG org.asynchttpclient.netty.channel.DefaultChannelPool -- Entry count for : http://localhost:4444 : 1
20:35:13.610 [Forwarding findElement on session 02bf0a1481758e3de111bf84a13ac993 to remote] DEBUG org.asynchttpclient.netty.request.NettyRequestSender -- Using pooled Channel '[id: 0x58d5d04d, L:/127.0.0.1:14645 - R:localhost/127.0.0.1:4444]' for 'POST' to 'http://localhost:4444/wd/hub/session/02bf0a1481758e3de111bf84a13ac993/element'
20:35:13.610 [Forwarding findElement on session 02bf0a1481758e3de111bf84a13ac993 to remote] DEBUG org.asynchttpclient.netty.request.NettyRequestSender -- Using open Channel [id: 0x58d5d04d, L:/127.0.0.1:14645 - R:localhost/127.0.0.1:4444] for POST '/wd/hub/session/02bf0a1481758e3de111bf84a13ac993/element'
20:35:13.610 [AsyncHttpClient-1-2] DEBUG org.asynchttpclient.netty.handler.HttpHandler -- 

Request DefaultHttpRequest(decodeResult: success, version: HTTP/1.1)
POST /wd/hub/session/02bf0a1481758e3de111bf84a13ac993/element HTTP/1.1
User-Agent: selenium/4.1.3 (java windows)
traceparent: 00-11ff20c3bc572fab7ed4b04b1ade4dac-b8079afc76bc7e65-01
Content-Length: 82
Content-Type: application/json; charset=utf-8
host: localhost:4444
accept: */*

Response DefaultHttpResponse(decodeResult: success, version: HTTP/1.1)
HTTP/1.1 200 OK
content-type: application/json; charset=utf-8
cache-control: no-cache
content-length: 127

20:35:13.610 [AsyncHttpClient-1-2] DEBUG org.asynchttpclient.netty.channel.ChannelManager -- Adding key: http://localhost:4444 for channel [id: 0x58d5d04d, L:/127.0.0.1:14645 - R:localhost/127.0.0.1:4444]
20:35:13.626 [Forwarding isElementDisplayed on session 02bf0a1481758e3de111bf84a13ac993 to remote] DEBUG org.asynchttpclient.netty.request.NettyRequestSender -- Using pooled Channel '[id: 0x58d5d04d, L:/127.0.0.1:14645 - R:localhost/127.0.0.1:4444]' for 'POST' to 'http://localhost:4444/wd/hub/session/02bf0a1481758e3de111bf84a13ac993/execute/sync'
20:35:13.626 [Forwarding isElementDisplayed on session 02bf0a1481758e3de111bf84a13ac993 to remote] DEBUG org.asynchttpclient.netty.request.NettyRequestSender -- Using open Channel [id: 0x58d5d04d, L:/127.0.0.1:14645 - R:localhost/127.0.0.1:4444] for POST '/wd/hub/session/02bf0a1481758e3de111bf84a13ac993/execute/sync'
20:35:13.642 [AsyncHttpClient-1-2] DEBUG org.asynchttpclient.netty.handler.HttpHandler -- 

Request DefaultHttpRequest(decodeResult: success, version: HTTP/1.1)
POST /wd/hub/session/02bf0a1481758e3de111bf84a13ac993/execute/sync HTTP/1.1
User-Agent: selenium/4.1.3 (java windows)
traceparent: 00-43e4358a171ac41b286799674babf07c-4afcb7c8dfa8d42a-01
Content-Length: 48819
Content-Type: application/json; charset=utf-8
host: localhost:4444
accept: */*

Response DefaultHttpResponse(decodeResult: success, version: HTTP/1.1)
HTTP/1.1 200 OK
content-type: application/json; charset=utf-8
cache-control: no-cache
content-length: 14

20:35:13.642 [AsyncHttpClient-1-2] DEBUG org.asynchttpclient.netty.channel.ChannelManager -- Adding key: http://localhost:4444 for channel [id: 0x58d5d04d, L:/127.0.0.1:14645 - R:localhost/127.0.0.1:4444]
20:35:13.642 [Forwarding findElement on session 02bf0a1481758e3de111bf84a13ac993 to remote] DEBUG org.asynchttpclient.netty.request.NettyRequestSender -- Using pooled Channel '[id: 0x58d5d04d, L:/127.0.0.1:14645 - R:localhost/127.0.0.1:4444]' for 'POST' to 'http://localhost:4444/wd/hub/session/02bf0a1481758e3de111bf84a13ac993/element'
20:35:13.642 [Forwarding findElement on session 02bf0a1481758e3de111bf84a13ac993 to remote] DEBUG org.asynchttpclient.netty.request.NettyRequestSender -- Using open Channel [id: 0x58d5d04d, L:/127.0.0.1:14645 - R:localhost/127.0.0.1:4444] for POST '/wd/hub/session/02bf0a1481758e3de111bf84a13ac993/element'
20:35:13.656 [AsyncHttpClient-1-2] DEBUG org.asynchttpclient.netty.handler.HttpHandler -- 

Request DefaultHttpRequest(decodeResult: success, version: HTTP/1.1)
POST /wd/hub/session/02bf0a1481758e3de111bf84a13ac993/element HTTP/1.1
User-Agent: selenium/4.1.3 (java windows)
traceparent: 00-5ba6b8f03ca367f8c4bb533120353f5a-2bffb2717d8ed6df-01
Content-Length: 82
Content-Type: application/json; charset=utf-8
host: localhost:4444
accept: */*

Response DefaultHttpResponse(decodeResult: success, version: HTTP/1.1)
HTTP/1.1 200 OK
content-type: application/json; charset=utf-8
cache-control: no-cache
content-length: 127

20:35:13.656 [AsyncHttpClient-1-2] DEBUG org.asynchttpclient.netty.channel.ChannelManager -- Adding key: http://localhost:4444 for channel [id: 0x58d5d04d, L:/127.0.0.1:14645 - R:localhost/127.0.0.1:4444]
20:35:13.656 [Forwarding clickElement on session 02bf0a1481758e3de111bf84a13ac993 to remote] DEBUG org.asynchttpclient.netty.request.NettyRequestSender -- Using pooled Channel '[id: 0x58d5d04d, L:/127.0.0.1:14645 - R:localhost/127.0.0.1:4444]' for 'POST' to 'http://localhost:4444/wd/hub/session/02bf0a1481758e3de111bf84a13ac993/element/f.FA2310CFBFE7FB8EDFBAD1457988119D.d.0F562558537D844AE9ACAEB65E272FB7.e.199/click'
20:35:13.656 [Forwarding clickElement on session 02bf0a1481758e3de111bf84a13ac993 to remote] DEBUG org.asynchttpclient.netty.request.NettyRequestSender -- Using open Channel [id: 0x58d5d04d, L:/127.0.0.1:14645 - R:localhost/127.0.0.1:4444] for POST '/wd/hub/session/02bf0a1481758e3de111bf84a13ac993/element/f.FA2310CFBFE7FB8EDFBAD1457988119D.d.0F562558537D844AE9ACAEB65E272FB7.e.199/click'
20:35:13.714 [AsyncHttpClient-1-2] DEBUG org.asynchttpclient.netty.handler.HttpHandler -- 

Request DefaultHttpRequest(decodeResult: success, version: HTTP/1.1)
POST /wd/hub/session/02bf0a1481758e3de111bf84a13ac993/element/f.FA2310CFBFE7FB8EDFBAD1457988119D.d.0F562558537D844AE9ACAEB65E272FB7.e.199/click HTTP/1.1
User-Agent: selenium/4.1.3 (java windows)
traceparent: 00-cfeacefbc888183d514c1b543f7ed740-10c1809b4c9e4d95-01
Content-Length: 89
Content-Type: application/json; charset=utf-8
host: localhost:4444
accept: */*

Response DefaultHttpResponse(decodeResult: success, version: HTTP/1.1)
HTTP/1.1 200 OK
content-type: application/json; charset=utf-8
cache-control: no-cache
content-length: 14

20:35:13.714 [AsyncHttpClient-1-2] DEBUG org.asynchttpclient.netty.channel.ChannelManager -- Adding key: http://localhost:4444 for channel [id: 0x58d5d04d, L:/127.0.0.1:14645 - R:localhost/127.0.0.1:4444]
20:35:14.157 [AsyncHttpClient-1-1] DEBUG org.asynchttpclient.netty.channel.DefaultChannelPool -- Entry count for : http://localhost:4444 : 1
20:35:14.719 [Forwarding findElement on session 02bf0a1481758e3de111bf84a13ac993 to remote] DEBUG org.asynchttpclient.netty.request.NettyRequestSender -- Using pooled Channel '[id: 0x58d5d04d, L:/127.0.0.1:14645 - R:localhost/127.0.0.1:4444]' for 'POST' to 'http://localhost:4444/wd/hub/session/02bf0a1481758e3de111bf84a13ac993/element'
20:35:14.719 [Forwarding findElement on session 02bf0a1481758e3de111bf84a13ac993 to remote] DEBUG org.asynchttpclient.netty.request.NettyRequestSender -- Using open Channel [id: 0x58d5d04d, L:/127.0.0.1:14645 - R:localhost/127.0.0.1:4444] for POST '/wd/hub/session/02bf0a1481758e3de111bf84a13ac993/element'
20:35:14.734 [AsyncHttpClient-1-2] DEBUG org.asynchttpclient.netty.handler.HttpHandler -- 

Request DefaultHttpRequest(decodeResult: success, version: HTTP/1.1)
POST /wd/hub/session/02bf0a1481758e3de111bf84a13ac993/element HTTP/1.1
User-Agent: selenium/4.1.3 (java windows)
traceparent: 00-618a18ad5d135ef47e0eb08d4ce4482a-a4076e403a3e3dc4-01
Content-Length: 83
Content-Type: application/json; charset=utf-8
host: localhost:4444
accept: */*

Response DefaultHttpResponse(decodeResult: success, version: HTTP/1.1)
HTTP/1.1 200 OK
content-type: application/json; charset=utf-8
cache-control: no-cache
content-length: 127

20:35:14.734 [AsyncHttpClient-1-2] DEBUG org.asynchttpclient.netty.channel.ChannelManager -- Adding key: http://localhost:4444 for channel [id: 0x58d5d04d, L:/127.0.0.1:14645 - R:localhost/127.0.0.1:4444]
20:35:14.734 [Forwarding isElementDisplayed on session 02bf0a1481758e3de111bf84a13ac993 to remote] DEBUG org.asynchttpclient.netty.request.NettyRequestSender -- Using pooled Channel '[id: 0x58d5d04d, L:/127.0.0.1:14645 - R:localhost/127.0.0.1:4444]' for 'POST' to 'http://localhost:4444/wd/hub/session/02bf0a1481758e3de111bf84a13ac993/execute/sync'
20:35:14.734 [Forwarding isElementDisplayed on session 02bf0a1481758e3de111bf84a13ac993 to remote] DEBUG org.asynchttpclient.netty.request.NettyRequestSender -- Using open Channel [id: 0x58d5d04d, L:/127.0.0.1:14645 - R:localhost/127.0.0.1:4444] for POST '/wd/hub/session/02bf0a1481758e3de111bf84a13ac993/execute/sync'
20:35:14.755 [AsyncHttpClient-1-2] DEBUG org.asynchttpclient.netty.handler.HttpHandler -- 

Request DefaultHttpRequest(decodeResult: success, version: HTTP/1.1)
POST /wd/hub/session/02bf0a1481758e3de111bf84a13ac993/execute/sync HTTP/1.1
User-Agent: selenium/4.1.3 (java windows)
traceparent: 00-c4d0085769391be674d9c161b99e5f84-02d80ba365267190-01
Content-Length: 48819
Content-Type: application/json; charset=utf-8
host: localhost:4444
accept: */*

Response DefaultHttpResponse(decodeResult: success, version: HTTP/1.1)
HTTP/1.1 200 OK
content-type: application/json; charset=utf-8
cache-control: no-cache
content-length: 14

20:35:14.755 [AsyncHttpClient-1-2] DEBUG org.asynchttpclient.netty.channel.ChannelManager -- Adding key: http://localhost:4444 for channel [id: 0x58d5d04d, L:/127.0.0.1:14645 - R:localhost/127.0.0.1:4444]
20:35:15.257 [AsyncHttpClient-1-1] DEBUG org.asynchttpclient.netty.channel.DefaultChannelPool -- Entry count for : http://localhost:4444 : 1
20:35:15.770 [Forwarding findElement on session 02bf0a1481758e3de111bf84a13ac993 to remote] DEBUG org.asynchttpclient.netty.request.NettyRequestSender -- Using pooled Channel '[id: 0x58d5d04d, L:/127.0.0.1:14645 - R:localhost/127.0.0.1:4444]' for 'POST' to 'http://localhost:4444/wd/hub/session/02bf0a1481758e3de111bf84a13ac993/element'
20:35:15.770 [Forwarding findElement on session 02bf0a1481758e3de111bf84a13ac993 to remote] DEBUG org.asynchttpclient.netty.request.NettyRequestSender -- Using open Channel [id: 0x58d5d04d, L:/127.0.0.1:14645 - R:localhost/127.0.0.1:4444] for POST '/wd/hub/session/02bf0a1481758e3de111bf84a13ac993/element'
20:35:15.786 [AsyncHttpClient-1-2] DEBUG org.asynchttpclient.netty.handler.HttpHandler -- 

Request DefaultHttpRequest(decodeResult: success, version: HTTP/1.1)
POST /wd/hub/session/02bf0a1481758e3de111bf84a13ac993/element HTTP/1.1
User-Agent: selenium/4.1.3 (java windows)
traceparent: 00-41a24135bae2b6d8c5243277dfe8bb79-3275edca2693c56c-01
Content-Length: 83
Content-Type: application/json; charset=utf-8
host: localhost:4444
accept: */*

Response DefaultHttpResponse(decodeResult: success, version: HTTP/1.1)
HTTP/1.1 200 OK
content-type: application/json; charset=utf-8
cache-control: no-cache
content-length: 127

20:35:15.786 [AsyncHttpClient-1-2] DEBUG org.asynchttpclient.netty.channel.ChannelManager -- Adding key: http://localhost:4444 for channel [id: 0x58d5d04d, L:/127.0.0.1:14645 - R:localhost/127.0.0.1:4444]
20:35:15.786 [Forwarding clickElement on session 02bf0a1481758e3de111bf84a13ac993 to remote] DEBUG org.asynchttpclient.netty.request.NettyRequestSender -- Using pooled Channel '[id: 0x58d5d04d, L:/127.0.0.1:14645 - R:localhost/127.0.0.1:4444]' for 'POST' to 'http://localhost:4444/wd/hub/session/02bf0a1481758e3de111bf84a13ac993/element/f.FA2310CFBFE7FB8EDFBAD1457988119D.d.0F562558537D844AE9ACAEB65E272FB7.e.203/click'
20:35:15.786 [Forwarding clickElement on session 02bf0a1481758e3de111bf84a13ac993 to remote] DEBUG org.asynchttpclient.netty.request.NettyRequestSender -- Using open Channel [id: 0x58d5d04d, L:/127.0.0.1:14645 - R:localhost/127.0.0.1:4444] for POST '/wd/hub/session/02bf0a1481758e3de111bf84a13ac993/element/f.FA2310CFBFE7FB8EDFBAD1457988119D.d.0F562558537D844AE9ACAEB65E272FB7.e.203/click'
20:35:15.949 [AsyncHttpClient-1-2] DEBUG org.asynchttpclient.netty.handler.HttpHandler -- 

Request DefaultHttpRequest(decodeResult: success, version: HTTP/1.1)
POST /wd/hub/session/02bf0a1481758e3de111bf84a13ac993/element/f.FA2310CFBFE7FB8EDFBAD1457988119D.d.0F562558537D844AE9ACAEB65E272FB7.e.203/click HTTP/1.1
User-Agent: selenium/4.1.3 (java windows)
traceparent: 00-945ea8c8a82704630eb416086b351f47-bcf3a9a8655194eb-01
Content-Length: 89
Content-Type: application/json; charset=utf-8
host: localhost:4444
accept: */*

Response DefaultHttpResponse(decodeResult: success, version: HTTP/1.1)
HTTP/1.1 200 OK
content-type: application/json; charset=utf-8
cache-control: no-cache
content-length: 14

20:35:15.950 [AsyncHttpClient-1-2] DEBUG org.asynchttpclient.netty.channel.ChannelManager -- Adding key: http://localhost:4444 for channel [id: 0x58d5d04d, L:/127.0.0.1:14645 - R:localhost/127.0.0.1:4444]
20:35:15.951 [Forwarding findElement on session 02bf0a1481758e3de111bf84a13ac993 to remote] DEBUG org.asynchttpclient.netty.request.NettyRequestSender -- Using pooled Channel '[id: 0x58d5d04d, L:/127.0.0.1:14645 - R:localhost/127.0.0.1:4444]' for 'POST' to 'http://localhost:4444/wd/hub/session/02bf0a1481758e3de111bf84a13ac993/element'
20:35:15.951 [Forwarding findElement on session 02bf0a1481758e3de111bf84a13ac993 to remote] DEBUG org.asynchttpclient.netty.request.NettyRequestSender -- Using open Channel [id: 0x58d5d04d, L:/127.0.0.1:14645 - R:localhost/127.0.0.1:4444] for POST '/wd/hub/session/02bf0a1481758e3de111bf84a13ac993/element'
20:35:16.735 [AsyncHttpClient-1-2] DEBUG org.asynchttpclient.netty.handler.HttpHandler -- 

Request DefaultHttpRequest(decodeResult: success, version: HTTP/1.1)
POST /wd/hub/session/02bf0a1481758e3de111bf84a13ac993/element HTTP/1.1
User-Agent: selenium/4.1.3 (java windows)
traceparent: 00-bb9d9a70a31cf0fcf38d60b1c1af99e4-294244c97baf2243-01
Content-Length: 102
Content-Type: application/json; charset=utf-8
host: localhost:4444
accept: */*

Response DefaultHttpResponse(decodeResult: success, version: HTTP/1.1)
HTTP/1.1 200 OK
content-type: application/json; charset=utf-8
cache-control: no-cache
content-length: 127

20:35:16.735 [AsyncHttpClient-1-2] DEBUG org.asynchttpclient.netty.channel.ChannelManager -- Adding key: http://localhost:4444 for channel [id: 0x58d5d04d, L:/127.0.0.1:14645 - R:localhost/127.0.0.1:4444]
20:35:16.735 [Forwarding isElementDisplayed on session 02bf0a1481758e3de111bf84a13ac993 to remote] DEBUG org.asynchttpclient.netty.request.NettyRequestSender -- Using pooled Channel '[id: 0x58d5d04d, L:/127.0.0.1:14645 - R:localhost/127.0.0.1:4444]' for 'POST' to 'http://localhost:4444/wd/hub/session/02bf0a1481758e3de111bf84a13ac993/execute/sync'
20:35:16.735 [Forwarding isElementDisplayed on session 02bf0a1481758e3de111bf84a13ac993 to remote] DEBUG org.asynchttpclient.netty.request.NettyRequestSender -- Using open Channel [id: 0x58d5d04d, L:/127.0.0.1:14645 - R:localhost/127.0.0.1:4444] for POST '/wd/hub/session/02bf0a1481758e3de111bf84a13ac993/execute/sync'
20:35:16.753 [AsyncHttpClient-1-2] DEBUG org.asynchttpclient.netty.handler.HttpHandler -- 

Request DefaultHttpRequest(decodeResult: success, version: HTTP/1.1)
POST /wd/hub/session/02bf0a1481758e3de111bf84a13ac993/execute/sync HTTP/1.1
User-Agent: selenium/4.1.3 (java windows)
traceparent: 00-fdd077a8f71d6ffae84c0b3688456c5c-7d6df29129d7e342-01
Content-Length: 48819
Content-Type: application/json; charset=utf-8
host: localhost:4444
accept: */*

Response DefaultHttpResponse(decodeResult: success, version: HTTP/1.1)
HTTP/1.1 200 OK
content-type: application/json; charset=utf-8
cache-control: no-cache
content-length: 14

20:35:16.753 [AsyncHttpClient-1-2] DEBUG org.asynchttpclient.netty.channel.ChannelManager -- Adding key: http://localhost:4444 for channel [id: 0x58d5d04d, L:/127.0.0.1:14645 - R:localhost/127.0.0.1:4444]
20:35:17.457 [AsyncHttpClient-1-1] DEBUG org.asynchttpclient.netty.channel.DefaultChannelPool -- Entry count for : http://localhost:4444 : 1
20:35:17.769 [Forwarding findElement on session 02bf0a1481758e3de111bf84a13ac993 to remote] DEBUG org.asynchttpclient.netty.request.NettyRequestSender -- Using pooled Channel '[id: 0x58d5d04d, L:/127.0.0.1:14645 - R:localhost/127.0.0.1:4444]' for 'POST' to 'http://localhost:4444/wd/hub/session/02bf0a1481758e3de111bf84a13ac993/element'
20:35:17.769 [Forwarding findElement on session 02bf0a1481758e3de111bf84a13ac993 to remote] DEBUG org.asynchttpclient.netty.request.NettyRequestSender -- Using open Channel [id: 0x58d5d04d, L:/127.0.0.1:14645 - R:localhost/127.0.0.1:4444] for POST '/wd/hub/session/02bf0a1481758e3de111bf84a13ac993/element'
20:35:17.785 [AsyncHttpClient-1-2] DEBUG org.asynchttpclient.netty.handler.HttpHandler -- 

Request DefaultHttpRequest(decodeResult: success, version: HTTP/1.1)
POST /wd/hub/session/02bf0a1481758e3de111bf84a13ac993/element HTTP/1.1
User-Agent: selenium/4.1.3 (java windows)
traceparent: 00-e340f27814fd797510b50d401d2973db-ca9d39c95d8444ba-01
Content-Length: 102
Content-Type: application/json; charset=utf-8
host: localhost:4444
accept: */*

Response DefaultHttpResponse(decodeResult: success, version: HTTP/1.1)
HTTP/1.1 200 OK
content-type: application/json; charset=utf-8
cache-control: no-cache
content-length: 127

20:35:17.785 [AsyncHttpClient-1-2] DEBUG org.asynchttpclient.netty.channel.ChannelManager -- Adding key: http://localhost:4444 for channel [id: 0x58d5d04d, L:/127.0.0.1:14645 - R:localhost/127.0.0.1:4444]
20:35:17.785 [Forwarding clickElement on session 02bf0a1481758e3de111bf84a13ac993 to remote] DEBUG org.asynchttpclient.netty.request.NettyRequestSender -- Using pooled Channel '[id: 0x58d5d04d, L:/127.0.0.1:14645 - R:localhost/127.0.0.1:4444]' for 'POST' to 'http://localhost:4444/wd/hub/session/02bf0a1481758e3de111bf84a13ac993/element/f.FA2310CFBFE7FB8EDFBAD1457988119D.d.0F562558537D844AE9ACAEB65E272FB7.e.260/click'
20:35:17.785 [Forwarding clickElement on session 02bf0a1481758e3de111bf84a13ac993 to remote] DEBUG org.asynchttpclient.netty.request.NettyRequestSender -- Using open Channel [id: 0x58d5d04d, L:/127.0.0.1:14645 - R:localhost/127.0.0.1:4444] for POST '/wd/hub/session/02bf0a1481758e3de111bf84a13ac993/element/f.FA2310CFBFE7FB8EDFBAD1457988119D.d.0F562558537D844AE9ACAEB65E272FB7.e.260/click'
20:35:21.281 [AsyncHttpClient-1-2] DEBUG org.asynchttpclient.netty.handler.HttpHandler -- 

Request DefaultHttpRequest(decodeResult: success, version: HTTP/1.1)
POST /wd/hub/session/02bf0a1481758e3de111bf84a13ac993/element/f.FA2310CFBFE7FB8EDFBAD1457988119D.d.0F562558537D844AE9ACAEB65E272FB7.e.260/click HTTP/1.1
User-Agent: selenium/4.1.3 (java windows)
traceparent: 00-e884e7d1d36712a6a843b35903b39532-8664c6e78c71e493-01
Content-Length: 89
Content-Type: application/json; charset=utf-8
host: localhost:4444
accept: */*

Response DefaultHttpResponse(decodeResult: success, version: HTTP/1.1)
HTTP/1.1 200 OK
content-type: application/json; charset=utf-8
cache-control: no-cache
content-length: 14

20:35:21.281 [AsyncHttpClient-1-2] DEBUG org.asynchttpclient.netty.channel.ChannelManager -- Adding key: http://localhost:4444 for channel [id: 0x58d5d04d, L:/127.0.0.1:14645 - R:localhost/127.0.0.1:4444]
]]></system-out>
    <system-err><![CDATA[Aug 29, 2024 8:34:55 PM org.openqa.selenium.remote.tracing.opentelemetry.OpenTelemetryTracer createTracer
INFO: Using OpenTelemetry for tracing
Aug 29, 2024 8:34:56 PM org.openqa.selenium.remote.ProtocolHandshake createSession
INFO: Detected dialect: W3C
]]></system-err>
  </testcase>
  <testcase name="runScenario[&quot;Verify Bikroy logo work properly&quot;, &quot;Optional[Verify Brikroy.com Website work properly]&quot;](2)" classname="TestRunner.TestRunner" time="10.643">
    <system-out><![CDATA[20:35:21.373 [Forwarding newSession on session null to remote] DEBUG org.asynchttpclient.netty.request.NettyRequestSender -- Using pooled Channel '[id: 0x58d5d04d, L:/127.0.0.1:14645 - R:localhost/127.0.0.1:4444]' for 'POST' to 'http://localhost:4444/wd/hub/session'
20:35:21.373 [Forwarding newSession on session null to remote] DEBUG org.asynchttpclient.netty.request.NettyRequestSender -- Using open Channel [id: 0x58d5d04d, L:/127.0.0.1:14645 - R:localhost/127.0.0.1:4444] for POST '/wd/hub/session'
20:35:22.346 [AsyncHttpClient-1-2] DEBUG org.asynchttpclient.netty.handler.HttpHandler -- 

Request DefaultHttpRequest(decodeResult: success, version: HTTP/1.1)
POST /wd/hub/session HTTP/1.1
User-Agent: selenium/4.1.3 (java windows)
traceparent: 00-3348f0dba662f67e3616766e54d64477-81cbf49e9d3adbf0-01
Content-Length: 341
Content-Type: application/json; charset=utf-8
host: localhost:4444
accept: */*

Response DefaultHttpResponse(decodeResult: success, version: HTTP/1.1)
HTTP/1.1 200 OK
Cache-Control: no-cache
Content-Type: application/json; charset=utf-8
content-length: 1345

20:35:22.347 [AsyncHttpClient-1-2] DEBUG org.asynchttpclient.netty.channel.ChannelManager -- Adding key: http://localhost:4444 for channel [id: 0x58d5d04d, L:/127.0.0.1:14645 - R:localhost/127.0.0.1:4444]
20:35:22.357 [Forwarding setTimeout on session 2292435c1303fa2969e25a0e4b3bdbf5 to remote] DEBUG org.asynchttpclient.netty.request.NettyRequestSender -- Using pooled Channel '[id: 0x58d5d04d, L:/127.0.0.1:14645 - R:localhost/127.0.0.1:4444]' for 'POST' to 'http://localhost:4444/wd/hub/session/2292435c1303fa2969e25a0e4b3bdbf5/timeouts'
20:35:22.357 [Forwarding setTimeout on session 2292435c1303fa2969e25a0e4b3bdbf5 to remote] DEBUG org.asynchttpclient.netty.request.NettyRequestSender -- Using open Channel [id: 0x58d5d04d, L:/127.0.0.1:14645 - R:localhost/127.0.0.1:4444] for POST '/wd/hub/session/2292435c1303fa2969e25a0e4b3bdbf5/timeouts'
20:35:22.367 [AsyncHttpClient-1-2] DEBUG org.asynchttpclient.netty.handler.HttpHandler -- 

Request DefaultHttpRequest(decodeResult: success, version: HTTP/1.1)
POST /wd/hub/session/2292435c1303fa2969e25a0e4b3bdbf5/timeouts HTTP/1.1
User-Agent: selenium/4.1.3 (java windows)
traceparent: 00-fdd010a15538a7e4a4bed48bb57ba7b8-c1bc2e6b80c05fdf-01
Content-Length: 22
Content-Type: application/json; charset=utf-8
host: localhost:4444
accept: */*

Response DefaultHttpResponse(decodeResult: success, version: HTTP/1.1)
HTTP/1.1 200 OK
content-type: application/json; charset=utf-8
cache-control: no-cache
content-length: 14

20:35:22.368 [AsyncHttpClient-1-2] DEBUG org.asynchttpclient.netty.channel.ChannelManager -- Adding key: http://localhost:4444 for channel [id: 0x58d5d04d, L:/127.0.0.1:14645 - R:localhost/127.0.0.1:4444]
20:35:22.371 [Forwarding maximizeCurrentWindow on session 2292435c1303fa2969e25a0e4b3bdbf5 to remote] DEBUG org.asynchttpclient.netty.request.NettyRequestSender -- Using pooled Channel '[id: 0x58d5d04d, L:/127.0.0.1:14645 - R:localhost/127.0.0.1:4444]' for 'POST' to 'http://localhost:4444/wd/hub/session/2292435c1303fa2969e25a0e4b3bdbf5/window/maximize'
20:35:22.372 [Forwarding maximizeCurrentWindow on session 2292435c1303fa2969e25a0e4b3bdbf5 to remote] DEBUG org.asynchttpclient.netty.request.NettyRequestSender -- Using open Channel [id: 0x58d5d04d, L:/127.0.0.1:14645 - R:localhost/127.0.0.1:4444] for POST '/wd/hub/session/2292435c1303fa2969e25a0e4b3bdbf5/window/maximize'
20:35:22.423 [AsyncHttpClient-1-2] DEBUG org.asynchttpclient.netty.handler.HttpHandler -- 

Request DefaultHttpRequest(decodeResult: success, version: HTTP/1.1)
POST /wd/hub/session/2292435c1303fa2969e25a0e4b3bdbf5/window/maximize HTTP/1.1
User-Agent: selenium/4.1.3 (java windows)
traceparent: 00-11e799d2c7de3d48a326762d4a998535-edd0eecd65fce30c-01
Content-Length: 3
Content-Type: application/json; charset=utf-8
host: localhost:4444
accept: */*

Response DefaultHttpResponse(decodeResult: success, version: HTTP/1.1)
HTTP/1.1 200 OK
content-type: application/json; charset=utf-8
cache-control: no-cache
content-length: 50

20:35:22.424 [AsyncHttpClient-1-2] DEBUG org.asynchttpclient.netty.channel.ChannelManager -- Adding key: http://localhost:4444 for channel [id: 0x58d5d04d, L:/127.0.0.1:14645 - R:localhost/127.0.0.1:4444]
20:35:22.430 [Forwarding get on session 2292435c1303fa2969e25a0e4b3bdbf5 to remote] DEBUG org.asynchttpclient.netty.request.NettyRequestSender -- Using pooled Channel '[id: 0x58d5d04d, L:/127.0.0.1:14645 - R:localhost/127.0.0.1:4444]' for 'POST' to 'http://localhost:4444/wd/hub/session/2292435c1303fa2969e25a0e4b3bdbf5/url'
20:35:22.431 [Forwarding get on session 2292435c1303fa2969e25a0e4b3bdbf5 to remote] DEBUG org.asynchttpclient.netty.request.NettyRequestSender -- Using open Channel [id: 0x58d5d04d, L:/127.0.0.1:14645 - R:localhost/127.0.0.1:4444] for POST '/wd/hub/session/2292435c1303fa2969e25a0e4b3bdbf5/url'
20:35:28.899 [AsyncHttpClient-1-2] DEBUG org.asynchttpclient.netty.handler.HttpHandler -- 

Request DefaultHttpRequest(decodeResult: success, version: HTTP/1.1)
POST /wd/hub/session/2292435c1303fa2969e25a0e4b3bdbf5/url HTTP/1.1
User-Agent: selenium/4.1.3 (java windows)
traceparent: 00-211d8265663b0a0757dbb82c1c89375b-b9e9f08c859ab624-01
Content-Length: 57
Content-Type: application/json; charset=utf-8
host: localhost:4444
accept: */*

Response DefaultHttpResponse(decodeResult: success, version: HTTP/1.1)
HTTP/1.1 200 OK
content-type: application/json; charset=utf-8
cache-control: no-cache
content-length: 14

20:35:28.899 [AsyncHttpClient-1-2] DEBUG org.asynchttpclient.netty.channel.ChannelManager -- Adding key: http://localhost:4444 for channel [id: 0x58d5d04d, L:/127.0.0.1:14645 - R:localhost/127.0.0.1:4444]
20:35:28.900 [Forwarding getCurrentUrl on session 2292435c1303fa2969e25a0e4b3bdbf5 to remote] DEBUG org.asynchttpclient.netty.request.NettyRequestSender -- Using pooled Channel '[id: 0x58d5d04d, L:/127.0.0.1:14645 - R:localhost/127.0.0.1:4444]' for 'GET' to 'http://localhost:4444/wd/hub/session/2292435c1303fa2969e25a0e4b3bdbf5/url'
20:35:28.900 [Forwarding getCurrentUrl on session 2292435c1303fa2969e25a0e4b3bdbf5 to remote] DEBUG org.asynchttpclient.netty.request.NettyRequestSender -- Using open Channel [id: 0x58d5d04d, L:/127.0.0.1:14645 - R:localhost/127.0.0.1:4444] for GET '/wd/hub/session/2292435c1303fa2969e25a0e4b3bdbf5/url'
20:35:28.911 [AsyncHttpClient-1-2] DEBUG org.asynchttpclient.netty.handler.HttpHandler -- 

Request DefaultFullHttpRequest(decodeResult: success, version: HTTP/1.1, content: EmptyByteBufBE)
GET /wd/hub/session/2292435c1303fa2969e25a0e4b3bdbf5/url HTTP/1.1
User-Agent: selenium/4.1.3 (java windows)
Cache-Control: no-cache
traceparent: 00-4bf93c61ddad9368a0c6ab0933f9e018-0c99c336acbadec4-01
Content-Type: application/json; charset=utf-8
host: localhost:4444
accept: */*

Response DefaultHttpResponse(decodeResult: success, version: HTTP/1.1)
HTTP/1.1 200 OK
content-type: application/json; charset=utf-8
cache-control: no-cache
content-length: 34

20:35:28.911 [AsyncHttpClient-1-2] DEBUG org.asynchttpclient.netty.channel.ChannelManager -- Adding key: http://localhost:4444 for channel [id: 0x58d5d04d, L:/127.0.0.1:14645 - R:localhost/127.0.0.1:4444]
20:35:29.558 [AsyncHttpClient-1-1] DEBUG org.asynchttpclient.netty.channel.DefaultChannelPool -- Entry count for : http://localhost:4444 : 1
20:35:30.658 [AsyncHttpClient-1-1] DEBUG org.asynchttpclient.netty.channel.DefaultChannelPool -- Entry count for : http://localhost:4444 : 1
20:35:30.913 [Forwarding findElement on session 2292435c1303fa2969e25a0e4b3bdbf5 to remote] DEBUG org.asynchttpclient.netty.request.NettyRequestSender -- Using pooled Channel '[id: 0x58d5d04d, L:/127.0.0.1:14645 - R:localhost/127.0.0.1:4444]' for 'POST' to 'http://localhost:4444/wd/hub/session/2292435c1303fa2969e25a0e4b3bdbf5/element'
20:35:30.914 [Forwarding findElement on session 2292435c1303fa2969e25a0e4b3bdbf5 to remote] DEBUG org.asynchttpclient.netty.request.NettyRequestSender -- Using open Channel [id: 0x58d5d04d, L:/127.0.0.1:14645 - R:localhost/127.0.0.1:4444] for POST '/wd/hub/session/2292435c1303fa2969e25a0e4b3bdbf5/element'
20:35:30.934 [AsyncHttpClient-1-2] DEBUG org.asynchttpclient.netty.handler.HttpHandler -- 

Request DefaultHttpRequest(decodeResult: success, version: HTTP/1.1)
POST /wd/hub/session/2292435c1303fa2969e25a0e4b3bdbf5/element HTTP/1.1
User-Agent: selenium/4.1.3 (java windows)
traceparent: 00-79bc78a229dc060fdd4f184fcdb7074d-01dafbef552ea8f6-01
Content-Length: 76
Content-Type: application/json; charset=utf-8
host: localhost:4444
accept: */*

Response DefaultHttpResponse(decodeResult: success, version: HTTP/1.1)
HTTP/1.1 200 OK
content-type: application/json; charset=utf-8
cache-control: no-cache
content-length: 126

20:35:30.934 [AsyncHttpClient-1-2] DEBUG org.asynchttpclient.netty.channel.ChannelManager -- Adding key: http://localhost:4444 for channel [id: 0x58d5d04d, L:/127.0.0.1:14645 - R:localhost/127.0.0.1:4444]
20:35:30.937 [Forwarding isElementDisplayed on session 2292435c1303fa2969e25a0e4b3bdbf5 to remote] DEBUG org.asynchttpclient.netty.request.NettyRequestSender -- Using pooled Channel '[id: 0x58d5d04d, L:/127.0.0.1:14645 - R:localhost/127.0.0.1:4444]' for 'POST' to 'http://localhost:4444/wd/hub/session/2292435c1303fa2969e25a0e4b3bdbf5/execute/sync'
20:35:30.937 [Forwarding isElementDisplayed on session 2292435c1303fa2969e25a0e4b3bdbf5 to remote] DEBUG org.asynchttpclient.netty.request.NettyRequestSender -- Using open Channel [id: 0x58d5d04d, L:/127.0.0.1:14645 - R:localhost/127.0.0.1:4444] for POST '/wd/hub/session/2292435c1303fa2969e25a0e4b3bdbf5/execute/sync'
20:35:30.957 [AsyncHttpClient-1-2] DEBUG org.asynchttpclient.netty.handler.HttpHandler -- 

Request DefaultHttpRequest(decodeResult: success, version: HTTP/1.1)
POST /wd/hub/session/2292435c1303fa2969e25a0e4b3bdbf5/execute/sync HTTP/1.1
User-Agent: selenium/4.1.3 (java windows)
traceparent: 00-2a5e17343cd3b67a3cb08b4aa5a22db5-e86b94ddd1c7ef46-01
Content-Length: 48818
Content-Type: application/json; charset=utf-8
host: localhost:4444
accept: */*

Response DefaultHttpResponse(decodeResult: success, version: HTTP/1.1)
HTTP/1.1 200 OK
content-type: application/json; charset=utf-8
cache-control: no-cache
content-length: 14

20:35:30.957 [AsyncHttpClient-1-2] DEBUG org.asynchttpclient.netty.channel.ChannelManager -- Adding key: http://localhost:4444 for channel [id: 0x58d5d04d, L:/127.0.0.1:14645 - R:localhost/127.0.0.1:4444]
20:35:30.960 [Forwarding findElement on session 2292435c1303fa2969e25a0e4b3bdbf5 to remote] DEBUG org.asynchttpclient.netty.request.NettyRequestSender -- Using pooled Channel '[id: 0x58d5d04d, L:/127.0.0.1:14645 - R:localhost/127.0.0.1:4444]' for 'POST' to 'http://localhost:4444/wd/hub/session/2292435c1303fa2969e25a0e4b3bdbf5/element'
20:35:30.960 [Forwarding findElement on session 2292435c1303fa2969e25a0e4b3bdbf5 to remote] DEBUG org.asynchttpclient.netty.request.NettyRequestSender -- Using open Channel [id: 0x58d5d04d, L:/127.0.0.1:14645 - R:localhost/127.0.0.1:4444] for POST '/wd/hub/session/2292435c1303fa2969e25a0e4b3bdbf5/element'
20:35:30.974 [AsyncHttpClient-1-2] DEBUG org.asynchttpclient.netty.handler.HttpHandler -- 

Request DefaultHttpRequest(decodeResult: success, version: HTTP/1.1)
POST /wd/hub/session/2292435c1303fa2969e25a0e4b3bdbf5/element HTTP/1.1
User-Agent: selenium/4.1.3 (java windows)
traceparent: 00-ac88840618dd7397363b2af34d0aa620-30f5ec0d7ddf0d02-01
Content-Length: 76
Content-Type: application/json; charset=utf-8
host: localhost:4444
accept: */*

Response DefaultHttpResponse(decodeResult: success, version: HTTP/1.1)
HTTP/1.1 200 OK
content-type: application/json; charset=utf-8
cache-control: no-cache
content-length: 126

20:35:30.975 [AsyncHttpClient-1-2] DEBUG org.asynchttpclient.netty.channel.ChannelManager -- Adding key: http://localhost:4444 for channel [id: 0x58d5d04d, L:/127.0.0.1:14645 - R:localhost/127.0.0.1:4444]
20:35:30.976 [Forwarding clickElement on session 2292435c1303fa2969e25a0e4b3bdbf5 to remote] DEBUG org.asynchttpclient.netty.request.NettyRequestSender -- Using pooled Channel '[id: 0x58d5d04d, L:/127.0.0.1:14645 - R:localhost/127.0.0.1:4444]' for 'POST' to 'http://localhost:4444/wd/hub/session/2292435c1303fa2969e25a0e4b3bdbf5/element/f.5E4D067F8044B0CE4832E3204C1744AD.d.0DED69BD31091A5156B8E86463EAA408.e.76/click'
20:35:30.976 [Forwarding clickElement on session 2292435c1303fa2969e25a0e4b3bdbf5 to remote] DEBUG org.asynchttpclient.netty.request.NettyRequestSender -- Using open Channel [id: 0x58d5d04d, L:/127.0.0.1:14645 - R:localhost/127.0.0.1:4444] for POST '/wd/hub/session/2292435c1303fa2969e25a0e4b3bdbf5/element/f.5E4D067F8044B0CE4832E3204C1744AD.d.0DED69BD31091A5156B8E86463EAA408.e.76/click'
20:35:31.969 [AsyncHttpClient-1-2] DEBUG org.asynchttpclient.netty.handler.HttpHandler -- 

Request DefaultHttpRequest(decodeResult: success, version: HTTP/1.1)
POST /wd/hub/session/2292435c1303fa2969e25a0e4b3bdbf5/element/f.5E4D067F8044B0CE4832E3204C1744AD.d.0DED69BD31091A5156B8E86463EAA408.e.76/click HTTP/1.1
User-Agent: selenium/4.1.3 (java windows)
traceparent: 00-28ae68cf1e891d5720691a8271c49b97-0526d518a1daf59d-01
Content-Length: 88
Content-Type: application/json; charset=utf-8
host: localhost:4444
accept: */*

Response DefaultHttpResponse(decodeResult: success, version: HTTP/1.1)
HTTP/1.1 200 OK
content-type: application/json; charset=utf-8
cache-control: no-cache
content-length: 14

20:35:31.969 [AsyncHttpClient-1-2] DEBUG org.asynchttpclient.netty.channel.ChannelManager -- Adding key: http://localhost:4444 for channel [id: 0x58d5d04d, L:/127.0.0.1:14645 - R:localhost/127.0.0.1:4444]
]]></system-out>
    <system-err><![CDATA[Aug 29, 2024 8:35:22 PM org.openqa.selenium.remote.ProtocolHandshake createSession
INFO: Detected dialect: W3C
]]></system-err>
  </testcase>
  <testcase name="runScenario[&quot;Verify that All Ads Option show Properly&quot;, &quot;Optional[Verify Brikroy.com Website work properly]&quot;](3)" classname="TestRunner.TestRunner" time="8.032">
    <system-out><![CDATA[20:35:32.014 [Forwarding newSession on session null to remote] DEBUG org.asynchttpclient.netty.request.NettyRequestSender -- Using pooled Channel '[id: 0x58d5d04d, L:/127.0.0.1:14645 - R:localhost/127.0.0.1:4444]' for 'POST' to 'http://localhost:4444/wd/hub/session'
20:35:32.014 [Forwarding newSession on session null to remote] DEBUG org.asynchttpclient.netty.request.NettyRequestSender -- Using open Channel [id: 0x58d5d04d, L:/127.0.0.1:14645 - R:localhost/127.0.0.1:4444] for POST '/wd/hub/session'
20:35:32.935 [AsyncHttpClient-1-2] DEBUG org.asynchttpclient.netty.handler.HttpHandler -- 

Request DefaultHttpRequest(decodeResult: success, version: HTTP/1.1)
POST /wd/hub/session HTTP/1.1
User-Agent: selenium/4.1.3 (java windows)
traceparent: 00-ee20e26bb4f1e46415f86fc4fb7c9f64-f5b50eb6a993be13-01
Content-Length: 341
Content-Type: application/json; charset=utf-8
host: localhost:4444
accept: */*

Response DefaultHttpResponse(decodeResult: success, version: HTTP/1.1)
HTTP/1.1 200 OK
Cache-Control: no-cache
Content-Type: application/json; charset=utf-8
content-length: 1345

20:35:32.936 [AsyncHttpClient-1-2] DEBUG org.asynchttpclient.netty.channel.ChannelManager -- Adding key: http://localhost:4444 for channel [id: 0x58d5d04d, L:/127.0.0.1:14645 - R:localhost/127.0.0.1:4444]
20:35:32.940 [Forwarding setTimeout on session daea5b79c9f0ba83a548e7f249af2ef6 to remote] DEBUG org.asynchttpclient.netty.request.NettyRequestSender -- Using pooled Channel '[id: 0x58d5d04d, L:/127.0.0.1:14645 - R:localhost/127.0.0.1:4444]' for 'POST' to 'http://localhost:4444/wd/hub/session/daea5b79c9f0ba83a548e7f249af2ef6/timeouts'
20:35:32.940 [Forwarding setTimeout on session daea5b79c9f0ba83a548e7f249af2ef6 to remote] DEBUG org.asynchttpclient.netty.request.NettyRequestSender -- Using open Channel [id: 0x58d5d04d, L:/127.0.0.1:14645 - R:localhost/127.0.0.1:4444] for POST '/wd/hub/session/daea5b79c9f0ba83a548e7f249af2ef6/timeouts'
20:35:32.948 [AsyncHttpClient-1-2] DEBUG org.asynchttpclient.netty.handler.HttpHandler -- 

Request DefaultHttpRequest(decodeResult: success, version: HTTP/1.1)
POST /wd/hub/session/daea5b79c9f0ba83a548e7f249af2ef6/timeouts HTTP/1.1
User-Agent: selenium/4.1.3 (java windows)
traceparent: 00-24c970fc5df62e84ceb44dc8c29ae5d8-af0a287e453c2d09-01
Content-Length: 22
Content-Type: application/json; charset=utf-8
host: localhost:4444
accept: */*

Response DefaultHttpResponse(decodeResult: success, version: HTTP/1.1)
HTTP/1.1 200 OK
content-type: application/json; charset=utf-8
cache-control: no-cache
content-length: 14

20:35:32.948 [AsyncHttpClient-1-2] DEBUG org.asynchttpclient.netty.channel.ChannelManager -- Adding key: http://localhost:4444 for channel [id: 0x58d5d04d, L:/127.0.0.1:14645 - R:localhost/127.0.0.1:4444]
20:35:32.949 [Forwarding maximizeCurrentWindow on session daea5b79c9f0ba83a548e7f249af2ef6 to remote] DEBUG org.asynchttpclient.netty.request.NettyRequestSender -- Using pooled Channel '[id: 0x58d5d04d, L:/127.0.0.1:14645 - R:localhost/127.0.0.1:4444]' for 'POST' to 'http://localhost:4444/wd/hub/session/daea5b79c9f0ba83a548e7f249af2ef6/window/maximize'
20:35:32.949 [Forwarding maximizeCurrentWindow on session daea5b79c9f0ba83a548e7f249af2ef6 to remote] DEBUG org.asynchttpclient.netty.request.NettyRequestSender -- Using open Channel [id: 0x58d5d04d, L:/127.0.0.1:14645 - R:localhost/127.0.0.1:4444] for POST '/wd/hub/session/daea5b79c9f0ba83a548e7f249af2ef6/window/maximize'
20:35:32.990 [AsyncHttpClient-1-2] DEBUG org.asynchttpclient.netty.handler.HttpHandler -- 

Request DefaultHttpRequest(decodeResult: success, version: HTTP/1.1)
POST /wd/hub/session/daea5b79c9f0ba83a548e7f249af2ef6/window/maximize HTTP/1.1
User-Agent: selenium/4.1.3 (java windows)
traceparent: 00-4ef8116b05f2a1e6120c5e8d010b7688-d6a0e902f72f560a-01
Content-Length: 3
Content-Type: application/json; charset=utf-8
host: localhost:4444
accept: */*

Response DefaultHttpResponse(decodeResult: success, version: HTTP/1.1)
HTTP/1.1 200 OK
content-type: application/json; charset=utf-8
cache-control: no-cache
content-length: 50

20:35:32.990 [AsyncHttpClient-1-2] DEBUG org.asynchttpclient.netty.channel.ChannelManager -- Adding key: http://localhost:4444 for channel [id: 0x58d5d04d, L:/127.0.0.1:14645 - R:localhost/127.0.0.1:4444]
20:35:32.992 [Forwarding get on session daea5b79c9f0ba83a548e7f249af2ef6 to remote] DEBUG org.asynchttpclient.netty.request.NettyRequestSender -- Using pooled Channel '[id: 0x58d5d04d, L:/127.0.0.1:14645 - R:localhost/127.0.0.1:4444]' for 'POST' to 'http://localhost:4444/wd/hub/session/daea5b79c9f0ba83a548e7f249af2ef6/url'
20:35:32.993 [Forwarding get on session daea5b79c9f0ba83a548e7f249af2ef6 to remote] DEBUG org.asynchttpclient.netty.request.NettyRequestSender -- Using open Channel [id: 0x58d5d04d, L:/127.0.0.1:14645 - R:localhost/127.0.0.1:4444] for POST '/wd/hub/session/daea5b79c9f0ba83a548e7f249af2ef6/url'
20:35:37.848 [AsyncHttpClient-1-2] DEBUG org.asynchttpclient.netty.handler.HttpHandler -- 

Request DefaultHttpRequest(decodeResult: success, version: HTTP/1.1)
POST /wd/hub/session/daea5b79c9f0ba83a548e7f249af2ef6/url HTTP/1.1
User-Agent: selenium/4.1.3 (java windows)
traceparent: 00-1cfa6e3b80661db5bad078f85b6ca940-f49309f3fc5ac743-01
Content-Length: 57
Content-Type: application/json; charset=utf-8
host: localhost:4444
accept: */*

Response DefaultHttpResponse(decodeResult: success, version: HTTP/1.1)
HTTP/1.1 200 OK
content-type: application/json; charset=utf-8
cache-control: no-cache
content-length: 14

20:35:37.848 [AsyncHttpClient-1-2] DEBUG org.asynchttpclient.netty.channel.ChannelManager -- Adding key: http://localhost:4444 for channel [id: 0x58d5d04d, L:/127.0.0.1:14645 - R:localhost/127.0.0.1:4444]
20:35:37.849 [Forwarding getCurrentUrl on session daea5b79c9f0ba83a548e7f249af2ef6 to remote] DEBUG org.asynchttpclient.netty.request.NettyRequestSender -- Using pooled Channel '[id: 0x58d5d04d, L:/127.0.0.1:14645 - R:localhost/127.0.0.1:4444]' for 'GET' to 'http://localhost:4444/wd/hub/session/daea5b79c9f0ba83a548e7f249af2ef6/url'
20:35:37.849 [Forwarding getCurrentUrl on session daea5b79c9f0ba83a548e7f249af2ef6 to remote] DEBUG org.asynchttpclient.netty.request.NettyRequestSender -- Using open Channel [id: 0x58d5d04d, L:/127.0.0.1:14645 - R:localhost/127.0.0.1:4444] for GET '/wd/hub/session/daea5b79c9f0ba83a548e7f249af2ef6/url'
20:35:37.861 [AsyncHttpClient-1-2] DEBUG org.asynchttpclient.netty.handler.HttpHandler -- 

Request DefaultFullHttpRequest(decodeResult: success, version: HTTP/1.1, content: EmptyByteBufBE)
GET /wd/hub/session/daea5b79c9f0ba83a548e7f249af2ef6/url HTTP/1.1
User-Agent: selenium/4.1.3 (java windows)
Cache-Control: no-cache
traceparent: 00-4520a0b5b6598f65cdfe34573c81f32e-ea112e9eac998762-01
Content-Type: application/json; charset=utf-8
host: localhost:4444
accept: */*

Response DefaultHttpResponse(decodeResult: success, version: HTTP/1.1)
HTTP/1.1 200 OK
content-type: application/json; charset=utf-8
cache-control: no-cache
content-length: 34

20:35:37.861 [AsyncHttpClient-1-2] DEBUG org.asynchttpclient.netty.channel.ChannelManager -- Adding key: http://localhost:4444 for channel [id: 0x58d5d04d, L:/127.0.0.1:14645 - R:localhost/127.0.0.1:4444]
20:35:37.861 [Forwarding findElement on session daea5b79c9f0ba83a548e7f249af2ef6 to remote] DEBUG org.asynchttpclient.netty.request.NettyRequestSender -- Using pooled Channel '[id: 0x58d5d04d, L:/127.0.0.1:14645 - R:localhost/127.0.0.1:4444]' for 'POST' to 'http://localhost:4444/wd/hub/session/daea5b79c9f0ba83a548e7f249af2ef6/element'
20:35:37.861 [Forwarding findElement on session daea5b79c9f0ba83a548e7f249af2ef6 to remote] DEBUG org.asynchttpclient.netty.request.NettyRequestSender -- Using open Channel [id: 0x58d5d04d, L:/127.0.0.1:14645 - R:localhost/127.0.0.1:4444] for POST '/wd/hub/session/daea5b79c9f0ba83a548e7f249af2ef6/element'
20:35:37.878 [AsyncHttpClient-1-2] DEBUG org.asynchttpclient.netty.handler.HttpHandler -- 

Request DefaultHttpRequest(decodeResult: success, version: HTTP/1.1)
POST /wd/hub/session/daea5b79c9f0ba83a548e7f249af2ef6/element HTTP/1.1
User-Agent: selenium/4.1.3 (java windows)
traceparent: 00-c5e892895cdb4f7ffea2f45ab6c0c676-78c89167d9f00bfa-01
Content-Length: 79
Content-Type: application/json; charset=utf-8
host: localhost:4444
accept: */*

Response DefaultHttpResponse(decodeResult: success, version: HTTP/1.1)
HTTP/1.1 200 OK
content-type: application/json; charset=utf-8
cache-control: no-cache
content-length: 126

20:35:37.878 [AsyncHttpClient-1-2] DEBUG org.asynchttpclient.netty.channel.ChannelManager -- Adding key: http://localhost:4444 for channel [id: 0x58d5d04d, L:/127.0.0.1:14645 - R:localhost/127.0.0.1:4444]
20:35:37.878 [Forwarding isElementDisplayed on session daea5b79c9f0ba83a548e7f249af2ef6 to remote] DEBUG org.asynchttpclient.netty.request.NettyRequestSender -- Using pooled Channel '[id: 0x58d5d04d, L:/127.0.0.1:14645 - R:localhost/127.0.0.1:4444]' for 'POST' to 'http://localhost:4444/wd/hub/session/daea5b79c9f0ba83a548e7f249af2ef6/execute/sync'
20:35:37.878 [Forwarding isElementDisplayed on session daea5b79c9f0ba83a548e7f249af2ef6 to remote] DEBUG org.asynchttpclient.netty.request.NettyRequestSender -- Using open Channel [id: 0x58d5d04d, L:/127.0.0.1:14645 - R:localhost/127.0.0.1:4444] for POST '/wd/hub/session/daea5b79c9f0ba83a548e7f249af2ef6/execute/sync'
20:35:37.907 [AsyncHttpClient-1-2] DEBUG org.asynchttpclient.netty.handler.HttpHandler -- 

Request DefaultHttpRequest(decodeResult: success, version: HTTP/1.1)
POST /wd/hub/session/daea5b79c9f0ba83a548e7f249af2ef6/execute/sync HTTP/1.1
User-Agent: selenium/4.1.3 (java windows)
traceparent: 00-54f903b0367e62d98a5b0e971489da83-44d8d437803821b0-01
Content-Length: 48818
Content-Type: application/json; charset=utf-8
host: localhost:4444
accept: */*

Response DefaultHttpResponse(decodeResult: success, version: HTTP/1.1)
HTTP/1.1 200 OK
content-type: application/json; charset=utf-8
cache-control: no-cache
content-length: 14

20:35:37.907 [AsyncHttpClient-1-2] DEBUG org.asynchttpclient.netty.channel.ChannelManager -- Adding key: http://localhost:4444 for channel [id: 0x58d5d04d, L:/127.0.0.1:14645 - R:localhost/127.0.0.1:4444]
20:35:38.360 [AsyncHttpClient-1-1] DEBUG org.asynchttpclient.netty.channel.DefaultChannelPool -- Entry count for : http://localhost:4444 : 1
20:35:39.459 [AsyncHttpClient-1-1] DEBUG org.asynchttpclient.netty.channel.DefaultChannelPool -- Entry count for : http://localhost:4444 : 1
20:35:39.910 [Forwarding findElement on session daea5b79c9f0ba83a548e7f249af2ef6 to remote] DEBUG org.asynchttpclient.netty.request.NettyRequestSender -- Using pooled Channel '[id: 0x58d5d04d, L:/127.0.0.1:14645 - R:localhost/127.0.0.1:4444]' for 'POST' to 'http://localhost:4444/wd/hub/session/daea5b79c9f0ba83a548e7f249af2ef6/element'
20:35:39.911 [Forwarding findElement on session daea5b79c9f0ba83a548e7f249af2ef6 to remote] DEBUG org.asynchttpclient.netty.request.NettyRequestSender -- Using open Channel [id: 0x58d5d04d, L:/127.0.0.1:14645 - R:localhost/127.0.0.1:4444] for POST '/wd/hub/session/daea5b79c9f0ba83a548e7f249af2ef6/element'
20:35:39.925 [AsyncHttpClient-1-2] DEBUG org.asynchttpclient.netty.handler.HttpHandler -- 

Request DefaultHttpRequest(decodeResult: success, version: HTTP/1.1)
POST /wd/hub/session/daea5b79c9f0ba83a548e7f249af2ef6/element HTTP/1.1
User-Agent: selenium/4.1.3 (java windows)
traceparent: 00-ae3ea8de186eaf149dffcb9a8e961fa8-b14a7fd0e9c6ad5f-01
Content-Length: 79
Content-Type: application/json; charset=utf-8
host: localhost:4444
accept: */*

Response DefaultHttpResponse(decodeResult: success, version: HTTP/1.1)
HTTP/1.1 200 OK
content-type: application/json; charset=utf-8
cache-control: no-cache
content-length: 126

20:35:39.925 [AsyncHttpClient-1-2] DEBUG org.asynchttpclient.netty.channel.ChannelManager -- Adding key: http://localhost:4444 for channel [id: 0x58d5d04d, L:/127.0.0.1:14645 - R:localhost/127.0.0.1:4444]
[...]
cache-control: no-cache
content-length: 50

20:37:47.234 [AsyncHttpClient-1-2] DEBUG org.asynchttpclient.netty.channel.ChannelManager -- Adding key: http://localhost:4444 for channel [id: 0x58d5d04d, L:/127.0.0.1:14645 - R:localhost/127.0.0.1:4444]
20:37:47.235 [Forwarding get on session ad1692009b86d4897400ced26d68ce0c to remote] DEBUG org.asynchttpclient.netty.request.NettyRequestSender -- Using pooled Channel '[id: 0x58d5d04d, L:/127.0.0.1:14645 - R:localhost/127.0.0.1:4444]' for 'POST' to 'http://localhost:4444/wd/hub/session/ad1692009b86d4897400ced26d68ce0c/url'
20:37:47.235 [Forwarding get on session ad1692009b86d4897400ced26d68ce0c to remote] DEBUG org.asynchttpclient.netty.request.NettyRequestSender -- Using open Channel [id: 0x58d5d04d, L:/127.0.0.1:14645 - R:localhost/127.0.0.1:4444] for POST '/wd/hub/session/ad1692009b86d4897400ced26d68ce0c/url'
20:37:52.278 [AsyncHttpClient-1-2] DEBUG org.asynchttpclient.netty.handler.HttpHandler -- 

Request DefaultHttpRequest(decodeResult: success, version: HTTP/1.1)
POST /wd/hub/session/ad1692009b86d4897400ced26d68ce0c/url HTTP/1.1
User-Agent: selenium/4.1.3 (java windows)
traceparent: 00-39eb0140f00fcab50e61fe41b180535d-fe7874373eee4142-01
Content-Length: 57
Content-Type: application/json; charset=utf-8
host: localhost:4444
accept: */*

Response DefaultHttpResponse(decodeResult: success, version: HTTP/1.1)
HTTP/1.1 200 OK
content-type: application/json; charset=utf-8
cache-control: no-cache
content-length: 14

20:37:52.278 [AsyncHttpClient-1-2] DEBUG org.asynchttpclient.netty.channel.ChannelManager -- Adding key: http://localhost:4444 for channel [id: 0x58d5d04d, L:/127.0.0.1:14645 - R:localhost/127.0.0.1:4444]
20:37:52.279 [Forwarding getCurrentUrl on session ad1692009b86d4897400ced26d68ce0c to remote] DEBUG org.asynchttpclient.netty.request.NettyRequestSender -- Using pooled Channel '[id: 0x58d5d04d, L:/127.0.0.1:14645 - R:localhost/127.0.0.1:4444]' for 'GET' to 'http://localhost:4444/wd/hub/session/ad1692009b86d4897400ced26d68ce0c/url'
20:37:52.279 [Forwarding getCurrentUrl on session ad1692009b86d4897400ced26d68ce0c to remote] DEBUG org.asynchttpclient.netty.request.NettyRequestSender -- Using open Channel [id: 0x58d5d04d, L:/127.0.0.1:14645 - R:localhost/127.0.0.1:4444] for GET '/wd/hub/session/ad1692009b86d4897400ced26d68ce0c/url'
20:37:52.289 [AsyncHttpClient-1-2] DEBUG org.asynchttpclient.netty.handler.HttpHandler -- 

Request DefaultFullHttpRequest(decodeResult: success, version: HTTP/1.1, content: EmptyByteBufBE)
GET /wd/hub/session/ad1692009b86d4897400ced26d68ce0c/url HTTP/1.1
User-Agent: selenium/4.1.3 (java windows)
Cache-Control: no-cache
traceparent: 00-2bd2db53b3bf3cafdffa25835d20dc17-491189c881e28200-01
Content-Type: application/json; charset=utf-8
host: localhost:4444
accept: */*

Response DefaultHttpResponse(decodeResult: success, version: HTTP/1.1)
HTTP/1.1 200 OK
content-type: application/json; charset=utf-8
cache-control: no-cache
content-length: 34

20:37:52.289 [AsyncHttpClient-1-2] DEBUG org.asynchttpclient.netty.channel.ChannelManager -- Adding key: http://localhost:4444 for channel [id: 0x58d5d04d, L:/127.0.0.1:14645 - R:localhost/127.0.0.1:4444]
20:37:52.559 [AsyncHttpClient-1-1] DEBUG org.asynchttpclient.netty.channel.DefaultChannelPool -- Entry count for : http://localhost:4444 : 1
20:37:53.666 [AsyncHttpClient-1-1] DEBUG org.asynchttpclient.netty.channel.DefaultChannelPool -- Entry count for : http://localhost:4444 : 1
20:37:54.763 [AsyncHttpClient-1-1] DEBUG org.asynchttpclient.netty.channel.DefaultChannelPool -- Entry count for : http://localhost:4444 : 1
20:37:55.867 [AsyncHttpClient-1-1] DEBUG org.asynchttpclient.netty.channel.DefaultChannelPool -- Entry count for : http://localhost:4444 : 1
20:37:56.963 [AsyncHttpClient-1-1] DEBUG org.asynchttpclient.netty.channel.DefaultChannelPool -- Entry count for : http://localhost:4444 : 1
20:37:58.061 [AsyncHttpClient-1-1] DEBUG org.asynchttpclient.netty.channel.DefaultChannelPool -- Entry count for : http://localhost:4444 : 1
20:37:59.157 [AsyncHttpClient-1-1] DEBUG org.asynchttpclient.netty.channel.DefaultChannelPool -- Entry count for : http://localhost:4444 : 1
20:38:00.260 [AsyncHttpClient-1-1] DEBUG org.asynchttpclient.netty.channel.DefaultChannelPool -- Entry count for : http://localhost:4444 : 1
20:38:01.358 [AsyncHttpClient-1-1] DEBUG org.asynchttpclient.netty.channel.DefaultChannelPool -- Entry count for : http://localhost:4444 : 1
20:38:02.303 [Forwarding findElement on session ad1692009b86d4897400ced26d68ce0c to remote] DEBUG org.asynchttpclient.netty.request.NettyRequestSender -- Using pooled Channel '[id: 0x58d5d04d, L:/127.0.0.1:14645 - R:localhost/127.0.0.1:4444]' for 'POST' to 'http://localhost:4444/wd/hub/session/ad1692009b86d4897400ced26d68ce0c/element'
20:38:02.303 [Forwarding findElement on session ad1692009b86d4897400ced26d68ce0c to remote] DEBUG org.asynchttpclient.netty.request.NettyRequestSender -- Using open Channel [id: 0x58d5d04d, L:/127.0.0.1:14645 - R:localhost/127.0.0.1:4444] for POST '/wd/hub/session/ad1692009b86d4897400ced26d68ce0c/element'
20:38:07.316 [AsyncHttpClient-1-2] DEBUG org.asynchttpclient.netty.handler.HttpHandler -- 

Request DefaultHttpRequest(decodeResult: success, version: HTTP/1.1)
POST /wd/hub/session/ad1692009b86d4897400ced26d68ce0c/element HTTP/1.1
User-Agent: selenium/4.1.3 (java windows)
traceparent: 00-f014995ded075408c3a00faafe5dc071-a9a8bbe703c361e2-01
Content-Length: 79
Content-Type: application/json; charset=utf-8
host: localhost:4444
accept: */*

Response DefaultHttpResponse(decodeResult: success, version: HTTP/1.1)
HTTP/1.1 404 Not Found
content-type: application/json; charset=utf-8
cache-control: no-cache
content-length: 1065

20:38:07.316 [AsyncHttpClient-1-2] DEBUG org.asynchttpclient.netty.channel.ChannelManager -- Adding key: http://localhost:4444 for channel [id: 0x58d5d04d, L:/127.0.0.1:14645 - R:localhost/127.0.0.1:4444]
]]></system-out>
    <system-err><![CDATA[Aug 29, 2024 8:37:47 PM org.openqa.selenium.remote.ProtocolHandshake createSession
INFO: Detected dialect: W3C
]]></system-err>
  </testcase>
  <testcase name="runScenario[&quot;Verify logo work properly&quot;, &quot;Optional[Verify Google works properly]&quot;](15)" classname="TestRunner.TestRunner" time="10.9">
    <system-out><![CDATA[20:38:07.336 [Forwarding newSession on session null to remote] DEBUG org.asynchttpclient.netty.request.NettyRequestSender -- Using pooled Channel '[id: 0x58d5d04d, L:/127.0.0.1:14645 - R:localhost/127.0.0.1:4444]' for 'POST' to 'http://localhost:4444/wd/hub/session'
20:38:07.336 [Forwarding newSession on session null to remote] DEBUG org.asynchttpclient.netty.request.NettyRequestSender -- Using open Channel [id: 0x58d5d04d, L:/127.0.0.1:14645 - R:localhost/127.0.0.1:4444] for POST '/wd/hub/session'
20:38:08.194 [AsyncHttpClient-1-2] DEBUG org.asynchttpclient.netty.handler.HttpHandler -- 

Request DefaultHttpRequest(decodeResult: success, version: HTTP/1.1)
POST /wd/hub/session HTTP/1.1
User-Agent: selenium/4.1.3 (java windows)
traceparent: 00-8f15ff12e004783903cdbe438b2a1e85-97c71a5a61bd57f1-01
Content-Length: 341
Content-Type: application/json; charset=utf-8
host: localhost:4444
accept: */*

Response DefaultHttpResponse(decodeResult: success, version: HTTP/1.1)
HTTP/1.1 200 OK
Cache-Control: no-cache
Content-Type: application/json; charset=utf-8
content-length: 1345

20:38:08.195 [AsyncHttpClient-1-2] DEBUG org.asynchttpclient.netty.channel.ChannelManager -- Adding key: http://localhost:4444 for channel [id: 0x58d5d04d, L:/127.0.0.1:14645 - R:localhost/127.0.0.1:4444]
20:38:08.198 [Forwarding setTimeout on session 550d587736a8fb3fa8d883079a328f7d to remote] DEBUG org.asynchttpclient.netty.request.NettyRequestSender -- Using pooled Channel '[id: 0x58d5d04d, L:/127.0.0.1:14645 - R:localhost/127.0.0.1:4444]' for 'POST' to 'http://localhost:4444/wd/hub/session/550d587736a8fb3fa8d883079a328f7d/timeouts'
20:38:08.198 [Forwarding setTimeout on session 550d587736a8fb3fa8d883079a328f7d to remote] DEBUG org.asynchttpclient.netty.request.NettyRequestSender -- Using open Channel [id: 0x58d5d04d, L:/127.0.0.1:14645 - R:localhost/127.0.0.1:4444] for POST '/wd/hub/session/550d587736a8fb3fa8d883079a328f7d/timeouts'
20:38:08.203 [AsyncHttpClient-1-2] DEBUG org.asynchttpclient.netty.handler.HttpHandler -- 

Request DefaultHttpRequest(decodeResult: success, version: HTTP/1.1)
POST /wd/hub/session/550d587736a8fb3fa8d883079a328f7d/timeouts HTTP/1.1
User-Agent: selenium/4.1.3 (java windows)
traceparent: 00-ceab800f2d04125e290d3b43beab9669-e0a3802f132ceee5-01
Content-Length: 22
Content-Type: application/json; charset=utf-8
host: localhost:4444
accept: */*

Response DefaultHttpResponse(decodeResult: success, version: HTTP/1.1)
HTTP/1.1 200 OK
content-type: application/json; charset=utf-8
cache-control: no-cache
content-length: 14

20:38:08.204 [AsyncHttpClient-1-2] DEBUG org.asynchttpclient.netty.channel.ChannelManager -- Adding key: http://localhost:4444 for channel [id: 0x58d5d04d, L:/127.0.0.1:14645 - R:localhost/127.0.0.1:4444]
20:38:08.205 [Forwarding maximizeCurrentWindow on session 550d587736a8fb3fa8d883079a328f7d to remote] DEBUG org.asynchttpclient.netty.request.NettyRequestSender -- Using pooled Channel '[id: 0x58d5d04d, L:/127.0.0.1:14645 - R:localhost/127.0.0.1:4444]' for 'POST' to 'http://localhost:4444/wd/hub/session/550d587736a8fb3fa8d883079a328f7d/window/maximize'
20:38:08.205 [Forwarding maximizeCurrentWindow on session 550d587736a8fb3fa8d883079a328f7d to remote] DEBUG org.asynchttpclient.netty.request.NettyRequestSender -- Using open Channel [id: 0x58d5d04d, L:/127.0.0.1:14645 - R:localhost/127.0.0.1:4444] for POST '/wd/hub/session/550d587736a8fb3fa8d883079a328f7d/window/maximize'
20:38:08.233 [AsyncHttpClient-1-2] DEBUG org.asynchttpclient.netty.handler.HttpHandler -- 

Request DefaultHttpRequest(decodeResult: success, version: HTTP/1.1)
POST /wd/hub/session/550d587736a8fb3fa8d883079a328f7d/window/maximize HTTP/1.1
User-Agent: selenium/4.1.3 (java windows)
traceparent: 00-507a1bcbe274226efda67ca5620e17e3-b4abc67d1828c471-01
Content-Length: 3
Content-Type: application/json; charset=utf-8
host: localhost:4444
accept: */*

Response DefaultHttpResponse(decodeResult: success, version: HTTP/1.1)
HTTP/1.1 200 OK
content-type: application/json; charset=utf-8
cache-control: no-cache
content-length: 50

20:38:08.233 [AsyncHttpClient-1-2] DEBUG org.asynchttpclient.netty.channel.ChannelManager -- Adding key: http://localhost:4444 for channel [id: 0x58d5d04d, L:/127.0.0.1:14645 - R:localhost/127.0.0.1:4444]
20:38:08.236 [Forwarding get on session 550d587736a8fb3fa8d883079a328f7d to remote] DEBUG org.asynchttpclient.netty.request.NettyRequestSender -- Using pooled Channel '[id: 0x58d5d04d, L:/127.0.0.1:14645 - R:localhost/127.0.0.1:4444]' for 'POST' to 'http://localhost:4444/wd/hub/session/550d587736a8fb3fa8d883079a328f7d/url'
20:38:08.236 [Forwarding get on session 550d587736a8fb3fa8d883079a328f7d to remote] DEBUG org.asynchttpclient.netty.request.NettyRequestSender -- Using open Channel [id: 0x58d5d04d, L:/127.0.0.1:14645 - R:localhost/127.0.0.1:4444] for POST '/wd/hub/session/550d587736a8fb3fa8d883079a328f7d/url'
20:38:12.412 [AsyncHttpClient-1-2] DEBUG org.asynchttpclient.netty.handler.HttpHandler -- 

Request DefaultHttpRequest(decodeResult: success, version: HTTP/1.1)
POST /wd/hub/session/550d587736a8fb3fa8d883079a328f7d/url HTTP/1.1
User-Agent: selenium/4.1.3 (java windows)
traceparent: 00-6b7a8719c27508fe9bd4c85246b43b39-8d2f2d3c87b81393-01
Content-Length: 57
Content-Type: application/json; charset=utf-8
host: localhost:4444
accept: */*

Response DefaultHttpResponse(decodeResult: success, version: HTTP/1.1)
HTTP/1.1 200 OK
content-type: application/json; charset=utf-8
cache-control: no-cache
content-length: 14

20:38:12.412 [AsyncHttpClient-1-2] DEBUG org.asynchttpclient.netty.channel.ChannelManager -- Adding key: http://localhost:4444 for channel [id: 0x58d5d04d, L:/127.0.0.1:14645 - R:localhost/127.0.0.1:4444]
20:38:12.413 [Forwarding getCurrentUrl on session 550d587736a8fb3fa8d883079a328f7d to remote] DEBUG org.asynchttpclient.netty.request.NettyRequestSender -- Using pooled Channel '[id: 0x58d5d04d, L:/127.0.0.1:14645 - R:localhost/127.0.0.1:4444]' for 'GET' to 'http://localhost:4444/wd/hub/session/550d587736a8fb3fa8d883079a328f7d/url'
20:38:12.413 [Forwarding getCurrentUrl on session 550d587736a8fb3fa8d883079a328f7d to remote] DEBUG org.asynchttpclient.netty.request.NettyRequestSender -- Using open Channel [id: 0x58d5d04d, L:/127.0.0.1:14645 - R:localhost/127.0.0.1:4444] for GET '/wd/hub/session/550d587736a8fb3fa8d883079a328f7d/url'
20:38:12.425 [AsyncHttpClient-1-2] DEBUG org.asynchttpclient.netty.handler.HttpHandler -- 

Request DefaultFullHttpRequest(decodeResult: success, version: HTTP/1.1, content: EmptyByteBufBE)
GET /wd/hub/session/550d587736a8fb3fa8d883079a328f7d/url HTTP/1.1
User-Agent: selenium/4.1.3 (java windows)
Cache-Control: no-cache
traceparent: 00-4ab60db2d22517749d56490612c1dfba-543af693589981e8-01
Content-Type: application/json; charset=utf-8
host: localhost:4444
accept: */*

Response DefaultHttpResponse(decodeResult: success, version: HTTP/1.1)
HTTP/1.1 200 OK
content-type: application/json; charset=utf-8
cache-control: no-cache
content-length: 34

20:38:12.425 [AsyncHttpClient-1-2] DEBUG org.asynchttpclient.netty.channel.ChannelManager -- Adding key: http://localhost:4444 for channel [id: 0x58d5d04d, L:/127.0.0.1:14645 - R:localhost/127.0.0.1:4444]
20:38:13.467 [AsyncHttpClient-1-1] DEBUG org.asynchttpclient.netty.channel.DefaultChannelPool -- Entry count for : http://localhost:4444 : 1
20:38:14.441 [Forwarding findElement on session 550d587736a8fb3fa8d883079a328f7d to remote] DEBUG org.asynchttpclient.netty.request.NettyRequestSender -- Using pooled Channel '[id: 0x58d5d04d, L:/127.0.0.1:14645 - R:localhost/127.0.0.1:4444]' for 'POST' to 'http://localhost:4444/wd/hub/session/550d587736a8fb3fa8d883079a328f7d/element'
20:38:14.441 [Forwarding findElement on session 550d587736a8fb3fa8d883079a328f7d to remote] DEBUG org.asynchttpclient.netty.request.NettyRequestSender -- Using open Channel [id: 0x58d5d04d, L:/127.0.0.1:14645 - R:localhost/127.0.0.1:4444] for POST '/wd/hub/session/550d587736a8fb3fa8d883079a328f7d/element'
20:38:14.458 [AsyncHttpClient-1-2] DEBUG org.asynchttpclient.netty.handler.HttpHandler -- 

Request DefaultHttpRequest(decodeResult: success, version: HTTP/1.1)
POST /wd/hub/session/550d587736a8fb3fa8d883079a328f7d/element HTTP/1.1
User-Agent: selenium/4.1.3 (java windows)
traceparent: 00-f81a1f5eac620fef27c999dd231887d0-a48e7fd45bddafd4-01
Content-Length: 76
Content-Type: application/json; charset=utf-8
host: localhost:4444
accept: */*

Response DefaultHttpResponse(decodeResult: success, version: HTTP/1.1)
HTTP/1.1 200 OK
content-type: application/json; charset=utf-8
cache-control: no-cache
content-length: 126

20:38:14.458 [AsyncHttpClient-1-2] DEBUG org.asynchttpclient.netty.channel.ChannelManager -- Adding key: http://localhost:4444 for channel [id: 0x58d5d04d, L:/127.0.0.1:14645 - R:localhost/127.0.0.1:4444]
20:38:14.458 [Forwarding isElementDisplayed on session 550d587736a8fb3fa8d883079a328f7d to remote] DEBUG org.asynchttpclient.netty.request.NettyRequestSender -- Using pooled Channel '[id: 0x58d5d04d, L:/127.0.0.1:14645 - R:localhost/127.0.0.1:4444]' for 'POST' to 'http://localhost:4444/wd/hub/session/550d587736a8fb3fa8d883079a328f7d/execute/sync'
20:38:14.458 [Forwarding isElementDisplayed on session 550d587736a8fb3fa8d883079a328f7d to remote] DEBUG org.asynchttpclient.netty.request.NettyRequestSender -- Using open Channel [id: 0x58d5d04d, L:/127.0.0.1:14645 - R:localhost/127.0.0.1:4444] for POST '/wd/hub/session/550d587736a8fb3fa8d883079a328f7d/execute/sync'
20:38:14.475 [AsyncHttpClient-1-2] DEBUG org.asynchttpclient.netty.handler.HttpHandler -- 

Request DefaultHttpRequest(decodeResult: success, version: HTTP/1.1)
POST /wd/hub/session/550d587736a8fb3fa8d883079a328f7d/execute/sync HTTP/1.1
User-Agent: selenium/4.1.3 (java windows)
traceparent: 00-9573b54c6bcd18367389744e78ee4c05-73662de0a78cb1ca-01
Content-Length: 48818
Content-Type: application/json; charset=utf-8
host: localhost:4444
accept: */*

Response DefaultHttpResponse(decodeResult: success, version: HTTP/1.1)
HTTP/1.1 200 OK
content-type: application/json; charset=utf-8
cache-control: no-cache
content-length: 14

20:38:14.475 [AsyncHttpClient-1-2] DEBUG org.asynchttpclient.netty.channel.ChannelManager -- Adding key: http://localhost:4444 for channel [id: 0x58d5d04d, L:/127.0.0.1:14645 - R:localhost/127.0.0.1:4444]
20:38:14.475 [Forwarding findElement on session 550d587736a8fb3fa8d883079a328f7d to remote] DEBUG org.asynchttpclient.netty.request.NettyRequestSender -- Using pooled Channel '[id: 0x58d5d04d, L:/127.0.0.1:14645 - R:localhost/127.0.0.1:4444]' for 'POST' to 'http://localhost:4444/wd/hub/session/550d587736a8fb3fa8d883079a328f7d/element'
20:38:14.475 [Forwarding findElement on session 550d587736a8fb3fa8d883079a328f7d to remote] DEBUG org.asynchttpclient.netty.request.NettyRequestSender -- Using open Channel [id: 0x58d5d04d, L:/127.0.0.1:14645 - R:localhost/127.0.0.1:4444] for POST '/wd/hub/session/550d587736a8fb3fa8d883079a328f7d/element'
20:38:14.491 [AsyncHttpClient-1-2] DEBUG org.asynchttpclient.netty.handler.HttpHandler -- 

Request DefaultHttpRequest(decodeResult: success, version: HTTP/1.1)
POST /wd/hub/session/550d587736a8fb3fa8d883079a328f7d/element HTTP/1.1
User-Agent: selenium/4.1.3 (java windows)
traceparent: 00-e0a6a1d53e8ca53bb9c2fd8c07f6f7d9-c86c6ae522744474-01
Content-Length: 76
Content-Type: application/json; charset=utf-8
host: localhost:4444
accept: */*

Response DefaultHttpResponse(decodeResult: success, version: HTTP/1.1)
HTTP/1.1 200 OK
content-type: application/json; charset=utf-8
cache-control: no-cache
content-length: 126

20:38:14.491 [AsyncHttpClient-1-2] DEBUG org.asynchttpclient.netty.channel.ChannelManager -- Adding key: http://localhost:4444 for channel [id: 0x58d5d04d, L:/127.0.0.1:14645 - R:localhost/127.0.0.1:4444]
20:38:14.491 [Forwarding clickElement on session 550d587736a8fb3fa8d883079a328f7d to remote] DEBUG org.asynchttpclient.netty.request.NettyRequestSender -- Using pooled Channel '[id: 0x58d5d04d, L:/127.0.0.1:14645 - R:localhost/127.0.0.1:4444]' for 'POST' to 'http://localhost:4444/wd/hub/session/550d587736a8fb3fa8d883079a328f7d/element/f.D14B3C6EE899F0242DB65CC9D951CFA6.d.A1DA7C2B68B5F91AA14727C09D3963A0.e.79/click'
20:38:14.491 [Forwarding clickElement on session 550d587736a8fb3fa8d883079a328f7d to remote] DEBUG org.asynchttpclient.netty.request.NettyRequestSender -- Using open Channel [id: 0x58d5d04d, L:/127.0.0.1:14645 - R:localhost/127.0.0.1:4444] for POST '/wd/hub/session/550d587736a8fb3fa8d883079a328f7d/element/f.D14B3C6EE899F0242DB65CC9D951CFA6.d.A1DA7C2B68B5F91AA14727C09D3963A0.e.79/click'
20:38:18.213 [AsyncHttpClient-1-2] DEBUG org.asynchttpclient.netty.handler.HttpHandler -- 

Request DefaultHttpRequest(decodeResult: success, version: HTTP/1.1)
POST /wd/hub/session/550d587736a8fb3fa8d883079a328f7d/element/f.D14B3C6EE899F0242DB65CC9D951CFA6.d.A1DA7C2B68B5F91AA14727C09D3963A0.e.79/click HTTP/1.1
User-Agent: selenium/4.1.3 (java windows)
traceparent: 00-a6b20f0a1fd35115680dcc012b98ebc4-bae1f89d2ceeef45-01
Content-Length: 88
Content-Type: application/json; charset=utf-8
host: localhost:4444
accept: */*

Response DefaultHttpResponse(decodeResult: success, version: HTTP/1.1)
HTTP/1.1 200 OK
content-type: application/json; charset=utf-8
cache-control: no-cache
content-length: 14

20:38:18.213 [AsyncHttpClient-1-2] DEBUG org.asynchttpclient.netty.channel.ChannelManager -- Adding key: http://localhost:4444 for channel [id: 0x58d5d04d, L:/127.0.0.1:14645 - R:localhost/127.0.0.1:4444]
]]></system-out>
    <system-err><![CDATA[Aug 29, 2024 8:38:08 PM org.openqa.selenium.remote.ProtocolHandshake createSession
INFO: Detected dialect: W3C
]]></system-err>
  </testcase>
</testsuite>